<?xml version="1.0" encoding="UTF-8"?>
<coverage generated="1594293565826" clover="3.2.0">
  <project timestamp="1594293565826" name="All files">
    <metrics statements="169" coveredstatements="84" conditionals="52" coveredconditionals="19" methods="25" coveredmethods="5" elements="246" coveredelements="108" complexity="0" loc="169" ncloc="169" packages="4" files="10" classes="10"/>
    <package name="backend">
      <metrics statements="20" coveredstatements="12" conditionals="8" coveredconditionals="1" methods="4" coveredmethods="1"/>
      <file name="index.js" path="C:\Users\ilkka\OneDrive\Tiedostot\cs\fullstack_web_1\share-expenses\backend\index.js">
        <metrics statements="20" coveredstatements="12" conditionals="8" coveredconditionals="1" methods="4" coveredmethods="1"/>
        <line num="1" count="2" type="stmt"/>
        <line num="2" count="2" type="stmt"/>
        <line num="4" count="2" type="stmt"/>
        <line num="5" count="2" type="stmt"/>
        <line num="6" count="2" type="stmt"/>
        <line num="8" count="2" type="stmt"/>
        <line num="9" count="2" type="stmt"/>
        <line num="11" count="2" type="stmt"/>
        <line num="13" count="2" type="stmt"/>
        <line num="16" count="0" type="stmt"/>
        <line num="19" count="2" type="stmt"/>
        <line num="22" count="0" type="cond" truecount="0" falsecount="2"/>
        <line num="23" count="0" type="cond" truecount="0" falsecount="4"/>
        <line num="24" count="0" type="stmt"/>
        <line num="27" count="0" type="stmt"/>
        <line num="28" count="0" type="stmt"/>
        <line num="33" count="2" type="cond" truecount="1" falsecount="1"/>
        <line num="34" count="0" type="stmt"/>
        <line num="35" count="0" type="stmt"/>
        <line num="40" count="2" type="stmt"/>
      </file>
    </package>
    <package name="backend.models">
      <metrics statements="16" coveredstatements="12" conditionals="0" coveredconditionals="0" methods="2" coveredmethods="0"/>
      <file name="group.js" path="C:\Users\ilkka\OneDrive\Tiedostot\cs\fullstack_web_1\share-expenses\backend\models\group.js">
        <metrics statements="3" coveredstatements="3" conditionals="0" coveredconditionals="0" methods="0" coveredmethods="0"/>
        <line num="1" count="2" type="stmt"/>
        <line num="3" count="2" type="stmt"/>
        <line num="23" count="2" type="stmt"/>
      </file>
      <file name="person.js" path="C:\Users\ilkka\OneDrive\Tiedostot\cs\fullstack_web_1\share-expenses\backend\models\person.js">
        <metrics statements="3" coveredstatements="3" conditionals="0" coveredconditionals="0" methods="0" coveredmethods="0"/>
        <line num="1" count="2" type="stmt"/>
        <line num="3" count="2" type="stmt"/>
        <line num="14" count="2" type="stmt"/>
      </file>
      <file name="user.js" path="C:\Users\ilkka\OneDrive\Tiedostot\cs\fullstack_web_1\share-expenses\backend\models\user.js">
        <metrics statements="10" coveredstatements="6" conditionals="0" coveredconditionals="0" methods="2" coveredmethods="0"/>
        <line num="1" count="2" type="stmt"/>
        <line num="2" count="2" type="stmt"/>
        <line num="4" count="2" type="stmt"/>
        <line num="28" count="2" type="stmt"/>
        <line num="30" count="2" type="stmt"/>
        <line num="31" count="0" type="stmt"/>
        <line num="33" count="0" type="stmt"/>
        <line num="34" count="0" type="stmt"/>
        <line num="35" count="0" type="stmt"/>
        <line num="38" count="2" type="stmt"/>
      </file>
    </package>
    <package name="backend.schemas">
      <metrics statements="115" coveredstatements="45" conditionals="36" coveredconditionals="14" methods="17" coveredmethods="2"/>
      <file name="group.js" path="C:\Users\ilkka\OneDrive\Tiedostot\cs\fullstack_web_1\share-expenses\backend\schemas\group.js">
        <metrics statements="30" coveredstatements="5" conditionals="6" coveredconditionals="0" methods="6" coveredmethods="0"/>
        <line num="1" count="2" type="stmt"/>
        <line num="2" count="2" type="stmt"/>
        <line num="4" count="2" type="stmt"/>
        <line num="14" count="2" type="stmt"/>
        <line num="20" count="0" type="cond" truecount="0" falsecount="2"/>
        <line num="21" count="0" type="stmt"/>
        <line num="36" count="0" type="stmt"/>
        <line num="38" count="0" type="stmt"/>
        <line num="45" count="0" type="stmt"/>
        <line num="46" count="0" type="stmt"/>
        <line num="48" count="0" type="stmt"/>
        <line num="54" count="0" type="stmt"/>
        <line num="66" count="0" type="stmt"/>
        <line num="67" count="0" type="stmt"/>
        <line num="70" count="0" type="stmt"/>
        <line num="71" count="0" type="stmt"/>
        <line num="76" count="0" type="stmt"/>
        <line num="78" count="0" type="stmt"/>
        <line num="86" count="0" type="stmt"/>
        <line num="87" count="0" type="stmt"/>
        <line num="93" count="0" type="stmt"/>
        <line num="102" count="0" type="stmt"/>
        <line num="103" count="0" type="stmt"/>
        <line num="112" count="0" type="stmt"/>
        <line num="114" count="0" type="stmt"/>
        <line num="123" count="0" type="stmt"/>
        <line num="124" count="0" type="stmt"/>
        <line num="133" count="0" type="stmt"/>
        <line num="135" count="0" type="stmt"/>
        <line num="143" count="2" type="stmt"/>
      </file>
      <file name="person.js" path="C:\Users\ilkka\OneDrive\Tiedostot\cs\fullstack_web_1\share-expenses\backend\schemas\person.js">
        <metrics statements="29" coveredstatements="6" conditionals="6" coveredconditionals="0" methods="4" coveredmethods="0"/>
        <line num="1" count="2" type="stmt"/>
        <line num="2" count="2" type="stmt"/>
        <line num="3" count="2" type="stmt"/>
        <line num="5" count="2" type="stmt"/>
        <line num="13" count="2" type="stmt"/>
        <line num="20" count="0" type="cond" truecount="0" falsecount="2"/>
        <line num="21" count="0" type="stmt"/>
        <line num="22" count="0" type="cond" truecount="0" falsecount="2"/>
        <line num="23" count="0" type="stmt"/>
        <line num="24" count="0" type="cond" truecount="0" falsecount="2"/>
        <line num="25" count="0" type="stmt"/>
        <line num="28" count="0" type="stmt"/>
        <line num="36" count="0" type="stmt"/>
        <line num="37" count="0" type="stmt"/>
        <line num="41" count="0" type="stmt"/>
        <line num="42" count="0" type="stmt"/>
        <line num="51" count="0" type="stmt"/>
        <line num="57" count="0" type="stmt"/>
        <line num="60" count="0" type="stmt"/>
        <line num="69" count="0" type="stmt"/>
        <line num="71" count="0" type="stmt"/>
        <line num="75" count="0" type="stmt"/>
        <line num="76" count="0" type="stmt"/>
        <line num="79" count="0" type="stmt"/>
        <line num="81" count="0" type="stmt"/>
        <line num="89" count="0" type="stmt"/>
        <line num="90" count="0" type="stmt"/>
        <line num="94" count="0" type="stmt"/>
        <line num="102" count="2" type="stmt"/>
      </file>
      <file name="schema.js" path="C:\Users\ilkka\OneDrive\Tiedostot\cs\fullstack_web_1\share-expenses\backend\schemas\schema.js">
        <metrics statements="9" coveredstatements="9" conditionals="0" coveredconditionals="0" methods="0" coveredmethods="0"/>
        <line num="1" count="2" type="stmt"/>
        <line num="2" count="2" type="stmt"/>
        <line num="4" count="2" type="stmt"/>
        <line num="5" count="2" type="stmt"/>
        <line num="6" count="2" type="stmt"/>
        <line num="8" count="2" type="stmt"/>
        <line num="17" count="2" type="stmt"/>
        <line num="76" count="2" type="stmt"/>
        <line num="81" count="2" type="stmt"/>
      </file>
      <file name="user.js" path="C:\Users\ilkka\OneDrive\Tiedostot\cs\fullstack_web_1\share-expenses\backend\schemas\user.js">
        <metrics statements="47" coveredstatements="25" conditionals="24" coveredconditionals="14" methods="7" coveredmethods="2"/>
        <line num="1" count="2" type="stmt"/>
        <line num="2" count="2" type="stmt"/>
        <line num="3" count="2" type="stmt"/>
        <line num="4" count="2" type="stmt"/>
        <line num="5" count="2" type="stmt"/>
        <line num="7" count="2" type="stmt"/>
        <line num="16" count="2" type="stmt"/>
        <line num="22" count="0" type="stmt"/>
        <line num="24" count="0" type="cond" truecount="0" falsecount="2"/>
        <line num="25" count="0" type="stmt"/>
        <line num="28" count="0" type="cond" truecount="0" falsecount="2"/>
        <line num="29" count="0" type="stmt"/>
        <line num="36" count="0" type="stmt"/>
        <line num="38" count="0" type="cond" truecount="0" falsecount="2"/>
        <line num="39" count="0" type="stmt"/>
        <line num="42" count="0" type="cond" truecount="0" falsecount="2"/>
        <line num="43" count="0" type="stmt"/>
        <line num="47" count="0" type="stmt"/>
        <line num="56" count="3" type="cond" truecount="3" falsecount="1"/>
        <line num="57" count="0" type="stmt"/>
        <line num="60" count="3" type="cond" truecount="4" falsecount="0"/>
        <line num="61" count="1" type="stmt"/>
        <line num="64" count="2" type="stmt"/>
        <line num="66" count="2" type="stmt"/>
        <line num="71" count="2" type="stmt"/>
        <line num="73" count="1" type="cond" truecount="1" falsecount="1"/>
        <line num="74" count="0" type="stmt"/>
        <line num="79" count="1" type="stmt"/>
        <line num="86" count="1" type="stmt"/>
        <line num="96" count="0" type="stmt"/>
        <line num="98" count="0" type="stmt"/>
        <line num="102" count="0" type="stmt"/>
        <line num="103" count="0" type="stmt"/>
        <line num="105" count="0" type="stmt"/>
        <line num="107" count="0" type="stmt"/>
        <line num="115" count="0" type="stmt"/>
        <line num="116" count="0" type="stmt"/>
        <line num="119" count="0" type="stmt"/>
        <line num="126" count="4" type="stmt"/>
        <line num="128" count="4" type="cond" truecount="4" falsecount="0"/>
        <line num="129" count="2" type="stmt"/>
        <line num="132" count="2" type="stmt"/>
        <line num="134" count="2" type="cond" truecount="2" falsecount="0"/>
        <line num="135" count="1" type="stmt"/>
        <line num="138" count="1" type="stmt"/>
        <line num="145" count="1" type="stmt"/>
        <line num="153" count="2" type="stmt"/>
      </file>
    </package>
    <package name="backend.utils">
      <metrics statements="18" coveredstatements="15" conditionals="8" coveredconditionals="4" methods="2" coveredmethods="2"/>
      <file name="config.js" path="C:\Users\ilkka\OneDrive\Tiedostot\cs\fullstack_web_1\share-expenses\backend\utils\config.js">
        <metrics statements="8" coveredstatements="8" conditionals="2" coveredconditionals="1" methods="0" coveredmethods="0"/>
        <line num="1" count="2" type="stmt"/>
        <line num="3" count="2" type="stmt"/>
        <line num="4" count="2" type="stmt"/>
        <line num="5" count="2" type="stmt"/>
        <line num="6" count="2" type="stmt"/>
        <line num="8" count="2" type="cond" truecount="1" falsecount="1"/>
        <line num="9" count="2" type="stmt"/>
        <line num="12" count="2" type="stmt"/>
      </file>
      <file name="testconfig.js" path="C:\Users\ilkka\OneDrive\Tiedostot\cs\fullstack_web_1\share-expenses\backend\utils\testconfig.js">
        <metrics statements="10" coveredstatements="7" conditionals="6" coveredconditionals="3" methods="2" coveredmethods="2"/>
        <line num="7" count="2" type="stmt"/>
        <line num="12" count="2" type="stmt"/>
        <line num="14" count="9" type="stmt"/>
        <line num="17" count="9" type="cond" truecount="1" falsecount="1"/>
        <line num="18" count="9" type="cond" truecount="2" falsecount="2"/>
        <line num="19" count="0" type="stmt"/>
        <line num="22" count="0" type="stmt"/>
        <line num="23" count="0" type="stmt"/>
        <line num="28" count="9" type="stmt"/>
        <line num="31" count="2" type="stmt"/>
      </file>
    </package>
  </project>
</coverage>
