{"C:\\Users\\ilkka\\OneDrive\\Tiedostot\\cs\\fullstack_web_1\\share-expenses\\backend\\index.js": {"path":"C:\\Users\\ilkka\\OneDrive\\Tiedostot\\cs\\fullstack_web_1\\share-expenses\\backend\\index.js","statementMap":{"0":{"start":{"line":1,"column":15},"end":{"line":1,"column":40}},"1":{"start":{"line":2,"column":12},"end":{"line":2,"column":35}},"2":{"start":{"line":4,"column":25},"end":{"line":4,"column":49}},"3":{"start":{"line":5,"column":15},"end":{"line":5,"column":42}},"4":{"start":{"line":6,"column":13},"end":{"line":6,"column":37}},"5":{"start":{"line":8,"column":17},"end":{"line":8,"column":36}},"6":{"start":{"line":9,"column":0},"end":{"line":9,"column":39}},"7":{"start":{"line":11,"column":0},"end":{"line":17,"column":3}},"8":{"start":{"line":13,"column":2},"end":{"line":13,"column":37}},"9":{"start":{"line":16,"column":2},"end":{"line":16,"column":60}},"10":{"start":{"line":19,"column":15},"end":{"line":31,"column":2}},"11":{"start":{"line":22,"column":15},"end":{"line":22,"column":53}},"12":{"start":{"line":23,"column":2},"end":{"line":29,"column":3}},"13":{"start":{"line":24,"column":24},"end":{"line":26,"column":4}},"14":{"start":{"line":27,"column":23},"end":{"line":27,"column":59}},"15":{"start":{"line":28,"column":3},"end":{"line":28,"column":25}},"16":{"start":{"line":33,"column":0},"end":{"line":37,"column":1}},"17":{"start":{"line":34,"column":1},"end":{"line":36,"column":3}},"18":{"start":{"line":35,"column":2},"end":{"line":35,"column":39}},"19":{"start":{"line":40,"column":0},"end":{"line":48,"column":1}}},"fnMap":{"0":{"name":"(anonymous_0)","decl":{"start":{"line":12,"column":7},"end":{"line":12,"column":8}},"loc":{"start":{"line":12,"column":13},"end":{"line":14,"column":2}},"line":12},"1":{"name":"(anonymous_1)","decl":{"start":{"line":15,"column":8},"end":{"line":15,"column":9}},"loc":{"start":{"line":15,"column":17},"end":{"line":17,"column":2}},"line":15},"2":{"name":"(anonymous_2)","decl":{"start":{"line":21,"column":10},"end":{"line":21,"column":11}},"loc":{"start":{"line":21,"column":27},"end":{"line":30,"column":2}},"line":21},"3":{"name":"(anonymous_3)","decl":{"start":{"line":34,"column":22},"end":{"line":34,"column":23}},"loc":{"start":{"line":34,"column":35},"end":{"line":36,"column":2}},"line":34}},"branchMap":{"0":{"loc":{"start":{"line":22,"column":15},"end":{"line":22,"column":53}},"type":"cond-expr","locations":[{"start":{"line":22,"column":21},"end":{"line":22,"column":46}},{"start":{"line":22,"column":49},"end":{"line":22,"column":53}}],"line":22},"1":{"loc":{"start":{"line":23,"column":2},"end":{"line":29,"column":3}},"type":"if","locations":[{"start":{"line":23,"column":2},"end":{"line":29,"column":3}},{"start":{"line":23,"column":2},"end":{"line":29,"column":3}}],"line":23},"2":{"loc":{"start":{"line":23,"column":7},"end":{"line":23,"column":54}},"type":"binary-expr","locations":[{"start":{"line":23,"column":7},"end":{"line":23,"column":11}},{"start":{"line":23,"column":15},"end":{"line":23,"column":54}}],"line":23},"3":{"loc":{"start":{"line":33,"column":0},"end":{"line":37,"column":1}},"type":"if","locations":[{"start":{"line":33,"column":0},"end":{"line":37,"column":1}},{"start":{"line":33,"column":0},"end":{"line":37,"column":1}}],"line":33}},"s":{"0":4,"1":4,"2":4,"3":4,"4":4,"5":4,"6":4,"7":4,"8":4,"9":0,"10":4,"11":0,"12":0,"13":0,"14":0,"15":0,"16":4,"17":0,"18":0,"19":4},"f":{"0":4,"1":0,"2":0,"3":0},"b":{"0":[0,0],"1":[0,0],"2":[0,0],"3":[0,4]},"_coverageSchema":"1a1c01bbd47fc00a2c39e90264f33305004495a9","hash":"9b95d69aa6a1512e52e3a03c75b25cbad4651151"}
,"C:\\Users\\ilkka\\OneDrive\\Tiedostot\\cs\\fullstack_web_1\\share-expenses\\backend\\models\\group.js": {"path":"C:\\Users\\ilkka\\OneDrive\\Tiedostot\\cs\\fullstack_web_1\\share-expenses\\backend\\models\\group.js","statementMap":{"0":{"start":{"line":1,"column":17},"end":{"line":1,"column":36}},"1":{"start":{"line":3,"column":15},"end":{"line":27,"column":2}},"2":{"start":{"line":29,"column":0},"end":{"line":29,"column":48}}},"fnMap":{},"branchMap":{},"s":{"0":4,"1":4,"2":4},"f":{},"b":{},"_coverageSchema":"1a1c01bbd47fc00a2c39e90264f33305004495a9","hash":"97396d70fee2718986a2e84878f3cc7ff0431c03"}
,"C:\\Users\\ilkka\\OneDrive\\Tiedostot\\cs\\fullstack_web_1\\share-expenses\\backend\\models\\person.js": {"path":"C:\\Users\\ilkka\\OneDrive\\Tiedostot\\cs\\fullstack_web_1\\share-expenses\\backend\\models\\person.js","statementMap":{"0":{"start":{"line":1,"column":17},"end":{"line":1,"column":36}},"1":{"start":{"line":3,"column":15},"end":{"line":13,"column":2}},"2":{"start":{"line":15,"column":0},"end":{"line":15,"column":49}}},"fnMap":{},"branchMap":{},"s":{"0":4,"1":4,"2":4},"f":{},"b":{},"_coverageSchema":"1a1c01bbd47fc00a2c39e90264f33305004495a9","hash":"ede0c3e3ed6bf6cd06f0fc3dec462c37c03af184"}
,"C:\\Users\\ilkka\\OneDrive\\Tiedostot\\cs\\fullstack_web_1\\share-expenses\\backend\\models\\user.js": {"path":"C:\\Users\\ilkka\\OneDrive\\Tiedostot\\cs\\fullstack_web_1\\share-expenses\\backend\\models\\user.js","statementMap":{"0":{"start":{"line":1,"column":17},"end":{"line":1,"column":36}},"1":{"start":{"line":2,"column":24},"end":{"line":2,"column":60}},"2":{"start":{"line":4,"column":15},"end":{"line":26,"column":2}},"3":{"start":{"line":28,"column":0},"end":{"line":28,"column":30}},"4":{"start":{"line":30,"column":0},"end":{"line":36,"column":3}},"5":{"start":{"line":31,"column":19},"end":{"line":31,"column":62}},"6":{"start":{"line":33,"column":20},"end":{"line":33,"column":50}},"7":{"start":{"line":34,"column":19},"end":{"line":34,"column":50}},"8":{"start":{"line":35,"column":2},"end":{"line":35,"column":35}},"9":{"start":{"line":38,"column":0},"end":{"line":38,"column":47}}},"fnMap":{"0":{"name":"(anonymous_0)","decl":{"start":{"line":31,"column":6},"end":{"line":31,"column":7}},"loc":{"start":{"line":31,"column":17},"end":{"line":31,"column":64}},"line":31},"1":{"name":"(anonymous_1)","decl":{"start":{"line":32,"column":6},"end":{"line":32,"column":7}},"loc":{"start":{"line":32,"column":18},"end":{"line":36,"column":2}},"line":32}},"branchMap":{},"s":{"0":4,"1":4,"2":4,"3":4,"4":4,"5":0,"6":0,"7":0,"8":0,"9":4},"f":{"0":0,"1":0},"b":{},"_coverageSchema":"1a1c01bbd47fc00a2c39e90264f33305004495a9","hash":"947b04a1640ee9e6aca44bd5becff2ee0efc8034"}
,"C:\\Users\\ilkka\\OneDrive\\Tiedostot\\cs\\fullstack_web_1\\share-expenses\\backend\\schemas\\group.js": {"path":"C:\\Users\\ilkka\\OneDrive\\Tiedostot\\cs\\fullstack_web_1\\share-expenses\\backend\\schemas\\group.js","statementMap":{"0":{"start":{"line":1,"column":48},"end":{"line":1,"column":72}},"1":{"start":{"line":2,"column":14},"end":{"line":2,"column":40}},"2":{"start":{"line":4,"column":16},"end":{"line":13,"column":1}},"3":{"start":{"line":15,"column":18},"end":{"line":231,"column":1}},"4":{"start":{"line":20,"column":23},"end":{"line":20,"column":42}},"5":{"start":{"line":22,"column":3},"end":{"line":24,"column":4}},"6":{"start":{"line":23,"column":4},"end":{"line":23,"column":54}},"7":{"start":{"line":26,"column":3},"end":{"line":29,"column":23}},"8":{"start":{"line":40,"column":23},"end":{"line":40,"column":42}},"9":{"start":{"line":42,"column":3},"end":{"line":44,"column":4}},"10":{"start":{"line":43,"column":4},"end":{"line":43,"column":54}},"11":{"start":{"line":46,"column":3},"end":{"line":79,"column":4}},"12":{"start":{"line":48,"column":16},"end":{"line":48,"column":26}},"13":{"start":{"line":50,"column":16},"end":{"line":57,"column":5}},"14":{"start":{"line":59,"column":4},"end":{"line":61,"column":5}},"15":{"start":{"line":60,"column":5},"end":{"line":60,"column":42}},"16":{"start":{"line":63,"column":19},"end":{"line":63,"column":35}},"17":{"start":{"line":64,"column":4},"end":{"line":64,"column":30}},"18":{"start":{"line":65,"column":4},"end":{"line":65,"column":35}},"19":{"start":{"line":66,"column":4},"end":{"line":66,"column":39}},"20":{"start":{"line":68,"column":4},"end":{"line":68,"column":25}},"21":{"start":{"line":70,"column":4},"end":{"line":73,"column":24}},"22":{"start":{"line":76,"column":4},"end":{"line":78,"column":6}},"23":{"start":{"line":90,"column":23},"end":{"line":90,"column":42}},"24":{"start":{"line":92,"column":3},"end":{"line":94,"column":4}},"25":{"start":{"line":93,"column":4},"end":{"line":93,"column":54}},"26":{"start":{"line":96,"column":3},"end":{"line":129,"column":4}},"27":{"start":{"line":98,"column":20},"end":{"line":98,"column":58}},"28":{"start":{"line":100,"column":4},"end":{"line":102,"column":5}},"29":{"start":{"line":101,"column":5},"end":{"line":101,"column":71}},"30":{"start":{"line":104,"column":24},"end":{"line":107,"column":5}},"31":{"start":{"line":109,"column":4},"end":{"line":111,"column":5}},"32":{"start":{"line":110,"column":5},"end":{"line":110,"column":44}},"33":{"start":{"line":113,"column":4},"end":{"line":115,"column":5}},"34":{"start":{"line":114,"column":5},"end":{"line":114,"column":50}},"35":{"start":{"line":117,"column":4},"end":{"line":117,"column":27}},"36":{"start":{"line":119,"column":4},"end":{"line":123,"column":24}},"37":{"start":{"line":126,"column":4},"end":{"line":128,"column":6}},"38":{"start":{"line":135,"column":23},"end":{"line":135,"column":42}},"39":{"start":{"line":137,"column":3},"end":{"line":139,"column":4}},"40":{"start":{"line":138,"column":4},"end":{"line":138,"column":54}},"41":{"start":{"line":141,"column":3},"end":{"line":158,"column":4}},"42":{"start":{"line":143,"column":20},"end":{"line":143,"column":58}},"43":{"start":{"line":145,"column":4},"end":{"line":147,"column":5}},"44":{"start":{"line":146,"column":5},"end":{"line":146,"column":71}},"45":{"start":{"line":149,"column":4},"end":{"line":153,"column":24}},"46":{"start":{"line":155,"column":4},"end":{"line":157,"column":6}},"47":{"start":{"line":165,"column":23},"end":{"line":165,"column":42}},"48":{"start":{"line":167,"column":3},"end":{"line":169,"column":4}},"49":{"start":{"line":168,"column":4},"end":{"line":168,"column":54}},"50":{"start":{"line":171,"column":3},"end":{"line":193,"column":4}},"51":{"start":{"line":173,"column":20},"end":{"line":173,"column":63}},"52":{"start":{"line":175,"column":4},"end":{"line":177,"column":5}},"53":{"start":{"line":176,"column":5},"end":{"line":176,"column":71}},"54":{"start":{"line":179,"column":23},"end":{"line":187,"column":24}},"55":{"start":{"line":188,"column":4},"end":{"line":188,"column":21}},"56":{"start":{"line":190,"column":4},"end":{"line":192,"column":6}},"57":{"start":{"line":200,"column":23},"end":{"line":200,"column":42}},"58":{"start":{"line":202,"column":3},"end":{"line":204,"column":4}},"59":{"start":{"line":203,"column":4},"end":{"line":203,"column":54}},"60":{"start":{"line":206,"column":3},"end":{"line":228,"column":4}},"61":{"start":{"line":208,"column":20},"end":{"line":208,"column":63}},"62":{"start":{"line":210,"column":4},"end":{"line":212,"column":5}},"63":{"start":{"line":211,"column":5},"end":{"line":211,"column":71}},"64":{"start":{"line":214,"column":23},"end":{"line":222,"column":24}},"65":{"start":{"line":223,"column":4},"end":{"line":223,"column":21}},"66":{"start":{"line":225,"column":4},"end":{"line":227,"column":6}},"67":{"start":{"line":233,"column":0},"end":{"line":233,"column":39}}},"fnMap":{"0":{"name":"(anonymous_0)","decl":{"start":{"line":18,"column":13},"end":{"line":18,"column":14}},"loc":{"start":{"line":18,"column":44},"end":{"line":30,"column":3}},"line":18},"1":{"name":"(anonymous_1)","decl":{"start":{"line":38,"column":15},"end":{"line":38,"column":16}},"loc":{"start":{"line":38,"column":46},"end":{"line":80,"column":3}},"line":38},"2":{"name":"(anonymous_2)","decl":{"start":{"line":88,"column":15},"end":{"line":88,"column":16}},"loc":{"start":{"line":88,"column":46},"end":{"line":130,"column":3}},"line":88},"3":{"name":"(anonymous_3)","decl":{"start":{"line":133,"column":15},"end":{"line":133,"column":16}},"loc":{"start":{"line":133,"column":46},"end":{"line":159,"column":3}},"line":133},"4":{"name":"(anonymous_4)","decl":{"start":{"line":163,"column":16},"end":{"line":163,"column":17}},"loc":{"start":{"line":163,"column":47},"end":{"line":194,"column":3}},"line":163},"5":{"name":"(anonymous_5)","decl":{"start":{"line":198,"column":19},"end":{"line":198,"column":20}},"loc":{"start":{"line":198,"column":50},"end":{"line":229,"column":3}},"line":198}},"branchMap":{"0":{"loc":{"start":{"line":22,"column":3},"end":{"line":24,"column":4}},"type":"if","locations":[{"start":{"line":22,"column":3},"end":{"line":24,"column":4}},{"start":{"line":22,"column":3},"end":{"line":24,"column":4}}],"line":22},"1":{"loc":{"start":{"line":42,"column":3},"end":{"line":44,"column":4}},"type":"if","locations":[{"start":{"line":42,"column":3},"end":{"line":44,"column":4}},{"start":{"line":42,"column":3},"end":{"line":44,"column":4}}],"line":42},"2":{"loc":{"start":{"line":53,"column":12},"end":{"line":53,"column":80}},"type":"cond-expr","locations":[{"start":{"line":53,"column":50},"end":{"line":53,"column":60}},{"start":{"line":53,"column":63},"end":{"line":53,"column":80}}],"line":53},"3":{"loc":{"start":{"line":53,"column":12},"end":{"line":53,"column":47}},"type":"binary-expr","locations":[{"start":{"line":53,"column":12},"end":{"line":53,"column":22}},{"start":{"line":53,"column":26},"end":{"line":53,"column":47}}],"line":53},"4":{"loc":{"start":{"line":54,"column":13},"end":{"line":54,"column":69}},"type":"cond-expr","locations":[{"start":{"line":54,"column":53},"end":{"line":54,"column":64}},{"start":{"line":54,"column":67},"end":{"line":54,"column":69}}],"line":54},"5":{"loc":{"start":{"line":54,"column":13},"end":{"line":54,"column":50}},"type":"binary-expr","locations":[{"start":{"line":54,"column":13},"end":{"line":54,"column":24}},{"start":{"line":54,"column":28},"end":{"line":54,"column":50}}],"line":54},"6":{"loc":{"start":{"line":59,"column":4},"end":{"line":61,"column":5}},"type":"if","locations":[{"start":{"line":59,"column":4},"end":{"line":61,"column":5}},{"start":{"line":59,"column":4},"end":{"line":61,"column":5}}],"line":59},"7":{"loc":{"start":{"line":92,"column":3},"end":{"line":94,"column":4}},"type":"if","locations":[{"start":{"line":92,"column":3},"end":{"line":94,"column":4}},{"start":{"line":92,"column":3},"end":{"line":94,"column":4}}],"line":92},"8":{"loc":{"start":{"line":100,"column":4},"end":{"line":102,"column":5}},"type":"if","locations":[{"start":{"line":100,"column":4},"end":{"line":102,"column":5}},{"start":{"line":100,"column":4},"end":{"line":102,"column":5}}],"line":100},"9":{"loc":{"start":{"line":109,"column":4},"end":{"line":111,"column":5}},"type":"if","locations":[{"start":{"line":109,"column":4},"end":{"line":111,"column":5}},{"start":{"line":109,"column":4},"end":{"line":111,"column":5}}],"line":109},"10":{"loc":{"start":{"line":113,"column":4},"end":{"line":115,"column":5}},"type":"if","locations":[{"start":{"line":113,"column":4},"end":{"line":115,"column":5}},{"start":{"line":113,"column":4},"end":{"line":115,"column":5}}],"line":113},"11":{"loc":{"start":{"line":137,"column":3},"end":{"line":139,"column":4}},"type":"if","locations":[{"start":{"line":137,"column":3},"end":{"line":139,"column":4}},{"start":{"line":137,"column":3},"end":{"line":139,"column":4}}],"line":137},"12":{"loc":{"start":{"line":145,"column":4},"end":{"line":147,"column":5}},"type":"if","locations":[{"start":{"line":145,"column":4},"end":{"line":147,"column":5}},{"start":{"line":145,"column":4},"end":{"line":147,"column":5}}],"line":145},"13":{"loc":{"start":{"line":167,"column":3},"end":{"line":169,"column":4}},"type":"if","locations":[{"start":{"line":167,"column":3},"end":{"line":169,"column":4}},{"start":{"line":167,"column":3},"end":{"line":169,"column":4}}],"line":167},"14":{"loc":{"start":{"line":175,"column":4},"end":{"line":177,"column":5}},"type":"if","locations":[{"start":{"line":175,"column":4},"end":{"line":177,"column":5}},{"start":{"line":175,"column":4},"end":{"line":177,"column":5}}],"line":175},"15":{"loc":{"start":{"line":202,"column":3},"end":{"line":204,"column":4}},"type":"if","locations":[{"start":{"line":202,"column":3},"end":{"line":204,"column":4}},{"start":{"line":202,"column":3},"end":{"line":204,"column":4}}],"line":202},"16":{"loc":{"start":{"line":210,"column":4},"end":{"line":212,"column":5}},"type":"if","locations":[{"start":{"line":210,"column":4},"end":{"line":212,"column":5}},{"start":{"line":210,"column":4},"end":{"line":212,"column":5}}],"line":210}},"s":{"0":4,"1":4,"2":4,"3":4,"4":2,"5":2,"6":1,"7":1,"8":4,"9":4,"10":1,"11":3,"12":3,"13":3,"14":3,"15":0,"16":3,"17":3,"18":3,"19":3,"20":3,"21":3,"22":0,"23":3,"24":3,"25":1,"26":2,"27":2,"28":2,"29":1,"30":1,"31":1,"32":1,"33":1,"34":1,"35":1,"36":1,"37":1,"38":3,"39":3,"40":1,"41":2,"42":2,"43":2,"44":1,"45":1,"46":1,"47":3,"48":3,"49":1,"50":2,"51":2,"52":2,"53":1,"54":1,"55":1,"56":1,"57":3,"58":3,"59":1,"60":2,"61":2,"62":2,"63":1,"64":1,"65":1,"66":1,"67":4},"f":{"0":2,"1":4,"2":3,"3":3,"4":3,"5":3},"b":{"0":[1,1],"1":[1,3],"2":[0,3],"3":[3,0],"4":[0,3],"5":[3,0],"6":[0,3],"7":[1,2],"8":[1,1],"9":[1,0],"10":[1,0],"11":[1,2],"12":[1,1],"13":[1,2],"14":[1,1],"15":[1,2],"16":[1,1]},"_coverageSchema":"1a1c01bbd47fc00a2c39e90264f33305004495a9","hash":"378291f42127439b0364afaf794bc3a85a14dd0d"}
,"C:\\Users\\ilkka\\OneDrive\\Tiedostot\\cs\\fullstack_web_1\\share-expenses\\backend\\schemas\\person.js": {"path":"C:\\Users\\ilkka\\OneDrive\\Tiedostot\\cs\\fullstack_web_1\\share-expenses\\backend\\schemas\\person.js","statementMap":{"0":{"start":{"line":1,"column":48},"end":{"line":1,"column":72}},"1":{"start":{"line":2,"column":15},"end":{"line":2,"column":42}},"2":{"start":{"line":3,"column":14},"end":{"line":3,"column":40}},"3":{"start":{"line":5,"column":16},"end":{"line":11,"column":1}},"4":{"start":{"line":13,"column":18},"end":{"line":150,"column":1}},"5":{"start":{"line":19,"column":23},"end":{"line":19,"column":42}},"6":{"start":{"line":21,"column":3},"end":{"line":23,"column":4}},"7":{"start":{"line":22,"column":4},"end":{"line":22,"column":54}},"8":{"start":{"line":25,"column":3},"end":{"line":27,"column":24}},"9":{"start":{"line":33,"column":23},"end":{"line":33,"column":42}},"10":{"start":{"line":35,"column":3},"end":{"line":37,"column":4}},"11":{"start":{"line":36,"column":4},"end":{"line":36,"column":54}},"12":{"start":{"line":39,"column":3},"end":{"line":39,"column":58}},"13":{"start":{"line":48,"column":23},"end":{"line":48,"column":42}},"14":{"start":{"line":50,"column":3},"end":{"line":52,"column":4}},"15":{"start":{"line":51,"column":4},"end":{"line":51,"column":54}},"16":{"start":{"line":54,"column":3},"end":{"line":87,"column":4}},"17":{"start":{"line":56,"column":20},"end":{"line":56,"column":63}},"18":{"start":{"line":58,"column":4},"end":{"line":60,"column":5}},"19":{"start":{"line":59,"column":5},"end":{"line":59,"column":71}},"20":{"start":{"line":62,"column":17},"end":{"line":65,"column":6}},"21":{"start":{"line":67,"column":22},"end":{"line":67,"column":41}},"22":{"start":{"line":68,"column":18},"end":{"line":75,"column":24}},"23":{"start":{"line":77,"column":4},"end":{"line":81,"column":5}},"24":{"start":{"line":84,"column":4},"end":{"line":86,"column":6}},"25":{"start":{"line":94,"column":23},"end":{"line":94,"column":42}},"26":{"start":{"line":96,"column":3},"end":{"line":98,"column":4}},"27":{"start":{"line":97,"column":4},"end":{"line":97,"column":54}},"28":{"start":{"line":100,"column":3},"end":{"line":121,"column":4}},"29":{"start":{"line":102,"column":21},"end":{"line":102,"column":69}},"30":{"start":{"line":104,"column":4},"end":{"line":106,"column":5}},"31":{"start":{"line":105,"column":5},"end":{"line":105,"column":71}},"32":{"start":{"line":108,"column":25},"end":{"line":110,"column":5}},"33":{"start":{"line":111,"column":4},"end":{"line":111,"column":28}},"34":{"start":{"line":113,"column":4},"end":{"line":113,"column":31}},"35":{"start":{"line":115,"column":4},"end":{"line":115,"column":34}},"36":{"start":{"line":118,"column":4},"end":{"line":120,"column":6}},"37":{"start":{"line":127,"column":23},"end":{"line":127,"column":42}},"38":{"start":{"line":129,"column":3},"end":{"line":131,"column":4}},"39":{"start":{"line":130,"column":4},"end":{"line":130,"column":54}},"40":{"start":{"line":133,"column":3},"end":{"line":147,"column":4}},"41":{"start":{"line":135,"column":21},"end":{"line":135,"column":69}},"42":{"start":{"line":137,"column":4},"end":{"line":139,"column":5}},"43":{"start":{"line":138,"column":5},"end":{"line":138,"column":71}},"44":{"start":{"line":141,"column":4},"end":{"line":141,"column":39}},"45":{"start":{"line":144,"column":4},"end":{"line":146,"column":6}},"46":{"start":{"line":152,"column":0},"end":{"line":152,"column":39}}},"fnMap":{"0":{"name":"(anonymous_0)","decl":{"start":{"line":17,"column":22},"end":{"line":17,"column":23}},"loc":{"start":{"line":17,"column":53},"end":{"line":28,"column":3}},"line":17},"1":{"name":"(anonymous_1)","decl":{"start":{"line":31,"column":17},"end":{"line":31,"column":18}},"loc":{"start":{"line":31,"column":48},"end":{"line":40,"column":3}},"line":31},"2":{"name":"(anonymous_2)","decl":{"start":{"line":46,"column":20},"end":{"line":46,"column":21}},"loc":{"start":{"line":46,"column":51},"end":{"line":88,"column":3}},"line":46},"3":{"name":"(anonymous_3)","decl":{"start":{"line":92,"column":14},"end":{"line":92,"column":15}},"loc":{"start":{"line":92,"column":45},"end":{"line":122,"column":3}},"line":92},"4":{"name":"(anonymous_4)","decl":{"start":{"line":125,"column":16},"end":{"line":125,"column":17}},"loc":{"start":{"line":125,"column":47},"end":{"line":148,"column":3}},"line":125}},"branchMap":{"0":{"loc":{"start":{"line":21,"column":3},"end":{"line":23,"column":4}},"type":"if","locations":[{"start":{"line":21,"column":3},"end":{"line":23,"column":4}},{"start":{"line":21,"column":3},"end":{"line":23,"column":4}}],"line":21},"1":{"loc":{"start":{"line":35,"column":3},"end":{"line":37,"column":4}},"type":"if","locations":[{"start":{"line":35,"column":3},"end":{"line":37,"column":4}},{"start":{"line":35,"column":3},"end":{"line":37,"column":4}}],"line":35},"2":{"loc":{"start":{"line":50,"column":3},"end":{"line":52,"column":4}},"type":"if","locations":[{"start":{"line":50,"column":3},"end":{"line":52,"column":4}},{"start":{"line":50,"column":3},"end":{"line":52,"column":4}}],"line":50},"3":{"loc":{"start":{"line":58,"column":4},"end":{"line":60,"column":5}},"type":"if","locations":[{"start":{"line":58,"column":4},"end":{"line":60,"column":5}},{"start":{"line":58,"column":4},"end":{"line":60,"column":5}}],"line":58},"4":{"loc":{"start":{"line":96,"column":3},"end":{"line":98,"column":4}},"type":"if","locations":[{"start":{"line":96,"column":3},"end":{"line":98,"column":4}},{"start":{"line":96,"column":3},"end":{"line":98,"column":4}}],"line":96},"5":{"loc":{"start":{"line":104,"column":4},"end":{"line":106,"column":5}},"type":"if","locations":[{"start":{"line":104,"column":4},"end":{"line":106,"column":5}},{"start":{"line":104,"column":4},"end":{"line":106,"column":5}}],"line":104},"6":{"loc":{"start":{"line":129,"column":3},"end":{"line":131,"column":4}},"type":"if","locations":[{"start":{"line":129,"column":3},"end":{"line":131,"column":4}},{"start":{"line":129,"column":3},"end":{"line":131,"column":4}}],"line":129},"7":{"loc":{"start":{"line":137,"column":4},"end":{"line":139,"column":5}},"type":"if","locations":[{"start":{"line":137,"column":4},"end":{"line":139,"column":5}},{"start":{"line":137,"column":4},"end":{"line":139,"column":5}}],"line":137}},"s":{"0":4,"1":4,"2":4,"3":4,"4":4,"5":0,"6":0,"7":0,"8":0,"9":0,"10":0,"11":0,"12":0,"13":2,"14":2,"15":1,"16":1,"17":1,"18":1,"19":0,"20":1,"21":1,"22":1,"23":1,"24":0,"25":3,"26":3,"27":1,"28":2,"29":2,"30":2,"31":1,"32":1,"33":1,"34":1,"35":1,"36":1,"37":3,"38":3,"39":1,"40":2,"41":2,"42":2,"43":1,"44":1,"45":1,"46":4},"f":{"0":0,"1":0,"2":2,"3":3,"4":3},"b":{"0":[0,0],"1":[0,0],"2":[1,1],"3":[0,1],"4":[1,2],"5":[1,1],"6":[1,2],"7":[1,1]},"_coverageSchema":"1a1c01bbd47fc00a2c39e90264f33305004495a9","hash":"917f3135bf99c37d82e8b26311f793467e941b18"}
,"C:\\Users\\ilkka\\OneDrive\\Tiedostot\\cs\\fullstack_web_1\\share-expenses\\backend\\schemas\\schema.js": {"path":"C:\\Users\\ilkka\\OneDrive\\Tiedostot\\cs\\fullstack_web_1\\share-expenses\\backend\\schemas\\schema.js","statementMap":{"0":{"start":{"line":1,"column":33},"end":{"line":1,"column":57}},"1":{"start":{"line":2,"column":18},"end":{"line":2,"column":35}},"2":{"start":{"line":4,"column":13},"end":{"line":4,"column":30}},"3":{"start":{"line":5,"column":15},"end":{"line":5,"column":34}},"4":{"start":{"line":6,"column":14},"end":{"line":6,"column":32}},"5":{"start":{"line":8,"column":14},"end":{"line":17,"column":5}},"6":{"start":{"line":18,"column":17},"end":{"line":78,"column":5}},"7":{"start":{"line":80,"column":15},"end":{"line":83,"column":2}},"8":{"start":{"line":85,"column":0},"end":{"line":85,"column":23}}},"fnMap":{},"branchMap":{},"s":{"0":4,"1":4,"2":4,"3":4,"4":4,"5":4,"6":4,"7":4,"8":4},"f":{},"b":{},"_coverageSchema":"1a1c01bbd47fc00a2c39e90264f33305004495a9","hash":"923bd9e3d881ca02d2ead6195af853bc10c1a242"}
,"C:\\Users\\ilkka\\OneDrive\\Tiedostot\\cs\\fullstack_web_1\\share-expenses\\backend\\schemas\\user.js": {"path":"C:\\Users\\ilkka\\OneDrive\\Tiedostot\\cs\\fullstack_web_1\\share-expenses\\backend\\schemas\\user.js","statementMap":{"0":{"start":{"line":1,"column":48},"end":{"line":1,"column":72}},"1":{"start":{"line":2,"column":15},"end":{"line":2,"column":34}},"2":{"start":{"line":3,"column":12},"end":{"line":3,"column":35}},"3":{"start":{"line":4,"column":13},"end":{"line":4,"column":38}},"4":{"start":{"line":5,"column":15},"end":{"line":5,"column":41}},"5":{"start":{"line":7,"column":16},"end":{"line":14,"column":1}},"6":{"start":{"line":16,"column":18},"end":{"line":151,"column":1}},"7":{"start":{"line":22,"column":23},"end":{"line":22,"column":42}},"8":{"start":{"line":24,"column":3},"end":{"line":26,"column":4}},"9":{"start":{"line":25,"column":4},"end":{"line":25,"column":54}},"10":{"start":{"line":28,"column":3},"end":{"line":30,"column":4}},"11":{"start":{"line":29,"column":4},"end":{"line":29,"column":42}},"12":{"start":{"line":36,"column":23},"end":{"line":36,"column":42}},"13":{"start":{"line":38,"column":3},"end":{"line":40,"column":4}},"14":{"start":{"line":39,"column":4},"end":{"line":39,"column":54}},"15":{"start":{"line":42,"column":3},"end":{"line":44,"column":4}},"16":{"start":{"line":43,"column":4},"end":{"line":43,"column":46}},"17":{"start":{"line":47,"column":3},"end":{"line":47,"column":29}},"18":{"start":{"line":56,"column":3},"end":{"line":58,"column":4}},"19":{"start":{"line":57,"column":4},"end":{"line":57,"column":89}},"20":{"start":{"line":60,"column":3},"end":{"line":62,"column":4}},"21":{"start":{"line":61,"column":4},"end":{"line":61,"column":65}},"22":{"start":{"line":64,"column":26},"end":{"line":64,"column":62}},"23":{"start":{"line":66,"column":14},"end":{"line":69,"column":5}},"24":{"start":{"line":71,"column":21},"end":{"line":71,"column":38}},"25":{"start":{"line":73,"column":3},"end":{"line":77,"column":4}},"26":{"start":{"line":74,"column":4},"end":{"line":76,"column":6}},"27":{"start":{"line":79,"column":17},"end":{"line":85,"column":4}},"28":{"start":{"line":86,"column":3},"end":{"line":89,"column":4}},"29":{"start":{"line":96,"column":3},"end":{"line":110,"column":4}},"30":{"start":{"line":98,"column":23},"end":{"line":100,"column":5}},"31":{"start":{"line":102,"column":4},"end":{"line":102,"column":26}},"32":{"start":{"line":103,"column":22},"end":{"line":103,"column":88}},"33":{"start":{"line":105,"column":4},"end":{"line":105,"column":20}},"34":{"start":{"line":107,"column":4},"end":{"line":109,"column":6}},"35":{"start":{"line":115,"column":3},"end":{"line":122,"column":4}},"36":{"start":{"line":116,"column":4},"end":{"line":116,"column":48}},"37":{"start":{"line":119,"column":4},"end":{"line":121,"column":6}},"38":{"start":{"line":126,"column":16},"end":{"line":126,"column":57}},"39":{"start":{"line":128,"column":3},"end":{"line":130,"column":4}},"40":{"start":{"line":129,"column":4},"end":{"line":129,"column":51}},"41":{"start":{"line":132,"column":25},"end":{"line":132,"column":75}},"42":{"start":{"line":134,"column":3},"end":{"line":136,"column":4}},"43":{"start":{"line":135,"column":4},"end":{"line":135,"column":51}},"44":{"start":{"line":138,"column":17},"end":{"line":144,"column":4}},"45":{"start":{"line":145,"column":3},"end":{"line":148,"column":4}},"46":{"start":{"line":153,"column":0},"end":{"line":153,"column":39}}},"fnMap":{"0":{"name":"(anonymous_0)","decl":{"start":{"line":20,"column":15},"end":{"line":20,"column":16}},"loc":{"start":{"line":20,"column":46},"end":{"line":31,"column":3}},"line":20},"1":{"name":"(anonymous_1)","decl":{"start":{"line":34,"column":18},"end":{"line":34,"column":19}},"loc":{"start":{"line":34,"column":49},"end":{"line":45,"column":3}},"line":34},"2":{"name":"(anonymous_2)","decl":{"start":{"line":46,"column":6},"end":{"line":46,"column":7}},"loc":{"start":{"line":46,"column":31},"end":{"line":48,"column":3}},"line":46},"3":{"name":"(anonymous_3)","decl":{"start":{"line":54,"column":12},"end":{"line":54,"column":13}},"loc":{"start":{"line":54,"column":34},"end":{"line":90,"column":3}},"line":54},"4":{"name":"(anonymous_4)","decl":{"start":{"line":95,"column":12},"end":{"line":95,"column":13}},"loc":{"start":{"line":95,"column":34},"end":{"line":111,"column":3}},"line":95},"5":{"name":"(anonymous_5)","decl":{"start":{"line":114,"column":14},"end":{"line":114,"column":15}},"loc":{"start":{"line":114,"column":36},"end":{"line":123,"column":3}},"line":114},"6":{"name":"(anonymous_6)","decl":{"start":{"line":124,"column":9},"end":{"line":124,"column":10}},"loc":{"start":{"line":124,"column":31},"end":{"line":149,"column":3}},"line":124}},"branchMap":{"0":{"loc":{"start":{"line":24,"column":3},"end":{"line":26,"column":4}},"type":"if","locations":[{"start":{"line":24,"column":3},"end":{"line":26,"column":4}},{"start":{"line":24,"column":3},"end":{"line":26,"column":4}}],"line":24},"1":{"loc":{"start":{"line":28,"column":3},"end":{"line":30,"column":4}},"type":"if","locations":[{"start":{"line":28,"column":3},"end":{"line":30,"column":4}},{"start":{"line":28,"column":3},"end":{"line":30,"column":4}}],"line":28},"2":{"loc":{"start":{"line":38,"column":3},"end":{"line":40,"column":4}},"type":"if","locations":[{"start":{"line":38,"column":3},"end":{"line":40,"column":4}},{"start":{"line":38,"column":3},"end":{"line":40,"column":4}}],"line":38},"3":{"loc":{"start":{"line":42,"column":3},"end":{"line":44,"column":4}},"type":"if","locations":[{"start":{"line":42,"column":3},"end":{"line":44,"column":4}},{"start":{"line":42,"column":3},"end":{"line":44,"column":4}}],"line":42},"4":{"loc":{"start":{"line":56,"column":3},"end":{"line":58,"column":4}},"type":"if","locations":[{"start":{"line":56,"column":3},"end":{"line":58,"column":4}},{"start":{"line":56,"column":3},"end":{"line":58,"column":4}}],"line":56},"5":{"loc":{"start":{"line":56,"column":7},"end":{"line":56,"column":56}},"type":"binary-expr","locations":[{"start":{"line":56,"column":7},"end":{"line":56,"column":21}},{"start":{"line":56,"column":25},"end":{"line":56,"column":56}}],"line":56},"6":{"loc":{"start":{"line":60,"column":3},"end":{"line":62,"column":4}},"type":"if","locations":[{"start":{"line":60,"column":3},"end":{"line":62,"column":4}},{"start":{"line":60,"column":3},"end":{"line":62,"column":4}}],"line":60},"7":{"loc":{"start":{"line":60,"column":7},"end":{"line":60,"column":50}},"type":"binary-expr","locations":[{"start":{"line":60,"column":7},"end":{"line":60,"column":18}},{"start":{"line":60,"column":22},"end":{"line":60,"column":50}}],"line":60},"8":{"loc":{"start":{"line":73,"column":3},"end":{"line":77,"column":4}},"type":"if","locations":[{"start":{"line":73,"column":3},"end":{"line":77,"column":4}},{"start":{"line":73,"column":3},"end":{"line":77,"column":4}}],"line":73},"9":{"loc":{"start":{"line":128,"column":3},"end":{"line":130,"column":4}},"type":"if","locations":[{"start":{"line":128,"column":3},"end":{"line":130,"column":4}},{"start":{"line":128,"column":3},"end":{"line":130,"column":4}}],"line":128},"10":{"loc":{"start":{"line":128,"column":8},"end":{"line":128,"column":31}},"type":"binary-expr","locations":[{"start":{"line":128,"column":8},"end":{"line":128,"column":13}},{"start":{"line":128,"column":17},"end":{"line":128,"column":31}}],"line":128},"11":{"loc":{"start":{"line":134,"column":3},"end":{"line":136,"column":4}},"type":"if","locations":[{"start":{"line":134,"column":3},"end":{"line":136,"column":4}},{"start":{"line":134,"column":3},"end":{"line":136,"column":4}}],"line":134}},"s":{"0":4,"1":4,"2":4,"3":4,"4":4,"5":4,"6":4,"7":0,"8":0,"9":0,"10":0,"11":0,"12":0,"13":0,"14":0,"15":0,"16":0,"17":0,"18":3,"19":0,"20":3,"21":1,"22":2,"23":2,"24":2,"25":1,"26":0,"27":1,"28":1,"29":0,"30":0,"31":0,"32":0,"33":0,"34":0,"35":0,"36":0,"37":0,"38":4,"39":4,"40":2,"41":2,"42":2,"43":1,"44":1,"45":1,"46":4},"f":{"0":0,"1":0,"2":0,"3":3,"4":0,"5":0,"6":4},"b":{"0":[0,0],"1":[0,0],"2":[0,0],"3":[0,0],"4":[0,3],"5":[3,3],"6":[1,2],"7":[3,2],"8":[0,1],"9":[2,2],"10":[4,2],"11":[1,1]},"_coverageSchema":"1a1c01bbd47fc00a2c39e90264f33305004495a9","hash":"44af3b6160a00ea90103ed67053183a26c2ebbdb"}
,"C:\\Users\\ilkka\\OneDrive\\Tiedostot\\cs\\fullstack_web_1\\share-expenses\\backend\\utils\\config.js": {"path":"C:\\Users\\ilkka\\OneDrive\\Tiedostot\\cs\\fullstack_web_1\\share-expenses\\backend\\utils\\config.js","statementMap":{"0":{"start":{"line":1,"column":0},"end":{"line":1,"column":26}},"1":{"start":{"line":3,"column":11},"end":{"line":3,"column":27}},"2":{"start":{"line":4,"column":18},"end":{"line":4,"column":41}},"3":{"start":{"line":5,"column":17},"end":{"line":5,"column":39}},"4":{"start":{"line":6,"column":11},"end":{"line":6,"column":31}},"5":{"start":{"line":8,"column":0},"end":{"line":10,"column":1}},"6":{"start":{"line":9,"column":1},"end":{"line":9,"column":43}},"7":{"start":{"line":12,"column":0},"end":{"line":17,"column":1}}},"fnMap":{},"branchMap":{"0":{"loc":{"start":{"line":8,"column":0},"end":{"line":10,"column":1}},"type":"if","locations":[{"start":{"line":8,"column":0},"end":{"line":10,"column":1}},{"start":{"line":8,"column":0},"end":{"line":10,"column":1}}],"line":8}},"s":{"0":4,"1":4,"2":4,"3":4,"4":4,"5":4,"6":4,"7":4},"f":{},"b":{"0":[4,0]},"_coverageSchema":"1a1c01bbd47fc00a2c39e90264f33305004495a9","hash":"3dcb50e5cffde2f77139217b344e651dcc1a5efd"}
,"C:\\Users\\ilkka\\OneDrive\\Tiedostot\\cs\\fullstack_web_1\\share-expenses\\backend\\utils\\testconfig.js": {"path":"C:\\Users\\ilkka\\OneDrive\\Tiedostot\\cs\\fullstack_web_1\\share-expenses\\backend\\utils\\testconfig.js","statementMap":{"0":{"start":{"line":7,"column":4},"end":{"line":7,"column":23}},"1":{"start":{"line":12,"column":28},"end":{"line":29,"column":1}},"2":{"start":{"line":14,"column":16},"end":{"line":26,"column":3}},"3":{"start":{"line":17,"column":16},"end":{"line":17,"column":54}},"4":{"start":{"line":18,"column":3},"end":{"line":24,"column":4}},"5":{"start":{"line":19,"column":25},"end":{"line":21,"column":5}},"6":{"start":{"line":22,"column":24},"end":{"line":22,"column":60}},"7":{"start":{"line":23,"column":4},"end":{"line":23,"column":26}},"8":{"start":{"line":28,"column":1},"end":{"line":28,"column":18}},"9":{"start":{"line":31,"column":0},"end":{"line":31,"column":56}}},"fnMap":{"0":{"name":"(anonymous_0)","decl":{"start":{"line":12,"column":28},"end":{"line":12,"column":29}},"loc":{"start":{"line":12,"column":48},"end":{"line":29,"column":1}},"line":12},"1":{"name":"(anonymous_1)","decl":{"start":{"line":16,"column":31},"end":{"line":16,"column":32}},"loc":{"start":{"line":16,"column":48},"end":{"line":25,"column":3}},"line":16}},"branchMap":{"0":{"loc":{"start":{"line":12,"column":29},"end":{"line":12,"column":43}},"type":"default-arg","locations":[{"start":{"line":12,"column":39},"end":{"line":12,"column":43}}],"line":12},"1":{"loc":{"start":{"line":16,"column":11},"end":{"line":25,"column":3}},"type":"cond-expr","locations":[{"start":{"line":16,"column":21},"end":{"line":16,"column":28}},{"start":{"line":16,"column":31},"end":{"line":25,"column":3}}],"line":16},"2":{"loc":{"start":{"line":17,"column":16},"end":{"line":17,"column":54}},"type":"cond-expr","locations":[{"start":{"line":17,"column":22},"end":{"line":17,"column":47}},{"start":{"line":17,"column":50},"end":{"line":17,"column":54}}],"line":17},"3":{"loc":{"start":{"line":18,"column":3},"end":{"line":24,"column":4}},"type":"if","locations":[{"start":{"line":18,"column":3},"end":{"line":24,"column":4}},{"start":{"line":18,"column":3},"end":{"line":24,"column":4}}],"line":18},"4":{"loc":{"start":{"line":18,"column":8},"end":{"line":18,"column":55}},"type":"binary-expr","locations":[{"start":{"line":18,"column":8},"end":{"line":18,"column":12}},{"start":{"line":18,"column":16},"end":{"line":18,"column":55}}],"line":18}},"s":{"0":4,"1":4,"2":35,"3":18,"4":18,"5":0,"6":0,"7":0,"8":35,"9":4},"f":{"0":35,"1":18},"b":{"0":[18],"1":[17,18],"2":[0,18],"3":[0,18],"4":[18,0]},"_coverageSchema":"1a1c01bbd47fc00a2c39e90264f33305004495a9","hash":"91f04cdbe60e4db26e42adecdc551f43caf64d0d"}
}
