TN:
SF:index.js
FN:12,(anonymous_0)
FN:15,(anonymous_1)
FN:21,(anonymous_2)
FN:34,(anonymous_3)
FNF:4
FNH:1
FNDA:2,(anonymous_0)
FNDA:0,(anonymous_1)
FNDA:0,(anonymous_2)
FNDA:0,(anonymous_3)
DA:1,2
DA:2,2
DA:4,2
DA:5,2
DA:6,2
DA:8,2
DA:9,2
DA:11,2
DA:13,2
DA:16,0
DA:19,2
DA:22,0
DA:23,0
DA:24,0
DA:27,0
DA:28,0
DA:33,2
DA:34,0
DA:35,0
DA:40,2
LF:20
LH:12
BRDA:22,0,0,0
BRDA:22,0,1,0
BRDA:23,1,0,0
BRDA:23,1,1,0
BRDA:23,2,0,0
BRDA:23,2,1,0
BRDA:33,3,0,0
BRDA:33,3,1,2
BRF:8
BRH:1
end_of_record
TN:
SF:models\group.js
FNF:0
FNH:0
DA:1,2
DA:3,2
DA:31,2
LF:3
LH:3
BRF:0
BRH:0
end_of_record
TN:
SF:models\person.js
FNF:0
FNH:0
DA:1,2
DA:3,2
DA:14,2
LF:3
LH:3
BRF:0
BRH:0
end_of_record
TN:
SF:models\user.js
FN:31,(anonymous_0)
FN:32,(anonymous_1)
FNF:2
FNH:0
FNDA:0,(anonymous_0)
FNDA:0,(anonymous_1)
DA:1,2
DA:2,2
DA:4,2
DA:28,2
DA:30,2
DA:31,0
DA:33,0
DA:34,0
DA:35,0
DA:38,2
LF:10
LH:6
BRF:0
BRH:0
end_of_record
TN:
SF:schemas\group.js
FN:20,(anonymous_0)
FN:39,(anonymous_1)
FN:67,(anonymous_2)
FN:94,(anonymous_3)
FN:115,(anonymous_4)
FN:131,(anonymous_5)
FN:152,(anonymous_6)
FNF:7
FNH:0
FNDA:0,(anonymous_0)
FNDA:0,(anonymous_1)
FNDA:0,(anonymous_2)
FNDA:0,(anonymous_3)
FNDA:0,(anonymous_4)
FNDA:0,(anonymous_5)
FNDA:0,(anonymous_6)
DA:1,2
DA:2,2
DA:3,2
DA:5,2
DA:17,2
DA:22,0
DA:24,0
DA:25,0
DA:28,0
DA:41,0
DA:43,0
DA:44,0
DA:47,0
DA:49,0
DA:60,0
DA:61,0
DA:62,0
DA:63,0
DA:65,0
DA:67,0
DA:69,0
DA:74,0
DA:75,0
DA:78,0
DA:84,0
DA:96,0
DA:97,0
DA:100,0
DA:101,0
DA:106,0
DA:108,0
DA:116,0
DA:117,0
DA:123,0
DA:132,0
DA:133,0
DA:142,0
DA:144,0
DA:153,0
DA:154,0
DA:163,0
DA:165,0
DA:173,2
LF:43
LH:6
BRDA:24,0,0,0
BRDA:24,0,1,0
BRDA:43,1,0,0
BRDA:43,1,1,0
BRDA:54,2,0,0
BRDA:54,2,1,0
BRF:6
BRH:0
end_of_record
TN:
SF:schemas\person.js
FN:19,(anonymous_0)
FN:35,(anonymous_1)
FN:68,(anonymous_2)
FN:88,(anonymous_3)
FNF:4
FNH:0
FNDA:0,(anonymous_0)
FNDA:0,(anonymous_1)
FNDA:0,(anonymous_2)
FNDA:0,(anonymous_3)
DA:1,2
DA:2,2
DA:3,2
DA:5,2
DA:13,2
DA:20,0
DA:21,0
DA:22,0
DA:23,0
DA:24,0
DA:25,0
DA:28,0
DA:36,0
DA:37,0
DA:41,0
DA:42,0
DA:51,0
DA:57,0
DA:60,0
DA:69,0
DA:71,0
DA:75,0
DA:76,0
DA:79,0
DA:81,0
DA:89,0
DA:90,0
DA:94,0
DA:102,2
LF:29
LH:6
BRDA:20,0,0,0
BRDA:20,0,1,0
BRDA:22,1,0,0
BRDA:22,1,1,0
BRDA:24,2,0,0
BRDA:24,2,1,0
BRF:6
BRH:0
end_of_record
TN:
SF:schemas\schema.js
FNF:0
FNH:0
DA:1,2
DA:2,2
DA:4,2
DA:5,2
DA:6,2
DA:8,2
DA:17,2
DA:77,2
DA:82,2
LF:9
LH:9
BRF:0
BRH:0
end_of_record
TN:
SF:schemas\user.js
FN:20,(anonymous_0)
FN:34,(anonymous_1)
FN:46,(anonymous_2)
FN:54,(anonymous_3)
FN:95,(anonymous_4)
FN:114,(anonymous_5)
FN:124,(anonymous_6)
FNF:7
FNH:2
FNDA:0,(anonymous_0)
FNDA:0,(anonymous_1)
FNDA:0,(anonymous_2)
FNDA:3,(anonymous_3)
FNDA:0,(anonymous_4)
FNDA:0,(anonymous_5)
FNDA:4,(anonymous_6)
DA:1,2
DA:2,2
DA:3,2
DA:4,2
DA:5,2
DA:7,2
DA:16,2
DA:22,0
DA:24,0
DA:25,0
DA:28,0
DA:29,0
DA:36,0
DA:38,0
DA:39,0
DA:42,0
DA:43,0
DA:47,0
DA:56,3
DA:57,0
DA:60,3
DA:61,1
DA:64,2
DA:66,2
DA:71,2
DA:73,1
DA:74,0
DA:79,1
DA:86,1
DA:96,0
DA:98,0
DA:102,0
DA:103,0
DA:105,0
DA:107,0
DA:115,0
DA:116,0
DA:119,0
DA:126,4
DA:128,4
DA:129,2
DA:132,2
DA:134,2
DA:135,1
DA:138,1
DA:145,1
DA:153,2
LF:47
LH:25
BRDA:24,0,0,0
BRDA:24,0,1,0
BRDA:28,1,0,0
BRDA:28,1,1,0
BRDA:38,2,0,0
BRDA:38,2,1,0
BRDA:42,3,0,0
BRDA:42,3,1,0
BRDA:56,4,0,0
BRDA:56,4,1,3
BRDA:56,5,0,3
BRDA:56,5,1,3
BRDA:60,6,0,1
BRDA:60,6,1,2
BRDA:60,7,0,3
BRDA:60,7,1,2
BRDA:73,8,0,0
BRDA:73,8,1,1
BRDA:128,9,0,2
BRDA:128,9,1,2
BRDA:128,10,0,4
BRDA:128,10,1,2
BRDA:134,11,0,1
BRDA:134,11,1,1
BRF:24
BRH:14
end_of_record
TN:
SF:utils\config.js
FNF:0
FNH:0
DA:1,2
DA:3,2
DA:4,2
DA:5,2
DA:6,2
DA:8,2
DA:9,2
DA:12,2
LF:8
LH:8
BRDA:8,0,0,2
BRDA:8,0,1,0
BRF:2
BRH:1
end_of_record
TN:
SF:utils\testconfig.js
FN:12,(anonymous_0)
FN:16,(anonymous_1)
FNF:2
FNH:2
FNDA:9,(anonymous_0)
FNDA:9,(anonymous_1)
DA:7,2
DA:12,2
DA:14,9
DA:17,9
DA:18,9
DA:19,0
DA:22,0
DA:23,0
DA:28,9
DA:31,2
LF:10
LH:7
BRDA:17,0,0,0
BRDA:17,0,1,9
BRDA:18,1,0,0
BRDA:18,1,1,9
BRDA:18,2,0,9
BRDA:18,2,1,0
BRF:6
BRH:3
end_of_record
