TN:
SF:index.js
FN:12,(anonymous_0)
FN:15,(anonymous_1)
FN:21,(anonymous_2)
FN:34,(anonymous_3)
FNF:4
FNH:1
FNDA:3,(anonymous_0)
FNDA:0,(anonymous_1)
FNDA:0,(anonymous_2)
FNDA:0,(anonymous_3)
DA:1,3
DA:2,3
DA:4,3
DA:5,3
DA:6,3
DA:8,3
DA:9,3
DA:11,3
DA:13,3
DA:16,0
DA:19,3
DA:22,0
DA:23,0
DA:24,0
DA:27,0
DA:28,0
DA:33,3
DA:34,0
DA:35,0
DA:40,3
LF:20
LH:12
BRDA:22,0,0,0
BRDA:22,0,1,0
BRDA:23,1,0,0
BRDA:23,1,1,0
BRDA:23,2,0,0
BRDA:23,2,1,0
BRDA:33,3,0,0
BRDA:33,3,1,3
BRF:8
BRH:1
end_of_record
TN:
SF:models\group.js
FNF:0
FNH:0
DA:1,3
DA:3,3
DA:29,3
LF:3
LH:3
BRF:0
BRH:0
end_of_record
TN:
SF:models\person.js
FNF:0
FNH:0
DA:1,3
DA:3,3
DA:15,3
LF:3
LH:3
BRF:0
BRH:0
end_of_record
TN:
SF:models\user.js
FN:31,(anonymous_0)
FN:32,(anonymous_1)
FNF:2
FNH:0
FNDA:0,(anonymous_0)
FNDA:0,(anonymous_1)
DA:1,3
DA:2,3
DA:4,3
DA:28,3
DA:30,3
DA:31,0
DA:33,0
DA:34,0
DA:35,0
DA:38,3
LF:10
LH:6
BRF:0
BRH:0
end_of_record
TN:
SF:schemas\group.js
FN:18,(anonymous_0)
FN:38,(anonymous_1)
FN:85,(anonymous_2)
FN:123,(anonymous_3)
FN:153,(anonymous_4)
FN:188,(anonymous_5)
FNF:6
FNH:6
FNDA:2,(anonymous_0)
FNDA:1,(anonymous_1)
FNDA:3,(anonymous_2)
FNDA:3,(anonymous_3)
FNDA:3,(anonymous_4)
FNDA:3,(anonymous_5)
DA:1,3
DA:2,3
DA:4,3
DA:15,3
DA:20,2
DA:22,2
DA:23,1
DA:26,1
DA:40,1
DA:42,1
DA:43,1
DA:46,0
DA:48,0
DA:50,0
DA:60,0
DA:61,0
DA:62,0
DA:63,0
DA:65,0
DA:67,0
DA:73,0
DA:87,3
DA:89,3
DA:90,1
DA:93,2
DA:95,2
DA:97,2
DA:98,1
DA:101,1
DA:107,1
DA:109,1
DA:116,1
DA:125,3
DA:127,3
DA:128,1
DA:131,2
DA:133,2
DA:135,2
DA:136,1
DA:139,1
DA:145,1
DA:155,3
DA:157,3
DA:158,1
DA:161,2
DA:163,2
DA:165,2
DA:166,1
DA:169,1
DA:178,1
DA:180,1
DA:190,3
DA:192,3
DA:193,1
DA:196,2
DA:198,2
DA:200,2
DA:201,1
DA:204,1
DA:213,1
DA:215,1
DA:223,3
LF:62
LH:52
BRDA:22,0,0,1
BRDA:22,0,1,1
BRDA:42,1,0,1
BRDA:42,1,1,0
BRDA:54,2,0,0
BRDA:54,2,1,0
BRDA:55,3,0,0
BRDA:55,3,1,0
BRDA:89,4,0,1
BRDA:89,4,1,2
BRDA:97,5,0,1
BRDA:97,5,1,1
BRDA:127,6,0,1
BRDA:127,6,1,2
BRDA:135,7,0,1
BRDA:135,7,1,1
BRDA:157,8,0,1
BRDA:157,8,1,2
BRDA:165,9,0,1
BRDA:165,9,1,1
BRDA:192,10,0,1
BRDA:192,10,1,2
BRDA:200,11,0,1
BRDA:200,11,1,1
BRF:24
BRH:19
end_of_record
TN:
SF:schemas\person.js
FN:17,(anonymous_0)
FN:31,(anonymous_1)
FN:46,(anonymous_2)
FN:84,(anonymous_3)
FN:104,(anonymous_4)
FNF:5
FNH:0
FNDA:0,(anonymous_0)
FNDA:0,(anonymous_1)
FNDA:0,(anonymous_2)
FNDA:0,(anonymous_3)
FNDA:0,(anonymous_4)
DA:1,3
DA:2,3
DA:3,3
DA:5,3
DA:13,3
DA:19,0
DA:21,0
DA:22,0
DA:25,0
DA:33,0
DA:35,0
DA:36,0
DA:39,0
DA:48,0
DA:50,0
DA:51,0
DA:54,0
DA:55,0
DA:59,0
DA:60,0
DA:69,0
DA:76,0
DA:85,0
DA:87,0
DA:91,0
DA:92,0
DA:95,0
DA:97,0
DA:105,0
DA:106,0
DA:110,0
DA:118,3
LF:32
LH:6
BRDA:21,0,0,0
BRDA:21,0,1,0
BRDA:35,1,0,0
BRDA:35,1,1,0
BRDA:50,2,0,0
BRDA:50,2,1,0
BRF:6
BRH:0
end_of_record
TN:
SF:schemas\schema.js
FNF:0
FNH:0
DA:1,3
DA:2,3
DA:4,3
DA:5,3
DA:6,3
DA:8,3
DA:18,3
DA:80,3
DA:85,3
LF:9
LH:9
BRF:0
BRH:0
end_of_record
TN:
SF:schemas\user.js
FN:20,(anonymous_0)
FN:34,(anonymous_1)
FN:46,(anonymous_2)
FN:54,(anonymous_3)
FN:95,(anonymous_4)
FN:114,(anonymous_5)
FN:124,(anonymous_6)
FNF:7
FNH:2
FNDA:0,(anonymous_0)
FNDA:0,(anonymous_1)
FNDA:0,(anonymous_2)
FNDA:3,(anonymous_3)
FNDA:0,(anonymous_4)
FNDA:0,(anonymous_5)
FNDA:4,(anonymous_6)
DA:1,3
DA:2,3
DA:3,3
DA:4,3
DA:5,3
DA:7,3
DA:16,3
DA:22,0
DA:24,0
DA:25,0
DA:28,0
DA:29,0
DA:36,0
DA:38,0
DA:39,0
DA:42,0
DA:43,0
DA:47,0
DA:56,3
DA:57,0
DA:60,3
DA:61,1
DA:64,2
DA:66,2
DA:71,2
DA:73,1
DA:74,0
DA:79,1
DA:86,1
DA:96,0
DA:98,0
DA:102,0
DA:103,0
DA:105,0
DA:107,0
DA:115,0
DA:116,0
DA:119,0
DA:126,4
DA:128,4
DA:129,2
DA:132,2
DA:134,2
DA:135,1
DA:138,1
DA:145,1
DA:153,3
LF:47
LH:25
BRDA:24,0,0,0
BRDA:24,0,1,0
BRDA:28,1,0,0
BRDA:28,1,1,0
BRDA:38,2,0,0
BRDA:38,2,1,0
BRDA:42,3,0,0
BRDA:42,3,1,0
BRDA:56,4,0,0
BRDA:56,4,1,3
BRDA:56,5,0,3
BRDA:56,5,1,3
BRDA:60,6,0,1
BRDA:60,6,1,2
BRDA:60,7,0,3
BRDA:60,7,1,2
BRDA:73,8,0,0
BRDA:73,8,1,1
BRDA:128,9,0,2
BRDA:128,9,1,2
BRDA:128,10,0,4
BRDA:128,10,1,2
BRDA:134,11,0,1
BRDA:134,11,1,1
BRF:24
BRH:14
end_of_record
TN:
SF:utils\config.js
FNF:0
FNH:0
DA:1,3
DA:3,3
DA:4,3
DA:5,3
DA:6,3
DA:8,3
DA:9,3
DA:12,3
LF:8
LH:8
BRDA:8,0,0,3
BRDA:8,0,1,0
BRF:2
BRH:1
end_of_record
TN:
SF:utils\testconfig.js
FN:12,(anonymous_0)
FN:16,(anonymous_1)
FNF:2
FNH:2
FNDA:24,(anonymous_0)
FNDA:15,(anonymous_1)
DA:7,3
DA:12,3
DA:14,24
DA:17,15
DA:18,15
DA:19,0
DA:22,0
DA:23,0
DA:28,24
DA:31,3
LF:10
LH:7
BRDA:12,0,0,15
BRDA:16,1,0,9
BRDA:16,1,1,15
BRDA:17,2,0,0
BRDA:17,2,1,15
BRDA:18,3,0,0
BRDA:18,3,1,15
BRDA:18,4,0,15
BRDA:18,4,1,0
BRF:9
BRH:6
end_of_record
