{"C:\\Users\\ilkka\\OneDrive\\Tiedostot\\cs\\fullstack_web_1\\share-expenses\\react-native-frontend\\components\\UI\\FloatingActionButton.js": {"path":"C:\\Users\\ilkka\\OneDrive\\Tiedostot\\cs\\fullstack_web_1\\share-expenses\\react-native-frontend\\components\\UI\\FloatingActionButton.js","statementMap":{"0":{"start":{"line":7,"column":29},"end":{"line":18,"column":1}},"1":{"start":{"line":9,"column":1},"end":{"line":17,"column":2}},"2":{"start":{"line":14,"column":18},"end":{"line":14,"column":33}},"3":{"start":{"line":20,"column":15},"end":{"line":28,"column":2}},"4":{"start":{"line":30,"column":0},"end":{"line":33,"column":1}}},"fnMap":{"0":{"name":"(anonymous_0)","decl":{"start":{"line":7,"column":29},"end":{"line":7,"column":30}},"loc":{"start":{"line":7,"column":38},"end":{"line":18,"column":1}},"line":7},"1":{"name":"(anonymous_1)","decl":{"start":{"line":14,"column":12},"end":{"line":14,"column":13}},"loc":{"start":{"line":14,"column":18},"end":{"line":14,"column":33}},"line":14}},"branchMap":{"0":{"loc":{"start":{"line":15,"column":23},"end":{"line":15,"column":64}},"type":"cond-expr","locations":[{"start":{"line":15,"column":41},"end":{"line":15,"column":56}},{"start":{"line":15,"column":59},"end":{"line":15,"column":64}}],"line":15}},"s":{"0":2,"1":3,"2":0,"3":2,"4":2},"f":{"0":3,"1":0},"b":{"0":[2,1]},"_coverageSchema":"1a1c01bbd47fc00a2c39e90264f33305004495a9","hash":"d13fc9408927c39196a1cd9151d8a9a3e4cde0dc"}
,"C:\\Users\\ilkka\\OneDrive\\Tiedostot\\cs\\fullstack_web_1\\share-expenses\\react-native-frontend\\components\\forms\\LoginForm.js": {"path":"C:\\Users\\ilkka\\OneDrive\\Tiedostot\\cs\\fullstack_web_1\\share-expenses\\react-native-frontend\\components\\forms\\LoginForm.js","statementMap":{"0":{"start":{"line":11,"column":18},"end":{"line":57,"column":1}},"1":{"start":{"line":13,"column":70},"end":{"line":13,"column":75}},"2":{"start":{"line":15,"column":23},"end":{"line":17,"column":2}},"3":{"start":{"line":16,"column":2},"end":{"line":16,"column":30}},"4":{"start":{"line":19,"column":1},"end":{"line":56,"column":2}},"5":{"start":{"line":34,"column":28},"end":{"line":34,"column":42}},"6":{"start":{"line":45,"column":28},"end":{"line":45,"column":45}},"7":{"start":{"line":59,"column":15},"end":{"line":66,"column":2}},"8":{"start":{"line":68,"column":0},"end":{"line":78,"column":1}},"9":{"start":{"line":80,"column":24},"end":{"line":89,"column":1}},"10":{"start":{"line":81,"column":1},"end":{"line":88,"column":2}},"11":{"start":{"line":91,"column":27},"end":{"line":98,"column":12}}},"fnMap":{"0":{"name":"(anonymous_0)","decl":{"start":{"line":11,"column":18},"end":{"line":11,"column":19}},"loc":{"start":{"line":11,"column":27},"end":{"line":57,"column":1}},"line":11},"1":{"name":"(anonymous_1)","decl":{"start":{"line":15,"column":23},"end":{"line":15,"column":24}},"loc":{"start":{"line":15,"column":29},"end":{"line":17,"column":2}},"line":15},"2":{"name":"(anonymous_2)","decl":{"start":{"line":34,"column":20},"end":{"line":34,"column":21}},"loc":{"start":{"line":34,"column":28},"end":{"line":34,"column":42}},"line":34},"3":{"name":"(anonymous_3)","decl":{"start":{"line":45,"column":20},"end":{"line":45,"column":21}},"loc":{"start":{"line":45,"column":28},"end":{"line":45,"column":45}},"line":45},"4":{"name":"(anonymous_4)","decl":{"start":{"line":80,"column":24},"end":{"line":80,"column":25}},"loc":{"start":{"line":80,"column":35},"end":{"line":89,"column":1}},"line":80}},"branchMap":{},"s":{"0":2,"1":7,"2":7,"3":2,"4":7,"5":2,"6":2,"7":2,"8":2,"9":2,"10":7,"11":2},"f":{"0":7,"1":2,"2":2,"3":2,"4":7},"b":{},"_coverageSchema":"1a1c01bbd47fc00a2c39e90264f33305004495a9","hash":"80b3a34a911f43a4ebc7409af31ce068b2795b2f"}
,"C:\\Users\\ilkka\\OneDrive\\Tiedostot\\cs\\fullstack_web_1\\share-expenses\\react-native-frontend\\components\\forms\\RegisterForm.js": {"path":"C:\\Users\\ilkka\\OneDrive\\Tiedostot\\cs\\fullstack_web_1\\share-expenses\\react-native-frontend\\components\\forms\\RegisterForm.js","statementMap":{"0":{"start":{"line":10,"column":21},"end":{"line":54,"column":1}},"1":{"start":{"line":12,"column":73},"end":{"line":12,"column":78}},"2":{"start":{"line":14,"column":23},"end":{"line":16,"column":2}},"3":{"start":{"line":15,"column":2},"end":{"line":15,"column":33}},"4":{"start":{"line":18,"column":1},"end":{"line":53,"column":2}},"5":{"start":{"line":32,"column":28},"end":{"line":32,"column":42}},"6":{"start":{"line":42,"column":28},"end":{"line":42,"column":45}},"7":{"start":{"line":56,"column":15},"end":{"line":58,"column":2}},"8":{"start":{"line":60,"column":0},"end":{"line":70,"column":1}},"9":{"start":{"line":72,"column":24},"end":{"line":80,"column":1}},"10":{"start":{"line":73,"column":1},"end":{"line":79,"column":2}},"11":{"start":{"line":82,"column":30},"end":{"line":89,"column":15}}},"fnMap":{"0":{"name":"(anonymous_0)","decl":{"start":{"line":10,"column":21},"end":{"line":10,"column":22}},"loc":{"start":{"line":10,"column":30},"end":{"line":54,"column":1}},"line":10},"1":{"name":"(anonymous_1)","decl":{"start":{"line":14,"column":23},"end":{"line":14,"column":24}},"loc":{"start":{"line":14,"column":29},"end":{"line":16,"column":2}},"line":14},"2":{"name":"(anonymous_2)","decl":{"start":{"line":32,"column":20},"end":{"line":32,"column":21}},"loc":{"start":{"line":32,"column":28},"end":{"line":32,"column":42}},"line":32},"3":{"name":"(anonymous_3)","decl":{"start":{"line":42,"column":20},"end":{"line":42,"column":21}},"loc":{"start":{"line":42,"column":28},"end":{"line":42,"column":45}},"line":42},"4":{"name":"(anonymous_4)","decl":{"start":{"line":72,"column":24},"end":{"line":72,"column":25}},"loc":{"start":{"line":72,"column":35},"end":{"line":80,"column":1}},"line":72}},"branchMap":{},"s":{"0":2,"1":7,"2":7,"3":2,"4":7,"5":2,"6":2,"7":2,"8":2,"9":2,"10":7,"11":2},"f":{"0":7,"1":2,"2":2,"3":2,"4":7},"b":{},"_coverageSchema":"1a1c01bbd47fc00a2c39e90264f33305004495a9","hash":"100ba06c6a4f7d6421f827d9d97120ebdbe9a9c4"}
,"C:\\Users\\ilkka\\OneDrive\\Tiedostot\\cs\\fullstack_web_1\\share-expenses\\react-native-frontend\\components\\groups\\Group.js": {"path":"C:\\Users\\ilkka\\OneDrive\\Tiedostot\\cs\\fullstack_web_1\\share-expenses\\react-native-frontend\\components\\groups\\Group.js","statementMap":{"0":{"start":{"line":12,"column":14},"end":{"line":44,"column":1}},"1":{"start":{"line":14,"column":21},"end":{"line":17,"column":2}},"2":{"start":{"line":15,"column":2},"end":{"line":15,"column":23}},"3":{"start":{"line":16,"column":2},"end":{"line":16,"column":38}},"4":{"start":{"line":19,"column":1},"end":{"line":43,"column":2}},"5":{"start":{"line":29,"column":25},"end":{"line":29,"column":32}},"6":{"start":{"line":30,"column":28},"end":{"line":32,"column":6}},"7":{"start":{"line":41,"column":40},"end":{"line":41,"column":62}},"8":{"start":{"line":46,"column":15},"end":{"line":63,"column":2}},"9":{"start":{"line":65,"column":0},"end":{"line":71,"column":1}},"10":{"start":{"line":73,"column":24},"end":{"line":77,"column":1}},"11":{"start":{"line":74,"column":1},"end":{"line":76,"column":2}},"12":{"start":{"line":79,"column":23},"end":{"line":81,"column":9}}},"fnMap":{"0":{"name":"(anonymous_0)","decl":{"start":{"line":12,"column":14},"end":{"line":12,"column":15}},"loc":{"start":{"line":12,"column":57},"end":{"line":44,"column":1}},"line":12},"1":{"name":"(anonymous_1)","decl":{"start":{"line":14,"column":21},"end":{"line":14,"column":22}},"loc":{"start":{"line":14,"column":27},"end":{"line":17,"column":2}},"line":14},"2":{"name":"(anonymous_2)","decl":{"start":{"line":29,"column":18},"end":{"line":29,"column":19}},"loc":{"start":{"line":29,"column":25},"end":{"line":29,"column":32}},"line":29},"3":{"name":"(anonymous_3)","decl":{"start":{"line":30,"column":16},"end":{"line":30,"column":17}},"loc":{"start":{"line":30,"column":28},"end":{"line":32,"column":6}},"line":30},"4":{"name":"(anonymous_4)","decl":{"start":{"line":41,"column":34},"end":{"line":41,"column":35}},"loc":{"start":{"line":41,"column":40},"end":{"line":41,"column":62}},"line":41},"5":{"name":"(anonymous_5)","decl":{"start":{"line":73,"column":24},"end":{"line":73,"column":25}},"loc":{"start":{"line":73,"column":33},"end":{"line":77,"column":1}},"line":73}},"branchMap":{},"s":{"0":1,"1":1,"2":0,"3":0,"4":1,"5":0,"6":0,"7":0,"8":1,"9":1,"10":1,"11":1,"12":1},"f":{"0":1,"1":0,"2":0,"3":0,"4":0,"5":1},"b":{},"_coverageSchema":"1a1c01bbd47fc00a2c39e90264f33305004495a9","hash":"3a7a1344c21b540a9a71c9af6a46a9e3975c4d27"}
,"C:\\Users\\ilkka\\OneDrive\\Tiedostot\\cs\\fullstack_web_1\\share-expenses\\react-native-frontend\\components\\groups\\GroupList.js": {"path":"C:\\Users\\ilkka\\OneDrive\\Tiedostot\\cs\\fullstack_web_1\\share-expenses\\react-native-frontend\\components\\groups\\GroupList.js","statementMap":{"0":{"start":{"line":13,"column":18},"end":{"line":53,"column":1}},"1":{"start":{"line":15,"column":86},"end":{"line":15,"column":91}},"2":{"start":{"line":17,"column":1},"end":{"line":19,"column":7}},"3":{"start":{"line":18,"column":2},"end":{"line":18,"column":13}},"4":{"start":{"line":21,"column":24},"end":{"line":24,"column":2}},"5":{"start":{"line":22,"column":2},"end":{"line":22,"column":22}},"6":{"start":{"line":23,"column":2},"end":{"line":23,"column":38}},"7":{"start":{"line":26,"column":1},"end":{"line":30,"column":2}},"8":{"start":{"line":27,"column":2},"end":{"line":29,"column":3}},"9":{"start":{"line":32,"column":1},"end":{"line":52,"column":2}},"10":{"start":{"line":37,"column":25},"end":{"line":37,"column":32}},"11":{"start":{"line":38,"column":28},"end":{"line":46,"column":6}},"12":{"start":{"line":42,"column":6},"end":{"line":44,"column":8}},"13":{"start":{"line":55,"column":15},"end":{"line":59,"column":2}},"14":{"start":{"line":61,"column":0},"end":{"line":68,"column":1}},"15":{"start":{"line":70,"column":24},"end":{"line":78,"column":1}},"16":{"start":{"line":71,"column":1},"end":{"line":77,"column":2}},"17":{"start":{"line":80,"column":27},"end":{"line":87,"column":12}}},"fnMap":{"0":{"name":"(anonymous_0)","decl":{"start":{"line":13,"column":18},"end":{"line":13,"column":19}},"loc":{"start":{"line":13,"column":27},"end":{"line":53,"column":1}},"line":13},"1":{"name":"(anonymous_1)","decl":{"start":{"line":17,"column":11},"end":{"line":17,"column":12}},"loc":{"start":{"line":17,"column":17},"end":{"line":19,"column":2}},"line":17},"2":{"name":"(anonymous_2)","decl":{"start":{"line":21,"column":24},"end":{"line":21,"column":25}},"loc":{"start":{"line":21,"column":30},"end":{"line":24,"column":2}},"line":21},"3":{"name":"(anonymous_3)","decl":{"start":{"line":37,"column":18},"end":{"line":37,"column":19}},"loc":{"start":{"line":37,"column":25},"end":{"line":37,"column":32}},"line":37},"4":{"name":"(anonymous_4)","decl":{"start":{"line":38,"column":16},"end":{"line":38,"column":17}},"loc":{"start":{"line":38,"column":28},"end":{"line":46,"column":6}},"line":38},"5":{"name":"(anonymous_5)","decl":{"start":{"line":41,"column":19},"end":{"line":41,"column":20}},"loc":{"start":{"line":41,"column":25},"end":{"line":45,"column":6}},"line":41},"6":{"name":"(anonymous_6)","decl":{"start":{"line":70,"column":24},"end":{"line":70,"column":25}},"loc":{"start":{"line":70,"column":33},"end":{"line":78,"column":1}},"line":70}},"branchMap":{"0":{"loc":{"start":{"line":26,"column":1},"end":{"line":30,"column":2}},"type":"if","locations":[{"start":{"line":26,"column":1},"end":{"line":30,"column":2}},{"start":{"line":26,"column":1},"end":{"line":30,"column":2}}],"line":26}},"s":{"0":1,"1":2,"2":2,"3":2,"4":2,"5":0,"6":0,"7":2,"8":0,"9":2,"10":6,"11":6,"12":1,"13":1,"14":1,"15":1,"16":2,"17":1},"f":{"0":2,"1":2,"2":0,"3":6,"4":6,"5":1,"6":2},"b":{"0":[0,2]},"_coverageSchema":"1a1c01bbd47fc00a2c39e90264f33305004495a9","hash":"212b20a8cc1783b63b55e9716433a0a22a20b104"}
,"C:\\Users\\ilkka\\OneDrive\\Tiedostot\\cs\\fullstack_web_1\\share-expenses\\react-native-frontend\\components\\groups\\GroupListItem.js": {"path":"C:\\Users\\ilkka\\OneDrive\\Tiedostot\\cs\\fullstack_web_1\\share-expenses\\react-native-frontend\\components\\groups\\GroupListItem.js","statementMap":{"0":{"start":{"line":6,"column":22},"end":{"line":21,"column":1}},"1":{"start":{"line":7,"column":1},"end":{"line":20,"column":2}},"2":{"start":{"line":16,"column":65},"end":{"line":16,"column":85}},"3":{"start":{"line":23,"column":15},"end":{"line":47,"column":2}},"4":{"start":{"line":49,"column":0},"end":{"line":53,"column":1}}},"fnMap":{"0":{"name":"(anonymous_0)","decl":{"start":{"line":6,"column":22},"end":{"line":6,"column":23}},"loc":{"start":{"line":6,"column":63},"end":{"line":21,"column":1}},"line":6},"1":{"name":"(anonymous_1)","decl":{"start":{"line":16,"column":59},"end":{"line":16,"column":60}},"loc":{"start":{"line":16,"column":65},"end":{"line":16,"column":85}},"line":16}},"branchMap":{},"s":{"0":2,"1":7,"2":0,"3":2,"4":2},"f":{"0":7,"1":0},"b":{},"_coverageSchema":"1a1c01bbd47fc00a2c39e90264f33305004495a9","hash":"911bfbb9b0e94ecac567011d8151909a7f1e1827"}
,"C:\\Users\\ilkka\\OneDrive\\Tiedostot\\cs\\fullstack_web_1\\share-expenses\\react-native-frontend\\components\\groups\\PersonListItem.js": {"path":"C:\\Users\\ilkka\\OneDrive\\Tiedostot\\cs\\fullstack_web_1\\share-expenses\\react-native-frontend\\components\\groups\\PersonListItem.js","statementMap":{"0":{"start":{"line":5,"column":23},"end":{"line":12,"column":1}},"1":{"start":{"line":7,"column":1},"end":{"line":11,"column":2}},"2":{"start":{"line":14,"column":0},"end":{"line":16,"column":1}}},"fnMap":{"0":{"name":"(anonymous_0)","decl":{"start":{"line":5,"column":23},"end":{"line":5,"column":24}},"loc":{"start":{"line":5,"column":32},"end":{"line":12,"column":1}},"line":5}},"branchMap":{},"s":{"0":1,"1":0,"2":1},"f":{"0":0},"b":{},"_coverageSchema":"1a1c01bbd47fc00a2c39e90264f33305004495a9","hash":"f656ba4be3bec0da93f5d2eea28e25c6dd9e0319"}
,"C:\\Users\\ilkka\\OneDrive\\Tiedostot\\cs\\fullstack_web_1\\share-expenses\\react-native-frontend\\components\\pages\\Home.js": {"path":"C:\\Users\\ilkka\\OneDrive\\Tiedostot\\cs\\fullstack_web_1\\share-expenses\\react-native-frontend\\components\\pages\\Home.js","statementMap":{"0":{"start":{"line":9,"column":13},"end":{"line":31,"column":1}},"1":{"start":{"line":11,"column":31},"end":{"line":13,"column":2}},"2":{"start":{"line":12,"column":2},"end":{"line":12,"column":43}},"3":{"start":{"line":15,"column":28},"end":{"line":17,"column":2}},"4":{"start":{"line":16,"column":2},"end":{"line":16,"column":40}},"5":{"start":{"line":19,"column":1},"end":{"line":30,"column":2}},"6":{"start":{"line":33,"column":15},"end":{"line":40,"column":2}},"7":{"start":{"line":42,"column":0},"end":{"line":45,"column":1}},"8":{"start":{"line":47,"column":24},"end":{"line":51,"column":1}},"9":{"start":{"line":48,"column":1},"end":{"line":50,"column":2}},"10":{"start":{"line":53,"column":22},"end":{"line":53,"column":56}}},"fnMap":{"0":{"name":"(anonymous_0)","decl":{"start":{"line":9,"column":13},"end":{"line":9,"column":14}},"loc":{"start":{"line":9,"column":22},"end":{"line":31,"column":1}},"line":9},"1":{"name":"(anonymous_1)","decl":{"start":{"line":11,"column":31},"end":{"line":11,"column":32}},"loc":{"start":{"line":11,"column":37},"end":{"line":13,"column":2}},"line":11},"2":{"name":"(anonymous_2)","decl":{"start":{"line":15,"column":28},"end":{"line":15,"column":29}},"loc":{"start":{"line":15,"column":34},"end":{"line":17,"column":2}},"line":15},"3":{"name":"(anonymous_3)","decl":{"start":{"line":47,"column":24},"end":{"line":47,"column":25}},"loc":{"start":{"line":47,"column":35},"end":{"line":51,"column":1}},"line":47}},"branchMap":{},"s":{"0":1,"1":3,"2":1,"3":3,"4":1,"5":3,"6":1,"7":1,"8":1,"9":3,"10":1},"f":{"0":3,"1":1,"2":1,"3":3},"b":{},"_coverageSchema":"1a1c01bbd47fc00a2c39e90264f33305004495a9","hash":"6ce077808e389fd13b545a3f1621fa288c1d9e6c"}
,"C:\\Users\\ilkka\\OneDrive\\Tiedostot\\cs\\fullstack_web_1\\share-expenses\\react-native-frontend\\constants\\Colors.js": {"path":"C:\\Users\\ilkka\\OneDrive\\Tiedostot\\cs\\fullstack_web_1\\share-expenses\\react-native-frontend\\constants\\Colors.js","statementMap":{},"fnMap":{},"branchMap":{},"s":{},"f":{},"b":{},"_coverageSchema":"1a1c01bbd47fc00a2c39e90264f33305004495a9","hash":"f7e24e0d55b8b2363099a5cefa06a116e3f72982"}
,"C:\\Users\\ilkka\\OneDrive\\Tiedostot\\cs\\fullstack_web_1\\share-expenses\\react-native-frontend\\navigation\\WelcomeNavigation.js": {"path":"C:\\Users\\ilkka\\OneDrive\\Tiedostot\\cs\\fullstack_web_1\\share-expenses\\react-native-frontend\\navigation\\WelcomeNavigation.js","statementMap":{"0":{"start":{"line":11,"column":21},"end":{"line":11,"column":43}},"1":{"start":{"line":13,"column":25},"end":{"line":53,"column":1}},"2":{"start":{"line":15,"column":1},"end":{"line":52,"column":2}},"3":{"start":{"line":55,"column":0},"end":{"line":57,"column":1}}},"fnMap":{"0":{"name":"(anonymous_0)","decl":{"start":{"line":13,"column":25},"end":{"line":13,"column":26}},"loc":{"start":{"line":13,"column":58},"end":{"line":53,"column":1}},"line":13}},"branchMap":{"0":{"loc":{"start":{"line":13,"column":28},"end":{"line":13,"column":51}},"type":"default-arg","locations":[{"start":{"line":13,"column":43},"end":{"line":13,"column":51}}],"line":13},"1":{"loc":{"start":{"line":20,"column":21},"end":{"line":20,"column":73}},"type":"cond-expr","locations":[{"start":{"line":20,"column":49},"end":{"line":20,"column":56}},{"start":{"line":20,"column":59},"end":{"line":20,"column":73}}],"line":20},"2":{"loc":{"start":{"line":22,"column":22},"end":{"line":22,"column":69}},"type":"cond-expr","locations":[{"start":{"line":22,"column":50},"end":{"line":22,"column":64}},{"start":{"line":22,"column":67},"end":{"line":22,"column":69}}],"line":22}},"s":{"0":1,"1":1,"2":5,"3":1},"f":{"0":5},"b":{"0":[3],"1":[0,5],"2":[0,5]},"_coverageSchema":"1a1c01bbd47fc00a2c39e90264f33305004495a9","hash":"5580ace5117b9ad0f3b83e5c600594722323af25"}
,"C:\\Users\\ilkka\\OneDrive\\Tiedostot\\cs\\fullstack_web_1\\share-expenses\\react-native-frontend\\screens\\splash\\SplashScreen.js": {"path":"C:\\Users\\ilkka\\OneDrive\\Tiedostot\\cs\\fullstack_web_1\\share-expenses\\react-native-frontend\\screens\\splash\\SplashScreen.js","statementMap":{"0":{"start":{"line":5,"column":21},"end":{"line":9,"column":1}},"1":{"start":{"line":6,"column":1},"end":{"line":8,"column":2}},"2":{"start":{"line":11,"column":0},"end":{"line":13,"column":1}}},"fnMap":{"0":{"name":"(anonymous_0)","decl":{"start":{"line":5,"column":21},"end":{"line":5,"column":22}},"loc":{"start":{"line":5,"column":39},"end":{"line":9,"column":1}},"line":5}},"branchMap":{},"s":{"0":1,"1":3,"2":1},"f":{"0":3},"b":{},"_coverageSchema":"1a1c01bbd47fc00a2c39e90264f33305004495a9","hash":"af1cc06e23c05c260418c4bafa5b276e642b8c29"}
,"C:\\Users\\ilkka\\OneDrive\\Tiedostot\\cs\\fullstack_web_1\\share-expenses\\react-native-frontend\\screens\\user\\LoginScreen.js": {"path":"C:\\Users\\ilkka\\OneDrive\\Tiedostot\\cs\\fullstack_web_1\\share-expenses\\react-native-frontend\\screens\\user\\LoginScreen.js","statementMap":{"0":{"start":{"line":4,"column":20},"end":{"line":6,"column":1}},"1":{"start":{"line":5,"column":1},"end":{"line":5,"column":21}}},"fnMap":{"0":{"name":"(anonymous_0)","decl":{"start":{"line":4,"column":20},"end":{"line":4,"column":21}},"loc":{"start":{"line":4,"column":26},"end":{"line":6,"column":1}},"line":4}},"branchMap":{},"s":{"0":1,"1":2},"f":{"0":2},"b":{},"_coverageSchema":"1a1c01bbd47fc00a2c39e90264f33305004495a9","hash":"e17162dab552bc151ddffc6bcecb1d8904632a17"}
,"C:\\Users\\ilkka\\OneDrive\\Tiedostot\\cs\\fullstack_web_1\\share-expenses\\react-native-frontend\\screens\\user\\RegisterScreen.js": {"path":"C:\\Users\\ilkka\\OneDrive\\Tiedostot\\cs\\fullstack_web_1\\share-expenses\\react-native-frontend\\screens\\user\\RegisterScreen.js","statementMap":{"0":{"start":{"line":4,"column":23},"end":{"line":9,"column":1}},"1":{"start":{"line":6,"column":1},"end":{"line":8,"column":2}}},"fnMap":{"0":{"name":"(anonymous_0)","decl":{"start":{"line":4,"column":23},"end":{"line":4,"column":24}},"loc":{"start":{"line":4,"column":29},"end":{"line":9,"column":1}},"line":4}},"branchMap":{},"s":{"0":1,"1":2},"f":{"0":2},"b":{},"_coverageSchema":"1a1c01bbd47fc00a2c39e90264f33305004495a9","hash":"14b85b564bf31c074ec08706e91994871ae70664"}
,"C:\\Users\\ilkka\\OneDrive\\Tiedostot\\cs\\fullstack_web_1\\share-expenses\\react-native-frontend\\services\\appService.js": {"path":"C:\\Users\\ilkka\\OneDrive\\Tiedostot\\cs\\fullstack_web_1\\share-expenses\\react-native-frontend\\services\\appService.js","statementMap":{"0":{"start":{"line":2,"column":15},"end":{"line":2,"column":49}},"1":{"start":{"line":6,"column":21},"end":{"line":36,"column":1}},"2":{"start":{"line":37,"column":21},"end":{"line":71,"column":1}},"3":{"start":{"line":73,"column":19},"end":{"line":92,"column":1}},"4":{"start":{"line":94,"column":21},"end":{"line":116,"column":1}},"5":{"start":{"line":117,"column":28},"end":{"line":130,"column":1}},"6":{"start":{"line":132,"column":22},"end":{"line":143,"column":1}},"7":{"start":{"line":145,"column":18},"end":{"line":166,"column":1}},"8":{"start":{"line":147,"column":19},"end":{"line":152,"column":2}},"9":{"start":{"line":154,"column":14},"end":{"line":157,"column":2}},"10":{"start":{"line":159,"column":16},"end":{"line":163,"column":2}},"11":{"start":{"line":165,"column":1},"end":{"line":165,"column":46}},"12":{"start":{"line":168,"column":20},"end":{"line":193,"column":1}},"13":{"start":{"line":170,"column":1},"end":{"line":170,"column":19}},"14":{"start":{"line":172,"column":19},"end":{"line":179,"column":2}},"15":{"start":{"line":176,"column":33},"end":{"line":176,"column":40}},"16":{"start":{"line":177,"column":37},"end":{"line":177,"column":46}},"17":{"start":{"line":181,"column":14},"end":{"line":184,"column":2}},"18":{"start":{"line":186,"column":16},"end":{"line":190,"column":2}},"19":{"start":{"line":192,"column":1},"end":{"line":192,"column":46}},"20":{"start":{"line":195,"column":18},"end":{"line":208,"column":1}},"21":{"start":{"line":197,"column":14},"end":{"line":199,"column":2}},"22":{"start":{"line":201,"column":16},"end":{"line":205,"column":2}},"23":{"start":{"line":207,"column":1},"end":{"line":207,"column":46}},"24":{"start":{"line":210,"column":20},"end":{"line":227,"column":1}},"25":{"start":{"line":211,"column":19},"end":{"line":213,"column":2}},"26":{"start":{"line":215,"column":14},"end":{"line":218,"column":2}},"27":{"start":{"line":220,"column":16},"end":{"line":224,"column":2}},"28":{"start":{"line":226,"column":1},"end":{"line":226,"column":46}},"29":{"start":{"line":230,"column":25},"end":{"line":248,"column":1}},"30":{"start":{"line":231,"column":19},"end":{"line":234,"column":2}},"31":{"start":{"line":236,"column":14},"end":{"line":239,"column":2}},"32":{"start":{"line":241,"column":16},"end":{"line":245,"column":2}},"33":{"start":{"line":247,"column":1},"end":{"line":247,"column":46}},"34":{"start":{"line":250,"column":21},"end":{"line":267,"column":1}},"35":{"start":{"line":251,"column":19},"end":{"line":253,"column":2}},"36":{"start":{"line":255,"column":14},"end":{"line":258,"column":2}},"37":{"start":{"line":260,"column":16},"end":{"line":264,"column":2}},"38":{"start":{"line":266,"column":1},"end":{"line":266,"column":46}}},"fnMap":{"0":{"name":"(anonymous_0)","decl":{"start":{"line":145,"column":18},"end":{"line":145,"column":19}},"loc":{"start":{"line":145,"column":35},"end":{"line":166,"column":1}},"line":145},"1":{"name":"(anonymous_1)","decl":{"start":{"line":168,"column":20},"end":{"line":168,"column":21}},"loc":{"start":{"line":168,"column":37},"end":{"line":193,"column":1}},"line":168},"2":{"name":"(anonymous_2)","decl":{"start":{"line":176,"column":25},"end":{"line":176,"column":26}},"loc":{"start":{"line":176,"column":33},"end":{"line":176,"column":40}},"line":176},"3":{"name":"(anonymous_3)","decl":{"start":{"line":177,"column":27},"end":{"line":177,"column":28}},"loc":{"start":{"line":177,"column":37},"end":{"line":177,"column":46}},"line":177},"4":{"name":"(anonymous_4)","decl":{"start":{"line":195,"column":18},"end":{"line":195,"column":19}},"loc":{"start":{"line":195,"column":30},"end":{"line":208,"column":1}},"line":195},"5":{"name":"(anonymous_5)","decl":{"start":{"line":210,"column":20},"end":{"line":210,"column":21}},"loc":{"start":{"line":210,"column":32},"end":{"line":227,"column":1}},"line":210},"6":{"name":"(anonymous_6)","decl":{"start":{"line":230,"column":25},"end":{"line":230,"column":26}},"loc":{"start":{"line":230,"column":41},"end":{"line":248,"column":1}},"line":230},"7":{"name":"(anonymous_7)","decl":{"start":{"line":250,"column":21},"end":{"line":250,"column":22}},"loc":{"start":{"line":250,"column":33},"end":{"line":267,"column":1}},"line":250}},"branchMap":{},"s":{"0":3,"1":3,"2":3,"3":3,"4":3,"5":3,"6":3,"7":3,"8":0,"9":0,"10":0,"11":0,"12":3,"13":0,"14":0,"15":0,"16":0,"17":0,"18":0,"19":0,"20":3,"21":2,"22":2,"23":2,"24":3,"25":0,"26":0,"27":0,"28":0,"29":3,"30":0,"31":0,"32":0,"33":0,"34":3,"35":0,"36":0,"37":0,"38":0},"f":{"0":0,"1":0,"2":0,"3":0,"4":2,"5":0,"6":0,"7":0},"b":{},"_coverageSchema":"1a1c01bbd47fc00a2c39e90264f33305004495a9","hash":"ad6dbd06d89227c0b6b47130eddb437a73c156d6"}
,"C:\\Users\\ilkka\\OneDrive\\Tiedostot\\cs\\fullstack_web_1\\share-expenses\\react-native-frontend\\services\\userService.js": {"path":"C:\\Users\\ilkka\\OneDrive\\Tiedostot\\cs\\fullstack_web_1\\share-expenses\\react-native-frontend\\services\\userService.js","statementMap":{"0":{"start":{"line":2,"column":15},"end":{"line":2,"column":49}},"1":{"start":{"line":6,"column":17},"end":{"line":22,"column":1}},"2":{"start":{"line":23,"column":14},"end":{"line":39,"column":1}},"3":{"start":{"line":40,"column":11},"end":{"line":47,"column":1}},"4":{"start":{"line":49,"column":17},"end":{"line":60,"column":1}},"5":{"start":{"line":50,"column":19},"end":{"line":50,"column":79}},"6":{"start":{"line":51,"column":18},"end":{"line":57,"column":3}},"7":{"start":{"line":59,"column":1},"end":{"line":59,"column":16}},"8":{"start":{"line":62,"column":14},"end":{"line":73,"column":1}},"9":{"start":{"line":63,"column":19},"end":{"line":63,"column":79}},"10":{"start":{"line":64,"column":18},"end":{"line":70,"column":3}},"11":{"start":{"line":72,"column":1},"end":{"line":72,"column":16}},"12":{"start":{"line":75,"column":11},"end":{"line":85,"column":1}},"13":{"start":{"line":77,"column":16},"end":{"line":81,"column":2}},"14":{"start":{"line":82,"column":18},"end":{"line":82,"column":65}},"15":{"start":{"line":84,"column":1},"end":{"line":84,"column":16}}},"fnMap":{"0":{"name":"(anonymous_0)","decl":{"start":{"line":49,"column":17},"end":{"line":49,"column":18}},"loc":{"start":{"line":49,"column":38},"end":{"line":60,"column":1}},"line":49},"1":{"name":"(anonymous_1)","decl":{"start":{"line":62,"column":14},"end":{"line":62,"column":15}},"loc":{"start":{"line":62,"column":35},"end":{"line":73,"column":1}},"line":62},"2":{"name":"(anonymous_2)","decl":{"start":{"line":75,"column":11},"end":{"line":75,"column":12}},"loc":{"start":{"line":75,"column":23},"end":{"line":85,"column":1}},"line":75}},"branchMap":{},"s":{"0":4,"1":4,"2":4,"3":4,"4":4,"5":2,"6":2,"7":1,"8":4,"9":2,"10":2,"11":0,"12":4,"13":0,"14":0,"15":0},"f":{"0":2,"1":2,"2":0},"b":{},"_coverageSchema":"1a1c01bbd47fc00a2c39e90264f33305004495a9","hash":"72fdfc743fefae68732e0839e3f2779ebda50f07"}
,"C:\\Users\\ilkka\\OneDrive\\Tiedostot\\cs\\fullstack_web_1\\share-expenses\\react-native-frontend\\services\\util.js": {"path":"C:\\Users\\ilkka\\OneDrive\\Tiedostot\\cs\\fullstack_web_1\\share-expenses\\react-native-frontend\\services\\util.js","statementMap":{"0":{"start":{"line":3,"column":2},"end":{"line":3,"column":19}},"1":{"start":{"line":7,"column":2},"end":{"line":7,"column":35}},"2":{"start":{"line":11,"column":13},"end":{"line":11,"column":23}}},"fnMap":{"0":{"name":"(anonymous_0)","decl":{"start":{"line":2,"column":1},"end":{"line":2,"column":2}},"loc":{"start":{"line":2,"column":15},"end":{"line":4,"column":2}},"line":2},"1":{"name":"(anonymous_1)","decl":{"start":{"line":6,"column":1},"end":{"line":6,"column":2}},"loc":{"start":{"line":6,"column":20},"end":{"line":8,"column":2}},"line":6}},"branchMap":{},"s":{"0":7,"1":0,"2":7},"f":{"0":7,"1":0},"b":{},"_coverageSchema":"1a1c01bbd47fc00a2c39e90264f33305004495a9","hash":"9f4ed9519a7c991bd5010bfd6e5e01ecdc4fbc57"}
,"C:\\Users\\ilkka\\OneDrive\\Tiedostot\\cs\\fullstack_web_1\\share-expenses\\react-native-frontend\\store\\actions\\groups.js": {"path":"C:\\Users\\ilkka\\OneDrive\\Tiedostot\\cs\\fullstack_web_1\\share-expenses\\react-native-frontend\\store\\actions\\groups.js","statementMap":{"0":{"start":{"line":3,"column":23},"end":{"line":10,"column":1}},"1":{"start":{"line":4,"column":1},"end":{"line":9,"column":2}},"2":{"start":{"line":5,"column":2},"end":{"line":8,"column":4}},"3":{"start":{"line":12,"column":22},"end":{"line":19,"column":1}},"4":{"start":{"line":13,"column":1},"end":{"line":18,"column":2}},"5":{"start":{"line":14,"column":2},"end":{"line":17,"column":4}},"6":{"start":{"line":21,"column":16},"end":{"line":28,"column":1}},"7":{"start":{"line":22,"column":1},"end":{"line":27,"column":2}},"8":{"start":{"line":23,"column":2},"end":{"line":26,"column":4}},"9":{"start":{"line":30,"column":25},"end":{"line":37,"column":1}},"10":{"start":{"line":31,"column":1},"end":{"line":36,"column":2}},"11":{"start":{"line":32,"column":2},"end":{"line":35,"column":4}},"12":{"start":{"line":39,"column":25},"end":{"line":46,"column":1}},"13":{"start":{"line":40,"column":1},"end":{"line":45,"column":2}},"14":{"start":{"line":41,"column":2},"end":{"line":44,"column":4}},"15":{"start":{"line":48,"column":20},"end":{"line":69,"column":1}},"16":{"start":{"line":49,"column":1},"end":{"line":68,"column":2}},"17":{"start":{"line":51,"column":2},"end":{"line":53,"column":4}},"18":{"start":{"line":55,"column":19},"end":{"line":55,"column":54}},"19":{"start":{"line":57,"column":2},"end":{"line":62,"column":3}},"20":{"start":{"line":58,"column":3},"end":{"line":61,"column":5}},"21":{"start":{"line":64,"column":2},"end":{"line":67,"column":4}},"22":{"start":{"line":71,"column":18},"end":{"line":92,"column":1}},"23":{"start":{"line":72,"column":1},"end":{"line":91,"column":2}},"24":{"start":{"line":74,"column":2},"end":{"line":76,"column":4}},"25":{"start":{"line":78,"column":19},"end":{"line":78,"column":52}},"26":{"start":{"line":80,"column":2},"end":{"line":85,"column":3}},"27":{"start":{"line":81,"column":3},"end":{"line":84,"column":5}},"28":{"start":{"line":87,"column":2},"end":{"line":90,"column":4}},"29":{"start":{"line":94,"column":18},"end":{"line":115,"column":1}},"30":{"start":{"line":95,"column":1},"end":{"line":114,"column":2}},"31":{"start":{"line":97,"column":2},"end":{"line":99,"column":4}},"32":{"start":{"line":101,"column":19},"end":{"line":101,"column":47}},"33":{"start":{"line":103,"column":2},"end":{"line":108,"column":3}},"34":{"start":{"line":104,"column":3},"end":{"line":107,"column":5}},"35":{"start":{"line":110,"column":2},"end":{"line":113,"column":4}},"36":{"start":{"line":117,"column":20},"end":{"line":138,"column":1}},"37":{"start":{"line":118,"column":1},"end":{"line":137,"column":2}},"38":{"start":{"line":120,"column":2},"end":{"line":122,"column":4}},"39":{"start":{"line":124,"column":19},"end":{"line":124,"column":51}},"40":{"start":{"line":126,"column":2},"end":{"line":131,"column":3}},"41":{"start":{"line":127,"column":3},"end":{"line":130,"column":5}},"42":{"start":{"line":133,"column":2},"end":{"line":136,"column":4}},"43":{"start":{"line":140,"column":25},"end":{"line":161,"column":1}},"44":{"start":{"line":141,"column":1},"end":{"line":160,"column":2}},"45":{"start":{"line":143,"column":2},"end":{"line":145,"column":4}},"46":{"start":{"line":147,"column":19},"end":{"line":147,"column":71}},"47":{"start":{"line":149,"column":2},"end":{"line":154,"column":3}},"48":{"start":{"line":150,"column":3},"end":{"line":153,"column":5}},"49":{"start":{"line":156,"column":2},"end":{"line":159,"column":4}},"50":{"start":{"line":163,"column":21},"end":{"line":184,"column":1}},"51":{"start":{"line":164,"column":1},"end":{"line":183,"column":2}},"52":{"start":{"line":166,"column":2},"end":{"line":168,"column":4}},"53":{"start":{"line":170,"column":19},"end":{"line":170,"column":52}},"54":{"start":{"line":172,"column":2},"end":{"line":177,"column":3}},"55":{"start":{"line":173,"column":3},"end":{"line":176,"column":5}},"56":{"start":{"line":179,"column":2},"end":{"line":182,"column":4}},"57":{"start":{"line":186,"column":20},"end":{"line":193,"column":1}},"58":{"start":{"line":187,"column":1},"end":{"line":192,"column":2}},"59":{"start":{"line":188,"column":2},"end":{"line":191,"column":4}}},"fnMap":{"0":{"name":"(anonymous_0)","decl":{"start":{"line":3,"column":23},"end":{"line":3,"column":24}},"loc":{"start":{"line":3,"column":32},"end":{"line":10,"column":1}},"line":3},"1":{"name":"(anonymous_1)","decl":{"start":{"line":4,"column":8},"end":{"line":4,"column":9}},"loc":{"start":{"line":4,"column":20},"end":{"line":9,"column":2}},"line":4},"2":{"name":"(anonymous_2)","decl":{"start":{"line":12,"column":22},"end":{"line":12,"column":23}},"loc":{"start":{"line":12,"column":33},"end":{"line":19,"column":1}},"line":12},"3":{"name":"(anonymous_3)","decl":{"start":{"line":13,"column":8},"end":{"line":13,"column":9}},"loc":{"start":{"line":13,"column":26},"end":{"line":18,"column":2}},"line":13},"4":{"name":"(anonymous_4)","decl":{"start":{"line":21,"column":16},"end":{"line":21,"column":17}},"loc":{"start":{"line":21,"column":26},"end":{"line":28,"column":1}},"line":21},"5":{"name":"(anonymous_5)","decl":{"start":{"line":22,"column":8},"end":{"line":22,"column":9}},"loc":{"start":{"line":22,"column":26},"end":{"line":27,"column":2}},"line":22},"6":{"name":"(anonymous_6)","decl":{"start":{"line":30,"column":25},"end":{"line":30,"column":26}},"loc":{"start":{"line":30,"column":39},"end":{"line":37,"column":1}},"line":30},"7":{"name":"(anonymous_7)","decl":{"start":{"line":31,"column":8},"end":{"line":31,"column":9}},"loc":{"start":{"line":31,"column":26},"end":{"line":36,"column":2}},"line":31},"8":{"name":"(anonymous_8)","decl":{"start":{"line":39,"column":25},"end":{"line":39,"column":26}},"loc":{"start":{"line":39,"column":37},"end":{"line":46,"column":1}},"line":39},"9":{"name":"(anonymous_9)","decl":{"start":{"line":40,"column":8},"end":{"line":40,"column":9}},"loc":{"start":{"line":40,"column":26},"end":{"line":45,"column":2}},"line":40},"10":{"name":"(anonymous_10)","decl":{"start":{"line":48,"column":20},"end":{"line":48,"column":21}},"loc":{"start":{"line":48,"column":32},"end":{"line":69,"column":1}},"line":48},"11":{"name":"(anonymous_11)","decl":{"start":{"line":49,"column":8},"end":{"line":49,"column":9}},"loc":{"start":{"line":49,"column":26},"end":{"line":68,"column":2}},"line":49},"12":{"name":"(anonymous_12)","decl":{"start":{"line":71,"column":18},"end":{"line":71,"column":19}},"loc":{"start":{"line":71,"column":30},"end":{"line":92,"column":1}},"line":71},"13":{"name":"(anonymous_13)","decl":{"start":{"line":72,"column":8},"end":{"line":72,"column":9}},"loc":{"start":{"line":72,"column":26},"end":{"line":91,"column":2}},"line":72},"14":{"name":"(anonymous_14)","decl":{"start":{"line":94,"column":18},"end":{"line":94,"column":19}},"loc":{"start":{"line":94,"column":25},"end":{"line":115,"column":1}},"line":94},"15":{"name":"(anonymous_15)","decl":{"start":{"line":95,"column":8},"end":{"line":95,"column":9}},"loc":{"start":{"line":95,"column":26},"end":{"line":114,"column":2}},"line":95},"16":{"name":"(anonymous_16)","decl":{"start":{"line":117,"column":20},"end":{"line":117,"column":21}},"loc":{"start":{"line":117,"column":27},"end":{"line":138,"column":1}},"line":117},"17":{"name":"(anonymous_17)","decl":{"start":{"line":118,"column":8},"end":{"line":118,"column":9}},"loc":{"start":{"line":118,"column":26},"end":{"line":137,"column":2}},"line":118},"18":{"name":"(anonymous_18)","decl":{"start":{"line":140,"column":25},"end":{"line":140,"column":26}},"loc":{"start":{"line":140,"column":49},"end":{"line":161,"column":1}},"line":140},"19":{"name":"(anonymous_19)","decl":{"start":{"line":141,"column":8},"end":{"line":141,"column":9}},"loc":{"start":{"line":141,"column":26},"end":{"line":160,"column":2}},"line":141},"20":{"name":"(anonymous_20)","decl":{"start":{"line":163,"column":21},"end":{"line":163,"column":22}},"loc":{"start":{"line":163,"column":27},"end":{"line":184,"column":1}},"line":163},"21":{"name":"(anonymous_21)","decl":{"start":{"line":164,"column":8},"end":{"line":164,"column":9}},"loc":{"start":{"line":164,"column":26},"end":{"line":183,"column":2}},"line":164},"22":{"name":"(anonymous_22)","decl":{"start":{"line":186,"column":20},"end":{"line":186,"column":21}},"loc":{"start":{"line":186,"column":29},"end":{"line":193,"column":1}},"line":186},"23":{"name":"(anonymous_23)","decl":{"start":{"line":187,"column":8},"end":{"line":187,"column":9}},"loc":{"start":{"line":187,"column":20},"end":{"line":192,"column":2}},"line":187}},"branchMap":{"0":{"loc":{"start":{"line":57,"column":2},"end":{"line":62,"column":3}},"type":"if","locations":[{"start":{"line":57,"column":2},"end":{"line":62,"column":3}},{"start":{"line":57,"column":2},"end":{"line":62,"column":3}}],"line":57},"1":{"loc":{"start":{"line":57,"column":6},"end":{"line":57,"column":66}},"type":"binary-expr","locations":[{"start":{"line":57,"column":6},"end":{"line":57,"column":45}},{"start":{"line":57,"column":49},"end":{"line":57,"column":66}}],"line":57},"2":{"loc":{"start":{"line":80,"column":2},"end":{"line":85,"column":3}},"type":"if","locations":[{"start":{"line":80,"column":2},"end":{"line":85,"column":3}},{"start":{"line":80,"column":2},"end":{"line":85,"column":3}}],"line":80},"3":{"loc":{"start":{"line":80,"column":6},"end":{"line":80,"column":66}},"type":"binary-expr","locations":[{"start":{"line":80,"column":6},"end":{"line":80,"column":45}},{"start":{"line":80,"column":49},"end":{"line":80,"column":66}}],"line":80},"4":{"loc":{"start":{"line":103,"column":2},"end":{"line":108,"column":3}},"type":"if","locations":[{"start":{"line":103,"column":2},"end":{"line":108,"column":3}},{"start":{"line":103,"column":2},"end":{"line":108,"column":3}}],"line":103},"5":{"loc":{"start":{"line":103,"column":6},"end":{"line":103,"column":64}},"type":"binary-expr","locations":[{"start":{"line":103,"column":6},"end":{"line":103,"column":43}},{"start":{"line":103,"column":47},"end":{"line":103,"column":64}}],"line":103},"6":{"loc":{"start":{"line":126,"column":2},"end":{"line":131,"column":3}},"type":"if","locations":[{"start":{"line":126,"column":2},"end":{"line":131,"column":3}},{"start":{"line":126,"column":2},"end":{"line":131,"column":3}}],"line":126},"7":{"loc":{"start":{"line":126,"column":6},"end":{"line":126,"column":66}},"type":"binary-expr","locations":[{"start":{"line":126,"column":6},"end":{"line":126,"column":45}},{"start":{"line":126,"column":49},"end":{"line":126,"column":66}}],"line":126},"8":{"loc":{"start":{"line":149,"column":2},"end":{"line":154,"column":3}},"type":"if","locations":[{"start":{"line":149,"column":2},"end":{"line":154,"column":3}},{"start":{"line":149,"column":2},"end":{"line":154,"column":3}}],"line":149},"9":{"loc":{"start":{"line":149,"column":6},"end":{"line":149,"column":71}},"type":"binary-expr","locations":[{"start":{"line":149,"column":6},"end":{"line":149,"column":50}},{"start":{"line":149,"column":54},"end":{"line":149,"column":71}}],"line":149},"10":{"loc":{"start":{"line":172,"column":2},"end":{"line":177,"column":3}},"type":"if","locations":[{"start":{"line":172,"column":2},"end":{"line":177,"column":3}},{"start":{"line":172,"column":2},"end":{"line":177,"column":3}}],"line":172},"11":{"loc":{"start":{"line":172,"column":6},"end":{"line":172,"column":67}},"type":"binary-expr","locations":[{"start":{"line":172,"column":6},"end":{"line":172,"column":46}},{"start":{"line":172,"column":50},"end":{"line":172,"column":67}}],"line":172}},"s":{"0":3,"1":0,"2":0,"3":3,"4":0,"5":0,"6":3,"7":0,"8":0,"9":3,"10":0,"11":0,"12":3,"13":0,"14":0,"15":3,"16":0,"17":0,"18":0,"19":0,"20":0,"21":0,"22":3,"23":0,"24":0,"25":0,"26":0,"27":0,"28":0,"29":3,"30":2,"31":2,"32":2,"33":0,"34":0,"35":0,"36":3,"37":0,"38":0,"39":0,"40":0,"41":0,"42":0,"43":3,"44":0,"45":0,"46":0,"47":0,"48":0,"49":0,"50":3,"51":0,"52":0,"53":0,"54":0,"55":0,"56":0,"57":3,"58":0,"59":0},"f":{"0":0,"1":0,"2":0,"3":0,"4":0,"5":0,"6":0,"7":0,"8":0,"9":0,"10":0,"11":0,"12":0,"13":0,"14":2,"15":2,"16":0,"17":0,"18":0,"19":0,"20":0,"21":0,"22":0,"23":0},"b":{"0":[0,0],"1":[0,0],"2":[0,0],"3":[0,0],"4":[0,0],"5":[0,0],"6":[0,0],"7":[0,0],"8":[0,0],"9":[0,0],"10":[0,0],"11":[0,0]},"_coverageSchema":"1a1c01bbd47fc00a2c39e90264f33305004495a9","hash":"dd7142fbfa1a6b050c52009a3cde571f90502c2b"}
,"C:\\Users\\ilkka\\OneDrive\\Tiedostot\\cs\\fullstack_web_1\\share-expenses\\react-native-frontend\\store\\actions\\user.js": {"path":"C:\\Users\\ilkka\\OneDrive\\Tiedostot\\cs\\fullstack_web_1\\share-expenses\\react-native-frontend\\store\\actions\\user.js","statementMap":{"0":{"start":{"line":6,"column":21},"end":{"line":31,"column":1}},"1":{"start":{"line":7,"column":1},"end":{"line":30,"column":2}},"2":{"start":{"line":9,"column":2},"end":{"line":11,"column":4}},"3":{"start":{"line":13,"column":19},"end":{"line":13,"column":58}},"4":{"start":{"line":15,"column":2},"end":{"line":20,"column":3}},"5":{"start":{"line":16,"column":3},"end":{"line":19,"column":5}},"6":{"start":{"line":23,"column":2},"end":{"line":23,"column":90}},"7":{"start":{"line":25,"column":2},"end":{"line":25,"column":50}},"8":{"start":{"line":26,"column":2},"end":{"line":29,"column":4}},"9":{"start":{"line":33,"column":18},"end":{"line":59,"column":1}},"10":{"start":{"line":35,"column":1},"end":{"line":58,"column":2}},"11":{"start":{"line":37,"column":2},"end":{"line":39,"column":4}},"12":{"start":{"line":41,"column":19},"end":{"line":41,"column":55}},"13":{"start":{"line":43,"column":2},"end":{"line":48,"column":3}},"14":{"start":{"line":44,"column":3},"end":{"line":47,"column":5}},"15":{"start":{"line":51,"column":2},"end":{"line":51,"column":87}},"16":{"start":{"line":53,"column":2},"end":{"line":53,"column":47}},"17":{"start":{"line":54,"column":2},"end":{"line":57,"column":4}},"18":{"start":{"line":61,"column":17},"end":{"line":68,"column":1}},"19":{"start":{"line":62,"column":1},"end":{"line":67,"column":2}},"20":{"start":{"line":63,"column":2},"end":{"line":66,"column":4}},"21":{"start":{"line":70,"column":20},"end":{"line":77,"column":1}},"22":{"start":{"line":71,"column":1},"end":{"line":76,"column":2}},"23":{"start":{"line":72,"column":2},"end":{"line":75,"column":4}},"24":{"start":{"line":79,"column":28},"end":{"line":100,"column":1}},"25":{"start":{"line":80,"column":1},"end":{"line":99,"column":2}},"26":{"start":{"line":82,"column":2},"end":{"line":84,"column":4}},"27":{"start":{"line":86,"column":17},"end":{"line":86,"column":21}},"28":{"start":{"line":88,"column":23},"end":{"line":88,"column":66}},"29":{"start":{"line":90,"column":2},"end":{"line":93,"column":3}},"30":{"start":{"line":91,"column":3},"end":{"line":91,"column":38}},"31":{"start":{"line":92,"column":3},"end":{"line":92,"column":32}},"32":{"start":{"line":95,"column":2},"end":{"line":98,"column":4}},"33":{"start":{"line":102,"column":19},"end":{"line":115,"column":1}},"34":{"start":{"line":103,"column":1},"end":{"line":114,"column":2}},"35":{"start":{"line":104,"column":2},"end":{"line":104,"column":19}},"36":{"start":{"line":105,"column":2},"end":{"line":107,"column":4}},"37":{"start":{"line":109,"column":2},"end":{"line":109,"column":55}},"38":{"start":{"line":111,"column":2},"end":{"line":113,"column":4}}},"fnMap":{"0":{"name":"(anonymous_0)","decl":{"start":{"line":6,"column":21},"end":{"line":6,"column":22}},"loc":{"start":{"line":6,"column":46},"end":{"line":31,"column":1}},"line":6},"1":{"name":"(anonymous_1)","decl":{"start":{"line":7,"column":8},"end":{"line":7,"column":9}},"loc":{"start":{"line":7,"column":26},"end":{"line":30,"column":2}},"line":7},"2":{"name":"(anonymous_2)","decl":{"start":{"line":33,"column":18},"end":{"line":33,"column":19}},"loc":{"start":{"line":33,"column":43},"end":{"line":59,"column":1}},"line":33},"3":{"name":"(anonymous_3)","decl":{"start":{"line":35,"column":8},"end":{"line":35,"column":9}},"loc":{"start":{"line":35,"column":26},"end":{"line":58,"column":2}},"line":35},"4":{"name":"(anonymous_4)","decl":{"start":{"line":61,"column":17},"end":{"line":61,"column":18}},"loc":{"start":{"line":61,"column":28},"end":{"line":68,"column":1}},"line":61},"5":{"name":"(anonymous_5)","decl":{"start":{"line":62,"column":8},"end":{"line":62,"column":9}},"loc":{"start":{"line":62,"column":20},"end":{"line":67,"column":2}},"line":62},"6":{"name":"(anonymous_6)","decl":{"start":{"line":70,"column":20},"end":{"line":70,"column":21}},"loc":{"start":{"line":70,"column":34},"end":{"line":77,"column":1}},"line":70},"7":{"name":"(anonymous_7)","decl":{"start":{"line":71,"column":8},"end":{"line":71,"column":9}},"loc":{"start":{"line":71,"column":20},"end":{"line":76,"column":2}},"line":71},"8":{"name":"(anonymous_8)","decl":{"start":{"line":79,"column":28},"end":{"line":79,"column":29}},"loc":{"start":{"line":79,"column":34},"end":{"line":100,"column":1}},"line":79},"9":{"name":"(anonymous_9)","decl":{"start":{"line":80,"column":8},"end":{"line":80,"column":9}},"loc":{"start":{"line":80,"column":26},"end":{"line":99,"column":2}},"line":80},"10":{"name":"(anonymous_10)","decl":{"start":{"line":102,"column":19},"end":{"line":102,"column":20}},"loc":{"start":{"line":102,"column":25},"end":{"line":115,"column":1}},"line":102},"11":{"name":"(anonymous_11)","decl":{"start":{"line":103,"column":8},"end":{"line":103,"column":9}},"loc":{"start":{"line":103,"column":26},"end":{"line":114,"column":2}},"line":103}},"branchMap":{"0":{"loc":{"start":{"line":6,"column":22},"end":{"line":6,"column":40}},"type":"default-arg","locations":[{"start":{"line":6,"column":36},"end":{"line":6,"column":40}}],"line":6},"1":{"loc":{"start":{"line":15,"column":2},"end":{"line":20,"column":3}},"type":"if","locations":[{"start":{"line":15,"column":2},"end":{"line":20,"column":3}},{"start":{"line":15,"column":2},"end":{"line":20,"column":3}}],"line":15},"2":{"loc":{"start":{"line":33,"column":19},"end":{"line":33,"column":37}},"type":"default-arg","locations":[{"start":{"line":33,"column":33},"end":{"line":33,"column":37}}],"line":33},"3":{"loc":{"start":{"line":43,"column":2},"end":{"line":48,"column":3}},"type":"if","locations":[{"start":{"line":43,"column":2},"end":{"line":48,"column":3}},{"start":{"line":43,"column":2},"end":{"line":48,"column":3}}],"line":43},"4":{"loc":{"start":{"line":90,"column":2},"end":{"line":93,"column":3}},"type":"if","locations":[{"start":{"line":90,"column":2},"end":{"line":93,"column":3}},{"start":{"line":90,"column":2},"end":{"line":93,"column":3}}],"line":90}},"s":{"0":4,"1":2,"2":2,"3":2,"4":1,"5":1,"6":0,"7":0,"8":0,"9":4,"10":2,"11":2,"12":2,"13":0,"14":0,"15":0,"16":0,"17":0,"18":4,"19":4,"20":4,"21":4,"22":4,"23":4,"24":4,"25":0,"26":0,"27":0,"28":0,"29":0,"30":0,"31":0,"32":0,"33":4,"34":0,"35":0,"36":0,"37":0,"38":0},"f":{"0":2,"1":2,"2":2,"3":2,"4":4,"5":4,"6":4,"7":4,"8":0,"9":0,"10":0,"11":0},"b":{"0":[0],"1":[1,0],"2":[0],"3":[0,0],"4":[0,0]},"_coverageSchema":"1a1c01bbd47fc00a2c39e90264f33305004495a9","hash":"7e7348556e6cf70d2fcf0f12be4b3756ad15ad1d"}
,"C:\\Users\\ilkka\\OneDrive\\Tiedostot\\cs\\fullstack_web_1\\share-expenses\\react-native-frontend\\store\\reducers\\groups.js": {"path":"C:\\Users\\ilkka\\OneDrive\\Tiedostot\\cs\\fullstack_web_1\\share-expenses\\react-native-frontend\\store\\reducers\\groups.js","statementMap":{"0":{"start":{"line":15,"column":17},"end":{"line":15,"column":24}},"1":{"start":{"line":17,"column":21},"end":{"line":31,"column":1}},"2":{"start":{"line":33,"column":21},"end":{"line":154,"column":1}},"3":{"start":{"line":34,"column":1},"end":{"line":153,"column":2}},"4":{"start":{"line":36,"column":2},"end":{"line":39,"column":3}},"5":{"start":{"line":41,"column":2},"end":{"line":44,"column":3}},"6":{"start":{"line":46,"column":2},"end":{"line":49,"column":3}},"7":{"start":{"line":51,"column":2},"end":{"line":54,"column":3}},"8":{"start":{"line":56,"column":2},"end":{"line":59,"column":3}},"9":{"start":{"line":61,"column":2},"end":{"line":66,"column":3}},"10":{"start":{"line":68,"column":2},"end":{"line":75,"column":3}},"11":{"start":{"line":77,"column":2},"end":{"line":82,"column":3}},"12":{"start":{"line":84,"column":2},"end":{"line":88,"column":3}},"13":{"start":{"line":90,"column":2},"end":{"line":95,"column":3}},"14":{"start":{"line":97,"column":2},"end":{"line":102,"column":3}},"15":{"start":{"line":104,"column":2},"end":{"line":107,"column":3}},"16":{"start":{"line":109,"column":2},"end":{"line":112,"column":3}},"17":{"start":{"line":111,"column":48},"end":{"line":111,"column":82}},"18":{"start":{"line":114,"column":2},"end":{"line":117,"column":3}},"19":{"start":{"line":119,"column":2},"end":{"line":122,"column":3}},"20":{"start":{"line":124,"column":2},"end":{"line":127,"column":3}},"21":{"start":{"line":129,"column":2},"end":{"line":135,"column":3}},"22":{"start":{"line":131,"column":45},"end":{"line":131,"column":96}},"23":{"start":{"line":137,"column":2},"end":{"line":140,"column":3}},"24":{"start":{"line":142,"column":2},"end":{"line":145,"column":3}},"25":{"start":{"line":144,"column":89},"end":{"line":144,"column":112}},"26":{"start":{"line":147,"column":2},"end":{"line":151,"column":3}},"27":{"start":{"line":150,"column":45},"end":{"line":150,"column":96}},"28":{"start":{"line":152,"column":10},"end":{"line":152,"column":22}}},"fnMap":{"0":{"name":"(anonymous_0)","decl":{"start":{"line":33,"column":21},"end":{"line":33,"column":22}},"loc":{"start":{"line":33,"column":55},"end":{"line":154,"column":1}},"line":33},"1":{"name":"(anonymous_1)","decl":{"start":{"line":111,"column":39},"end":{"line":111,"column":40}},"loc":{"start":{"line":111,"column":48},"end":{"line":111,"column":82}},"line":111},"2":{"name":"(anonymous_2)","decl":{"start":{"line":131,"column":36},"end":{"line":131,"column":37}},"loc":{"start":{"line":131,"column":45},"end":{"line":131,"column":96}},"line":131},"3":{"name":"(anonymous_3)","decl":{"start":{"line":144,"column":79},"end":{"line":144,"column":80}},"loc":{"start":{"line":144,"column":89},"end":{"line":144,"column":112}},"line":144},"4":{"name":"(anonymous_4)","decl":{"start":{"line":150,"column":36},"end":{"line":150,"column":37}},"loc":{"start":{"line":150,"column":45},"end":{"line":150,"column":96}},"line":150}},"branchMap":{"0":{"loc":{"start":{"line":33,"column":22},"end":{"line":33,"column":42}},"type":"default-arg","locations":[{"start":{"line":33,"column":30},"end":{"line":33,"column":42}}],"line":33},"1":{"loc":{"start":{"line":34,"column":1},"end":{"line":153,"column":2}},"type":"switch","locations":[{"start":{"line":35,"column":1},"end":{"line":39,"column":3}},{"start":{"line":40,"column":1},"end":{"line":44,"column":3}},{"start":{"line":45,"column":1},"end":{"line":49,"column":3}},{"start":{"line":50,"column":1},"end":{"line":54,"column":3}},{"start":{"line":55,"column":1},"end":{"line":59,"column":3}},{"start":{"line":60,"column":1},"end":{"line":66,"column":3}},{"start":{"line":67,"column":1},"end":{"line":75,"column":3}},{"start":{"line":76,"column":1},"end":{"line":82,"column":3}},{"start":{"line":83,"column":1},"end":{"line":88,"column":3}},{"start":{"line":89,"column":1},"end":{"line":95,"column":3}},{"start":{"line":96,"column":1},"end":{"line":102,"column":3}},{"start":{"line":103,"column":1},"end":{"line":107,"column":3}},{"start":{"line":108,"column":1},"end":{"line":112,"column":3}},{"start":{"line":113,"column":1},"end":{"line":117,"column":3}},{"start":{"line":118,"column":1},"end":{"line":122,"column":3}},{"start":{"line":123,"column":1},"end":{"line":127,"column":3}},{"start":{"line":128,"column":1},"end":{"line":135,"column":3}},{"start":{"line":136,"column":1},"end":{"line":140,"column":3}},{"start":{"line":141,"column":1},"end":{"line":145,"column":3}},{"start":{"line":146,"column":1},"end":{"line":151,"column":3}},{"start":{"line":152,"column":1},"end":{"line":152,"column":22}}],"line":34},"2":{"loc":{"start":{"line":38,"column":16},"end":{"line":38,"column":70}},"type":"cond-expr","locations":[{"start":{"line":38,"column":31},"end":{"line":38,"column":43}},{"start":{"line":38,"column":46},"end":{"line":38,"column":70}}],"line":38},"3":{"loc":{"start":{"line":131,"column":45},"end":{"line":131,"column":96}},"type":"cond-expr","locations":[{"start":{"line":131,"column":76},"end":{"line":131,"column":88}},{"start":{"line":131,"column":91},"end":{"line":131,"column":96}}],"line":131},"4":{"loc":{"start":{"line":150,"column":45},"end":{"line":150,"column":96}},"type":"cond-expr","locations":[{"start":{"line":150,"column":76},"end":{"line":150,"column":88}},{"start":{"line":150,"column":91},"end":{"line":150,"column":96}}],"line":150}},"s":{"0":3,"1":3,"2":3,"3":20,"4":1,"5":1,"6":0,"7":1,"8":1,"9":1,"10":1,"11":1,"12":1,"13":1,"14":1,"15":1,"16":1,"17":0,"18":1,"19":1,"20":1,"21":1,"22":0,"23":1,"24":1,"25":0,"26":1,"27":0,"28":1},"f":{"0":20,"1":0,"2":0,"3":0,"4":0},"b":{"0":[1],"1":[1,1,0,1,1,1,1,1,1,1,1,1,1,1,1,1,1,1,1,1,1],"2":[1,0],"3":[0,0],"4":[0,0]},"_coverageSchema":"1a1c01bbd47fc00a2c39e90264f33305004495a9","hash":"d591aaa8216230495bb516488898cdbc18e91dcf"}
,"C:\\Users\\ilkka\\OneDrive\\Tiedostot\\cs\\fullstack_web_1\\share-expenses\\react-native-frontend\\store\\reducers\\user.js": {"path":"C:\\Users\\ilkka\\OneDrive\\Tiedostot\\cs\\fullstack_web_1\\share-expenses\\react-native-frontend\\store\\reducers\\user.js","statementMap":{"0":{"start":{"line":3,"column":99},"end":{"line":3,"column":110}},"1":{"start":{"line":5,"column":21},"end":{"line":14,"column":1}},"2":{"start":{"line":16,"column":20},"end":{"line":101,"column":1}},"3":{"start":{"line":17,"column":1},"end":{"line":100,"column":2}},"4":{"start":{"line":19,"column":2},"end":{"line":22,"column":3}},"5":{"start":{"line":24,"column":2},"end":{"line":27,"column":3}},"6":{"start":{"line":29,"column":2},"end":{"line":34,"column":3}},"7":{"start":{"line":36,"column":2},"end":{"line":44,"column":3}},"8":{"start":{"line":46,"column":2},"end":{"line":51,"column":3}},"9":{"start":{"line":53,"column":2},"end":{"line":59,"column":3}},"10":{"start":{"line":61,"column":2},"end":{"line":69,"column":3}},"11":{"start":{"line":71,"column":2},"end":{"line":76,"column":3}},"12":{"start":{"line":78,"column":2},"end":{"line":81,"column":3}},"13":{"start":{"line":83,"column":2},"end":{"line":87,"column":3}},"14":{"start":{"line":89,"column":2},"end":{"line":93,"column":3}},"15":{"start":{"line":95,"column":2},"end":{"line":98,"column":3}},"16":{"start":{"line":99,"column":10},"end":{"line":99,"column":22}}},"fnMap":{"0":{"name":"(anonymous_0)","decl":{"start":{"line":16,"column":20},"end":{"line":16,"column":21}},"loc":{"start":{"line":16,"column":54},"end":{"line":101,"column":1}},"line":16}},"branchMap":{"0":{"loc":{"start":{"line":16,"column":21},"end":{"line":16,"column":41}},"type":"default-arg","locations":[{"start":{"line":16,"column":29},"end":{"line":16,"column":41}}],"line":16},"1":{"loc":{"start":{"line":17,"column":1},"end":{"line":100,"column":2}},"type":"switch","locations":[{"start":{"line":18,"column":1},"end":{"line":22,"column":3}},{"start":{"line":23,"column":1},"end":{"line":27,"column":3}},{"start":{"line":28,"column":1},"end":{"line":34,"column":3}},{"start":{"line":35,"column":1},"end":{"line":44,"column":3}},{"start":{"line":45,"column":1},"end":{"line":51,"column":3}},{"start":{"line":52,"column":1},"end":{"line":59,"column":3}},{"start":{"line":60,"column":1},"end":{"line":69,"column":3}},{"start":{"line":70,"column":1},"end":{"line":76,"column":3}},{"start":{"line":77,"column":1},"end":{"line":81,"column":3}},{"start":{"line":82,"column":1},"end":{"line":87,"column":3}},{"start":{"line":88,"column":1},"end":{"line":93,"column":3}},{"start":{"line":94,"column":1},"end":{"line":98,"column":3}},{"start":{"line":99,"column":1},"end":{"line":99,"column":22}}],"line":17},"2":{"loc":{"start":{"line":85,"column":13},"end":{"line":85,"column":53}},"type":"cond-expr","locations":[{"start":{"line":85,"column":31},"end":{"line":85,"column":46}},{"start":{"line":85,"column":49},"end":{"line":85,"column":53}}],"line":85}},"s":{"0":4,"1":4,"2":4,"3":14,"4":1,"5":1,"6":2,"7":1,"8":1,"9":1,"10":1,"11":1,"12":1,"13":1,"14":1,"15":1,"16":1},"f":{"0":14},"b":{"0":[1],"1":[1,1,2,1,1,1,1,1,1,1,1,1,1],"2":[1,0]},"_coverageSchema":"1a1c01bbd47fc00a2c39e90264f33305004495a9","hash":"ca3561a2d4395f41dc8994814388a9075be21bf2"}
}
