{"C:\\Users\\ilkka\\OneDrive\\Tiedostot\\cs\\fullstack_web_1\\share-expenses\\react-native-frontend\\components\\forms\\LoginForm.js": {"path":"C:\\Users\\ilkka\\OneDrive\\Tiedostot\\cs\\fullstack_web_1\\share-expenses\\react-native-frontend\\components\\forms\\LoginForm.js","statementMap":{"0":{"start":{"line":10,"column":18},"end":{"line":53,"column":1}},"1":{"start":{"line":12,"column":27},"end":{"line":12,"column":39}},"2":{"start":{"line":13,"column":33},"end":{"line":13,"column":45}},"3":{"start":{"line":15,"column":23},"end":{"line":17,"column":2}},"4":{"start":{"line":16,"column":2},"end":{"line":16,"column":36}},"5":{"start":{"line":19,"column":1},"end":{"line":52,"column":2}},"6":{"start":{"line":32,"column":28},"end":{"line":32,"column":42}},"7":{"start":{"line":41,"column":28},"end":{"line":41,"column":45}},"8":{"start":{"line":55,"column":15},"end":{"line":57,"column":2}},"9":{"start":{"line":59,"column":0},"end":{"line":65,"column":1}},"10":{"start":{"line":67,"column":24},"end":{"line":74,"column":1}},"11":{"start":{"line":68,"column":1},"end":{"line":73,"column":2}},"12":{"start":{"line":76,"column":27},"end":{"line":81,"column":12}}},"fnMap":{"0":{"name":"(anonymous_0)","decl":{"start":{"line":10,"column":18},"end":{"line":10,"column":19}},"loc":{"start":{"line":10,"column":27},"end":{"line":53,"column":1}},"line":10},"1":{"name":"(anonymous_1)","decl":{"start":{"line":15,"column":23},"end":{"line":15,"column":24}},"loc":{"start":{"line":15,"column":29},"end":{"line":17,"column":2}},"line":15},"2":{"name":"(anonymous_2)","decl":{"start":{"line":32,"column":20},"end":{"line":32,"column":21}},"loc":{"start":{"line":32,"column":28},"end":{"line":32,"column":42}},"line":32},"3":{"name":"(anonymous_3)","decl":{"start":{"line":41,"column":20},"end":{"line":41,"column":21}},"loc":{"start":{"line":41,"column":28},"end":{"line":41,"column":45}},"line":41},"4":{"name":"(anonymous_4)","decl":{"start":{"line":67,"column":24},"end":{"line":67,"column":25}},"loc":{"start":{"line":67,"column":35},"end":{"line":74,"column":1}},"line":67}},"branchMap":{},"s":{"0":2,"1":2,"2":2,"3":2,"4":1,"5":2,"6":0,"7":0,"8":2,"9":2,"10":2,"11":2,"12":2},"f":{"0":2,"1":1,"2":0,"3":0,"4":2},"b":{},"_coverageSchema":"1a1c01bbd47fc00a2c39e90264f33305004495a9","hash":"f9777888ed2f14b7ecb9bc5f0835b160a7c7810e"}
,"C:\\Users\\ilkka\\OneDrive\\Tiedostot\\cs\\fullstack_web_1\\share-expenses\\react-native-frontend\\components\\forms\\RegisterForm.js": {"path":"C:\\Users\\ilkka\\OneDrive\\Tiedostot\\cs\\fullstack_web_1\\share-expenses\\react-native-frontend\\components\\forms\\RegisterForm.js","statementMap":{"0":{"start":{"line":8,"column":21},"end":{"line":51,"column":1}},"1":{"start":{"line":10,"column":27},"end":{"line":10,"column":39}},"2":{"start":{"line":11,"column":33},"end":{"line":11,"column":45}},"3":{"start":{"line":13,"column":23},"end":{"line":15,"column":2}},"4":{"start":{"line":14,"column":2},"end":{"line":14,"column":39}},"5":{"start":{"line":17,"column":1},"end":{"line":50,"column":2}},"6":{"start":{"line":30,"column":28},"end":{"line":30,"column":42}},"7":{"start":{"line":39,"column":28},"end":{"line":39,"column":45}},"8":{"start":{"line":53,"column":15},"end":{"line":55,"column":2}},"9":{"start":{"line":57,"column":0},"end":{"line":63,"column":1}},"10":{"start":{"line":65,"column":24},"end":{"line":71,"column":1}},"11":{"start":{"line":66,"column":1},"end":{"line":70,"column":2}},"12":{"start":{"line":73,"column":30},"end":{"line":78,"column":15}}},"fnMap":{"0":{"name":"(anonymous_0)","decl":{"start":{"line":8,"column":21},"end":{"line":8,"column":22}},"loc":{"start":{"line":8,"column":30},"end":{"line":51,"column":1}},"line":8},"1":{"name":"(anonymous_1)","decl":{"start":{"line":13,"column":23},"end":{"line":13,"column":24}},"loc":{"start":{"line":13,"column":29},"end":{"line":15,"column":2}},"line":13},"2":{"name":"(anonymous_2)","decl":{"start":{"line":30,"column":20},"end":{"line":30,"column":21}},"loc":{"start":{"line":30,"column":28},"end":{"line":30,"column":42}},"line":30},"3":{"name":"(anonymous_3)","decl":{"start":{"line":39,"column":20},"end":{"line":39,"column":21}},"loc":{"start":{"line":39,"column":28},"end":{"line":39,"column":45}},"line":39},"4":{"name":"(anonymous_4)","decl":{"start":{"line":65,"column":24},"end":{"line":65,"column":25}},"loc":{"start":{"line":65,"column":35},"end":{"line":71,"column":1}},"line":65}},"branchMap":{},"s":{"0":2,"1":2,"2":2,"3":2,"4":1,"5":2,"6":0,"7":0,"8":2,"9":2,"10":2,"11":2,"12":2},"f":{"0":2,"1":1,"2":0,"3":0,"4":2},"b":{},"_coverageSchema":"1a1c01bbd47fc00a2c39e90264f33305004495a9","hash":"c3e18271873e00cb1907eef5f42e06ce4a852bba"}
,"C:\\Users\\ilkka\\OneDrive\\Tiedostot\\cs\\fullstack_web_1\\share-expenses\\react-native-frontend\\components\\groups\\Group.js": {"path":"C:\\Users\\ilkka\\OneDrive\\Tiedostot\\cs\\fullstack_web_1\\share-expenses\\react-native-frontend\\components\\groups\\Group.js","statementMap":{"0":{"start":{"line":5,"column":14},"end":{"line":15,"column":1}},"1":{"start":{"line":6,"column":1},"end":{"line":14,"column":2}},"2":{"start":{"line":17,"column":15},"end":{"line":35,"column":2}},"3":{"start":{"line":37,"column":0},"end":{"line":42,"column":1}}},"fnMap":{"0":{"name":"(anonymous_0)","decl":{"start":{"line":5,"column":14},"end":{"line":5,"column":15}},"loc":{"start":{"line":5,"column":42},"end":{"line":15,"column":1}},"line":5}},"branchMap":{},"s":{"0":1,"1":1,"2":1,"3":1},"f":{"0":1},"b":{},"_coverageSchema":"1a1c01bbd47fc00a2c39e90264f33305004495a9","hash":"91be5c365b2f0f7d6946f7ab2205490583ea1001"}
,"C:\\Users\\ilkka\\OneDrive\\Tiedostot\\cs\\fullstack_web_1\\share-expenses\\react-native-frontend\\components\\groups\\GroupListItem.js": {"path":"C:\\Users\\ilkka\\OneDrive\\Tiedostot\\cs\\fullstack_web_1\\share-expenses\\react-native-frontend\\components\\groups\\GroupListItem.js","statementMap":{"0":{"start":{"line":6,"column":22},"end":{"line":21,"column":1}},"1":{"start":{"line":7,"column":1},"end":{"line":20,"column":2}},"2":{"start":{"line":23,"column":15},"end":{"line":47,"column":2}},"3":{"start":{"line":49,"column":0},"end":{"line":54,"column":1}}},"fnMap":{"0":{"name":"(anonymous_0)","decl":{"start":{"line":6,"column":22},"end":{"line":6,"column":23}},"loc":{"start":{"line":6,"column":64},"end":{"line":21,"column":1}},"line":6}},"branchMap":{},"s":{"0":1,"1":1,"2":1,"3":1},"f":{"0":1},"b":{},"_coverageSchema":"1a1c01bbd47fc00a2c39e90264f33305004495a9","hash":"f2ac8033477288fcfef61f000b7a38ff5e8d97ac"}
,"C:\\Users\\ilkka\\OneDrive\\Tiedostot\\cs\\fullstack_web_1\\share-expenses\\react-native-frontend\\components\\pages\\Home.js": {"path":"C:\\Users\\ilkka\\OneDrive\\Tiedostot\\cs\\fullstack_web_1\\share-expenses\\react-native-frontend\\components\\pages\\Home.js","statementMap":{"0":{"start":{"line":7,"column":13},"end":{"line":31,"column":1}},"1":{"start":{"line":9,"column":1},"end":{"line":9,"column":19}},"2":{"start":{"line":11,"column":31},"end":{"line":13,"column":2}},"3":{"start":{"line":12,"column":2},"end":{"line":12,"column":43}},"4":{"start":{"line":15,"column":28},"end":{"line":17,"column":2}},"5":{"start":{"line":16,"column":2},"end":{"line":16,"column":40}},"6":{"start":{"line":19,"column":1},"end":{"line":30,"column":2}},"7":{"start":{"line":33,"column":15},"end":{"line":40,"column":2}},"8":{"start":{"line":42,"column":0},"end":{"line":45,"column":1}},"9":{"start":{"line":47,"column":24},"end":{"line":51,"column":1}},"10":{"start":{"line":48,"column":1},"end":{"line":50,"column":2}},"11":{"start":{"line":53,"column":22},"end":{"line":53,"column":56}}},"fnMap":{"0":{"name":"(anonymous_0)","decl":{"start":{"line":7,"column":13},"end":{"line":7,"column":14}},"loc":{"start":{"line":7,"column":22},"end":{"line":31,"column":1}},"line":7},"1":{"name":"(anonymous_1)","decl":{"start":{"line":11,"column":31},"end":{"line":11,"column":32}},"loc":{"start":{"line":11,"column":37},"end":{"line":13,"column":2}},"line":11},"2":{"name":"(anonymous_2)","decl":{"start":{"line":15,"column":28},"end":{"line":15,"column":29}},"loc":{"start":{"line":15,"column":34},"end":{"line":17,"column":2}},"line":15},"3":{"name":"(anonymous_3)","decl":{"start":{"line":47,"column":24},"end":{"line":47,"column":25}},"loc":{"start":{"line":47,"column":35},"end":{"line":51,"column":1}},"line":47}},"branchMap":{},"s":{"0":1,"1":3,"2":3,"3":1,"4":3,"5":1,"6":3,"7":1,"8":1,"9":1,"10":3,"11":1},"f":{"0":3,"1":1,"2":1,"3":3},"b":{},"_coverageSchema":"1a1c01bbd47fc00a2c39e90264f33305004495a9","hash":"a5628d099c3e1784877a36077abe39138102c92c"}
,"C:\\Users\\ilkka\\OneDrive\\Tiedostot\\cs\\fullstack_web_1\\share-expenses\\react-native-frontend\\constants\\Colors.js": {"path":"C:\\Users\\ilkka\\OneDrive\\Tiedostot\\cs\\fullstack_web_1\\share-expenses\\react-native-frontend\\constants\\Colors.js","statementMap":{},"fnMap":{},"branchMap":{},"s":{},"f":{},"b":{},"_coverageSchema":"1a1c01bbd47fc00a2c39e90264f33305004495a9","hash":"f7e24e0d55b8b2363099a5cefa06a116e3f72982"}
,"C:\\Users\\ilkka\\OneDrive\\Tiedostot\\cs\\fullstack_web_1\\share-expenses\\react-native-frontend\\data\\dummy-data.js": {"path":"C:\\Users\\ilkka\\OneDrive\\Tiedostot\\cs\\fullstack_web_1\\share-expenses\\react-native-frontend\\data\\dummy-data.js","statementMap":{"0":{"start":{"line":3,"column":15},"end":{"line":18,"column":1}}},"fnMap":{},"branchMap":{},"s":{"0":3},"f":{},"b":{},"_coverageSchema":"1a1c01bbd47fc00a2c39e90264f33305004495a9","hash":"c6be3a4c62527b142838a4ba6eec7b8167eaa3f0"}
,"C:\\Users\\ilkka\\OneDrive\\Tiedostot\\cs\\fullstack_web_1\\share-expenses\\react-native-frontend\\models\\group.js": {"path":"C:\\Users\\ilkka\\OneDrive\\Tiedostot\\cs\\fullstack_web_1\\share-expenses\\react-native-frontend\\models\\group.js","statementMap":{"0":{"start":{"line":3,"column":2},"end":{"line":3,"column":14}},"1":{"start":{"line":4,"column":2},"end":{"line":4,"column":24}},"2":{"start":{"line":5,"column":2},"end":{"line":5,"column":20}},"3":{"start":{"line":6,"column":2},"end":{"line":6,"column":22}},"4":{"start":{"line":7,"column":2},"end":{"line":7,"column":20}}},"fnMap":{"0":{"name":"(anonymous_0)","decl":{"start":{"line":2,"column":1},"end":{"line":2,"column":2}},"loc":{"start":{"line":2,"column":48},"end":{"line":8,"column":2}},"line":2}},"branchMap":{},"s":{"0":6,"1":6,"2":6,"3":6,"4":6},"f":{"0":6},"b":{},"_coverageSchema":"1a1c01bbd47fc00a2c39e90264f33305004495a9","hash":"5c7c1bdd5e9706575f1c0e00bc25825fceda5812"}
,"C:\\Users\\ilkka\\OneDrive\\Tiedostot\\cs\\fullstack_web_1\\share-expenses\\react-native-frontend\\navigation\\WelcomeNavigation.js": {"path":"C:\\Users\\ilkka\\OneDrive\\Tiedostot\\cs\\fullstack_web_1\\share-expenses\\react-native-frontend\\navigation\\WelcomeNavigation.js","statementMap":{"0":{"start":{"line":11,"column":21},"end":{"line":11,"column":43}},"1":{"start":{"line":13,"column":25},"end":{"line":53,"column":1}},"2":{"start":{"line":15,"column":1},"end":{"line":52,"column":2}},"3":{"start":{"line":55,"column":0},"end":{"line":57,"column":1}}},"fnMap":{"0":{"name":"(anonymous_0)","decl":{"start":{"line":13,"column":25},"end":{"line":13,"column":26}},"loc":{"start":{"line":13,"column":58},"end":{"line":53,"column":1}},"line":13}},"branchMap":{"0":{"loc":{"start":{"line":13,"column":28},"end":{"line":13,"column":51}},"type":"default-arg","locations":[{"start":{"line":13,"column":43},"end":{"line":13,"column":51}}],"line":13},"1":{"loc":{"start":{"line":20,"column":21},"end":{"line":20,"column":73}},"type":"cond-expr","locations":[{"start":{"line":20,"column":49},"end":{"line":20,"column":56}},{"start":{"line":20,"column":59},"end":{"line":20,"column":73}}],"line":20},"2":{"loc":{"start":{"line":22,"column":22},"end":{"line":22,"column":69}},"type":"cond-expr","locations":[{"start":{"line":22,"column":50},"end":{"line":22,"column":64}},{"start":{"line":22,"column":67},"end":{"line":22,"column":69}}],"line":22}},"s":{"0":1,"1":1,"2":3,"3":1},"f":{"0":3},"b":{"0":[3],"1":[0,3],"2":[0,3]},"_coverageSchema":"1a1c01bbd47fc00a2c39e90264f33305004495a9","hash":"5580ace5117b9ad0f3b83e5c600594722323af25"}
,"C:\\Users\\ilkka\\OneDrive\\Tiedostot\\cs\\fullstack_web_1\\share-expenses\\react-native-frontend\\screens\\splash\\SplashScreen.js": {"path":"C:\\Users\\ilkka\\OneDrive\\Tiedostot\\cs\\fullstack_web_1\\share-expenses\\react-native-frontend\\screens\\splash\\SplashScreen.js","statementMap":{"0":{"start":{"line":5,"column":21},"end":{"line":9,"column":1}},"1":{"start":{"line":6,"column":1},"end":{"line":8,"column":2}},"2":{"start":{"line":11,"column":0},"end":{"line":13,"column":1}}},"fnMap":{"0":{"name":"(anonymous_0)","decl":{"start":{"line":5,"column":21},"end":{"line":5,"column":22}},"loc":{"start":{"line":5,"column":39},"end":{"line":9,"column":1}},"line":5}},"branchMap":{},"s":{"0":1,"1":3,"2":1},"f":{"0":3},"b":{},"_coverageSchema":"1a1c01bbd47fc00a2c39e90264f33305004495a9","hash":"af1cc06e23c05c260418c4bafa5b276e642b8c29"}
,"C:\\Users\\ilkka\\OneDrive\\Tiedostot\\cs\\fullstack_web_1\\share-expenses\\react-native-frontend\\screens\\user\\LoginScreen.js": {"path":"C:\\Users\\ilkka\\OneDrive\\Tiedostot\\cs\\fullstack_web_1\\share-expenses\\react-native-frontend\\screens\\user\\LoginScreen.js","statementMap":{"0":{"start":{"line":4,"column":20},"end":{"line":6,"column":1}},"1":{"start":{"line":5,"column":1},"end":{"line":5,"column":21}}},"fnMap":{"0":{"name":"(anonymous_0)","decl":{"start":{"line":4,"column":20},"end":{"line":4,"column":21}},"loc":{"start":{"line":4,"column":26},"end":{"line":6,"column":1}},"line":4}},"branchMap":{},"s":{"0":1,"1":1},"f":{"0":1},"b":{},"_coverageSchema":"1a1c01bbd47fc00a2c39e90264f33305004495a9","hash":"e17162dab552bc151ddffc6bcecb1d8904632a17"}
,"C:\\Users\\ilkka\\OneDrive\\Tiedostot\\cs\\fullstack_web_1\\share-expenses\\react-native-frontend\\screens\\user\\RegisterScreen.js": {"path":"C:\\Users\\ilkka\\OneDrive\\Tiedostot\\cs\\fullstack_web_1\\share-expenses\\react-native-frontend\\screens\\user\\RegisterScreen.js","statementMap":{"0":{"start":{"line":4,"column":23},"end":{"line":9,"column":1}},"1":{"start":{"line":6,"column":1},"end":{"line":8,"column":2}}},"fnMap":{"0":{"name":"(anonymous_0)","decl":{"start":{"line":4,"column":23},"end":{"line":4,"column":24}},"loc":{"start":{"line":4,"column":29},"end":{"line":9,"column":1}},"line":4}},"branchMap":{},"s":{"0":1,"1":1},"f":{"0":1},"b":{},"_coverageSchema":"1a1c01bbd47fc00a2c39e90264f33305004495a9","hash":"14b85b564bf31c074ec08706e91994871ae70664"}
,"C:\\Users\\ilkka\\OneDrive\\Tiedostot\\cs\\fullstack_web_1\\share-expenses\\react-native-frontend\\services\\appService.js": {"path":"C:\\Users\\ilkka\\OneDrive\\Tiedostot\\cs\\fullstack_web_1\\share-expenses\\react-native-frontend\\services\\appService.js","statementMap":{"0":{"start":{"line":2,"column":16},"end":{"line":2,"column":28}},"1":{"start":{"line":4,"column":12},"end":{"line":4,"column":16}},"2":{"start":{"line":6,"column":17},"end":{"line":8,"column":1}},"3":{"start":{"line":7,"column":1},"end":{"line":7,"column":29}},"4":{"start":{"line":10,"column":15},"end":{"line":13,"column":1}},"5":{"start":{"line":11,"column":17},"end":{"line":11,"column":41}},"6":{"start":{"line":12,"column":1},"end":{"line":12,"column":20}},"7":{"start":{"line":15,"column":15},"end":{"line":22,"column":1}},"8":{"start":{"line":16,"column":16},"end":{"line":18,"column":2}},"9":{"start":{"line":20,"column":18},"end":{"line":20,"column":62}},"10":{"start":{"line":21,"column":1},"end":{"line":21,"column":21}},"11":{"start":{"line":24,"column":15},"end":{"line":31,"column":1}},"12":{"start":{"line":25,"column":16},"end":{"line":27,"column":2}},"13":{"start":{"line":29,"column":18},"end":{"line":29,"column":72}},"14":{"start":{"line":30,"column":1},"end":{"line":30,"column":21}},"15":{"start":{"line":33,"column":15},"end":{"line":39,"column":1}},"16":{"start":{"line":34,"column":16},"end":{"line":36,"column":2}},"17":{"start":{"line":38,"column":1},"end":{"line":38,"column":47}}},"fnMap":{"0":{"name":"(anonymous_0)","decl":{"start":{"line":6,"column":17},"end":{"line":6,"column":18}},"loc":{"start":{"line":6,"column":29},"end":{"line":8,"column":1}},"line":6},"1":{"name":"(anonymous_1)","decl":{"start":{"line":10,"column":15},"end":{"line":10,"column":16}},"loc":{"start":{"line":10,"column":27},"end":{"line":13,"column":1}},"line":10},"2":{"name":"(anonymous_2)","decl":{"start":{"line":15,"column":15},"end":{"line":15,"column":16}},"loc":{"start":{"line":15,"column":34},"end":{"line":22,"column":1}},"line":15},"3":{"name":"(anonymous_3)","decl":{"start":{"line":24,"column":15},"end":{"line":24,"column":16}},"loc":{"start":{"line":24,"column":40},"end":{"line":31,"column":1}},"line":24},"4":{"name":"(anonymous_4)","decl":{"start":{"line":33,"column":15},"end":{"line":33,"column":16}},"loc":{"start":{"line":33,"column":27},"end":{"line":39,"column":1}},"line":33}},"branchMap":{},"s":{"0":5,"1":5,"2":5,"3":0,"4":5,"5":0,"6":0,"7":5,"8":0,"9":0,"10":0,"11":5,"12":0,"13":0,"14":0,"15":5,"16":0,"17":0},"f":{"0":0,"1":0,"2":0,"3":0,"4":0},"b":{},"_coverageSchema":"1a1c01bbd47fc00a2c39e90264f33305004495a9","hash":"645917be0e4b9b4465a88dc5a702ccfeaa546699"}
,"C:\\Users\\ilkka\\OneDrive\\Tiedostot\\cs\\fullstack_web_1\\share-expenses\\react-native-frontend\\services\\userService.js": {"path":"C:\\Users\\ilkka\\OneDrive\\Tiedostot\\cs\\fullstack_web_1\\share-expenses\\react-native-frontend\\services\\userService.js","statementMap":{"0":{"start":{"line":2,"column":15},"end":{"line":2,"column":46}},"1":{"start":{"line":4,"column":17},"end":{"line":20,"column":1}},"2":{"start":{"line":21,"column":14},"end":{"line":37,"column":1}},"3":{"start":{"line":39,"column":17},"end":{"line":50,"column":1}},"4":{"start":{"line":40,"column":19},"end":{"line":40,"column":79}},"5":{"start":{"line":41,"column":18},"end":{"line":47,"column":3}},"6":{"start":{"line":49,"column":1},"end":{"line":49,"column":16}},"7":{"start":{"line":52,"column":14},"end":{"line":63,"column":1}},"8":{"start":{"line":53,"column":19},"end":{"line":53,"column":79}},"9":{"start":{"line":54,"column":18},"end":{"line":60,"column":3}},"10":{"start":{"line":62,"column":1},"end":{"line":62,"column":16}}},"fnMap":{"0":{"name":"(anonymous_0)","decl":{"start":{"line":39,"column":17},"end":{"line":39,"column":18}},"loc":{"start":{"line":39,"column":38},"end":{"line":50,"column":1}},"line":39},"1":{"name":"(anonymous_1)","decl":{"start":{"line":52,"column":14},"end":{"line":52,"column":15}},"loc":{"start":{"line":52,"column":35},"end":{"line":63,"column":1}},"line":52}},"branchMap":{},"s":{"0":5,"1":5,"2":5,"3":5,"4":0,"5":0,"6":0,"7":5,"8":0,"9":0,"10":0},"f":{"0":0,"1":0},"b":{},"_coverageSchema":"1a1c01bbd47fc00a2c39e90264f33305004495a9","hash":"24c70cdacd2fdbab7cffc55803d9923516fd93a5"}
,"C:\\Users\\ilkka\\OneDrive\\Tiedostot\\cs\\fullstack_web_1\\share-expenses\\react-native-frontend\\store\\store.js": {"path":"C:\\Users\\ilkka\\OneDrive\\Tiedostot\\cs\\fullstack_web_1\\share-expenses\\react-native-frontend\\store\\store.js","statementMap":{"0":{"start":{"line":7,"column":20},"end":{"line":10,"column":2}},"1":{"start":{"line":13,"column":1},"end":{"line":13,"column":56}}},"fnMap":{"0":{"name":"configureStore","decl":{"start":{"line":12,"column":24},"end":{"line":12,"column":38}},"loc":{"start":{"line":12,"column":41},"end":{"line":14,"column":1}},"line":12}},"branchMap":{},"s":{"0":3,"1":5},"f":{"0":5},"b":{},"_coverageSchema":"1a1c01bbd47fc00a2c39e90264f33305004495a9","hash":"ef2c9532b38b733fc0e53d5d88750157de83cec8"}
,"C:\\Users\\ilkka\\OneDrive\\Tiedostot\\cs\\fullstack_web_1\\share-expenses\\react-native-frontend\\store\\actions\\user.js": {"path":"C:\\Users\\ilkka\\OneDrive\\Tiedostot\\cs\\fullstack_web_1\\share-expenses\\react-native-frontend\\store\\actions\\user.js","statementMap":{"0":{"start":{"line":4,"column":21},"end":{"line":26,"column":1}},"1":{"start":{"line":5,"column":1},"end":{"line":25,"column":2}},"2":{"start":{"line":7,"column":2},"end":{"line":9,"column":4}},"3":{"start":{"line":11,"column":19},"end":{"line":11,"column":58}},"4":{"start":{"line":13,"column":2},"end":{"line":18,"column":3}},"5":{"start":{"line":14,"column":3},"end":{"line":17,"column":5}},"6":{"start":{"line":20,"column":2},"end":{"line":20,"column":56}},"7":{"start":{"line":21,"column":2},"end":{"line":24,"column":4}},"8":{"start":{"line":28,"column":18},"end":{"line":51,"column":1}},"9":{"start":{"line":30,"column":1},"end":{"line":50,"column":2}},"10":{"start":{"line":32,"column":2},"end":{"line":34,"column":4}},"11":{"start":{"line":36,"column":19},"end":{"line":36,"column":55}},"12":{"start":{"line":38,"column":2},"end":{"line":43,"column":3}},"13":{"start":{"line":39,"column":3},"end":{"line":42,"column":5}},"14":{"start":{"line":45,"column":2},"end":{"line":45,"column":53}},"15":{"start":{"line":46,"column":2},"end":{"line":49,"column":4}},"16":{"start":{"line":53,"column":20},"end":{"line":60,"column":1}},"17":{"start":{"line":54,"column":1},"end":{"line":59,"column":2}},"18":{"start":{"line":55,"column":2},"end":{"line":58,"column":4}},"19":{"start":{"line":62,"column":20},"end":{"line":69,"column":1}},"20":{"start":{"line":63,"column":1},"end":{"line":68,"column":2}},"21":{"start":{"line":64,"column":2},"end":{"line":67,"column":4}},"22":{"start":{"line":71,"column":28},"end":{"line":90,"column":1}},"23":{"start":{"line":72,"column":1},"end":{"line":89,"column":2}},"24":{"start":{"line":74,"column":2},"end":{"line":76,"column":4}},"25":{"start":{"line":78,"column":17},"end":{"line":78,"column":21}},"26":{"start":{"line":80,"column":2},"end":{"line":83,"column":3}},"27":{"start":{"line":81,"column":3},"end":{"line":81,"column":38}},"28":{"start":{"line":82,"column":3},"end":{"line":82,"column":38}},"29":{"start":{"line":85,"column":2},"end":{"line":88,"column":4}},"30":{"start":{"line":92,"column":19},"end":{"line":102,"column":1}},"31":{"start":{"line":93,"column":1},"end":{"line":101,"column":2}},"32":{"start":{"line":94,"column":2},"end":{"line":94,"column":25}},"33":{"start":{"line":95,"column":2},"end":{"line":97,"column":4}},"34":{"start":{"line":98,"column":2},"end":{"line":100,"column":4}}},"fnMap":{"0":{"name":"(anonymous_0)","decl":{"start":{"line":4,"column":21},"end":{"line":4,"column":22}},"loc":{"start":{"line":4,"column":46},"end":{"line":26,"column":1}},"line":4},"1":{"name":"(anonymous_1)","decl":{"start":{"line":5,"column":8},"end":{"line":5,"column":9}},"loc":{"start":{"line":5,"column":26},"end":{"line":25,"column":2}},"line":5},"2":{"name":"(anonymous_2)","decl":{"start":{"line":28,"column":18},"end":{"line":28,"column":19}},"loc":{"start":{"line":28,"column":43},"end":{"line":51,"column":1}},"line":28},"3":{"name":"(anonymous_3)","decl":{"start":{"line":30,"column":8},"end":{"line":30,"column":9}},"loc":{"start":{"line":30,"column":26},"end":{"line":50,"column":2}},"line":30},"4":{"name":"(anonymous_4)","decl":{"start":{"line":53,"column":20},"end":{"line":53,"column":21}},"loc":{"start":{"line":53,"column":27},"end":{"line":60,"column":1}},"line":53},"5":{"name":"(anonymous_5)","decl":{"start":{"line":54,"column":8},"end":{"line":54,"column":9}},"loc":{"start":{"line":54,"column":20},"end":{"line":59,"column":2}},"line":54},"6":{"name":"(anonymous_6)","decl":{"start":{"line":62,"column":20},"end":{"line":62,"column":21}},"loc":{"start":{"line":62,"column":27},"end":{"line":69,"column":1}},"line":62},"7":{"name":"(anonymous_7)","decl":{"start":{"line":63,"column":8},"end":{"line":63,"column":9}},"loc":{"start":{"line":63,"column":20},"end":{"line":68,"column":2}},"line":63},"8":{"name":"(anonymous_8)","decl":{"start":{"line":71,"column":28},"end":{"line":71,"column":29}},"loc":{"start":{"line":71,"column":51},"end":{"line":90,"column":1}},"line":71},"9":{"name":"(anonymous_9)","decl":{"start":{"line":72,"column":8},"end":{"line":72,"column":9}},"loc":{"start":{"line":72,"column":26},"end":{"line":89,"column":2}},"line":72},"10":{"name":"(anonymous_10)","decl":{"start":{"line":92,"column":19},"end":{"line":92,"column":20}},"loc":{"start":{"line":92,"column":25},"end":{"line":102,"column":1}},"line":92},"11":{"name":"(anonymous_11)","decl":{"start":{"line":93,"column":8},"end":{"line":93,"column":9}},"loc":{"start":{"line":93,"column":26},"end":{"line":101,"column":2}},"line":93}},"branchMap":{"0":{"loc":{"start":{"line":4,"column":22},"end":{"line":4,"column":40}},"type":"default-arg","locations":[{"start":{"line":4,"column":36},"end":{"line":4,"column":40}}],"line":4},"1":{"loc":{"start":{"line":13,"column":2},"end":{"line":18,"column":3}},"type":"if","locations":[{"start":{"line":13,"column":2},"end":{"line":18,"column":3}},{"start":{"line":13,"column":2},"end":{"line":18,"column":3}}],"line":13},"2":{"loc":{"start":{"line":28,"column":19},"end":{"line":28,"column":37}},"type":"default-arg","locations":[{"start":{"line":28,"column":33},"end":{"line":28,"column":37}}],"line":28},"3":{"loc":{"start":{"line":38,"column":2},"end":{"line":43,"column":3}},"type":"if","locations":[{"start":{"line":38,"column":2},"end":{"line":43,"column":3}},{"start":{"line":38,"column":2},"end":{"line":43,"column":3}}],"line":38},"4":{"loc":{"start":{"line":71,"column":29},"end":{"line":71,"column":46}},"type":"default-arg","locations":[{"start":{"line":71,"column":44},"end":{"line":71,"column":46}}],"line":71},"5":{"loc":{"start":{"line":80,"column":2},"end":{"line":83,"column":3}},"type":"if","locations":[{"start":{"line":80,"column":2},"end":{"line":83,"column":3}},{"start":{"line":80,"column":2},"end":{"line":83,"column":3}}],"line":80}},"s":{"0":5,"1":1,"2":0,"3":0,"4":0,"5":0,"6":0,"7":0,"8":5,"9":1,"10":0,"11":0,"12":0,"13":0,"14":0,"15":0,"16":5,"17":0,"18":0,"19":5,"20":0,"21":0,"22":5,"23":0,"24":0,"25":0,"26":0,"27":0,"28":0,"29":0,"30":5,"31":0,"32":0,"33":0,"34":0},"f":{"0":1,"1":0,"2":1,"3":0,"4":0,"5":0,"6":0,"7":0,"8":0,"9":0,"10":0,"11":0},"b":{"0":[0],"1":[0,0],"2":[0],"3":[0,0],"4":[0],"5":[0,0]},"_coverageSchema":"1a1c01bbd47fc00a2c39e90264f33305004495a9","hash":"8ac0e33a06f9445a8133ea5612bf9cf5e1a1ab88"}
,"C:\\Users\\ilkka\\OneDrive\\Tiedostot\\cs\\fullstack_web_1\\share-expenses\\react-native-frontend\\store\\reducers\\groups.js": {"path":"C:\\Users\\ilkka\\OneDrive\\Tiedostot\\cs\\fullstack_web_1\\share-expenses\\react-native-frontend\\store\\reducers\\groups.js","statementMap":{"0":{"start":{"line":3,"column":21},"end":{"line":5,"column":1}},"1":{"start":{"line":8,"column":1},"end":{"line":8,"column":13}}},"fnMap":{"0":{"name":"(anonymous_0)","decl":{"start":{"line":7,"column":15},"end":{"line":7,"column":16}},"loc":{"start":{"line":7,"column":49},"end":{"line":9,"column":1}},"line":7}},"branchMap":{"0":{"loc":{"start":{"line":7,"column":16},"end":{"line":7,"column":36}},"type":"default-arg","locations":[{"start":{"line":7,"column":24},"end":{"line":7,"column":36}}],"line":7}},"s":{"0":3,"1":11},"f":{"0":11},"b":{"0":[11]},"_coverageSchema":"1a1c01bbd47fc00a2c39e90264f33305004495a9","hash":"68d978385639c916f8bd8d46a1133f2b7db7a17c"}
,"C:\\Users\\ilkka\\OneDrive\\Tiedostot\\cs\\fullstack_web_1\\share-expenses\\react-native-frontend\\store\\reducers\\user.js": {"path":"C:\\Users\\ilkka\\OneDrive\\Tiedostot\\cs\\fullstack_web_1\\share-expenses\\react-native-frontend\\store\\reducers\\user.js","statementMap":{"0":{"start":{"line":3,"column":76},"end":{"line":3,"column":87}},"1":{"start":{"line":5,"column":21},"end":{"line":14,"column":1}},"2":{"start":{"line":16,"column":20},"end":{"line":97,"column":1}},"3":{"start":{"line":17,"column":1},"end":{"line":96,"column":2}},"4":{"start":{"line":19,"column":2},"end":{"line":22,"column":3}},"5":{"start":{"line":24,"column":2},"end":{"line":27,"column":3}},"6":{"start":{"line":29,"column":2},"end":{"line":34,"column":3}},"7":{"start":{"line":36,"column":2},"end":{"line":42,"column":3}},"8":{"start":{"line":44,"column":2},"end":{"line":49,"column":3}},"9":{"start":{"line":51,"column":2},"end":{"line":57,"column":3}},"10":{"start":{"line":59,"column":2},"end":{"line":65,"column":3}},"11":{"start":{"line":67,"column":2},"end":{"line":72,"column":3}},"12":{"start":{"line":74,"column":2},"end":{"line":77,"column":3}},"13":{"start":{"line":79,"column":2},"end":{"line":83,"column":3}},"14":{"start":{"line":85,"column":2},"end":{"line":89,"column":3}},"15":{"start":{"line":91,"column":2},"end":{"line":94,"column":3}},"16":{"start":{"line":95,"column":10},"end":{"line":95,"column":22}}},"fnMap":{"0":{"name":"(anonymous_0)","decl":{"start":{"line":16,"column":20},"end":{"line":16,"column":21}},"loc":{"start":{"line":16,"column":54},"end":{"line":97,"column":1}},"line":16}},"branchMap":{"0":{"loc":{"start":{"line":16,"column":21},"end":{"line":16,"column":41}},"type":"default-arg","locations":[{"start":{"line":16,"column":29},"end":{"line":16,"column":41}}],"line":16},"1":{"loc":{"start":{"line":17,"column":1},"end":{"line":96,"column":2}},"type":"switch","locations":[{"start":{"line":18,"column":1},"end":{"line":22,"column":3}},{"start":{"line":23,"column":1},"end":{"line":27,"column":3}},{"start":{"line":28,"column":1},"end":{"line":34,"column":3}},{"start":{"line":35,"column":1},"end":{"line":42,"column":3}},{"start":{"line":43,"column":1},"end":{"line":49,"column":3}},{"start":{"line":50,"column":1},"end":{"line":57,"column":3}},{"start":{"line":58,"column":1},"end":{"line":65,"column":3}},{"start":{"line":66,"column":1},"end":{"line":72,"column":3}},{"start":{"line":73,"column":1},"end":{"line":77,"column":3}},{"start":{"line":78,"column":1},"end":{"line":83,"column":3}},{"start":{"line":84,"column":1},"end":{"line":89,"column":3}},{"start":{"line":90,"column":1},"end":{"line":94,"column":3}},{"start":{"line":95,"column":1},"end":{"line":95,"column":22}}],"line":17},"2":{"loc":{"start":{"line":81,"column":13},"end":{"line":81,"column":53}},"type":"cond-expr","locations":[{"start":{"line":81,"column":31},"end":{"line":81,"column":46}},{"start":{"line":81,"column":49},"end":{"line":81,"column":53}}],"line":81}},"s":{"0":5,"1":5,"2":5,"3":11,"4":0,"5":0,"6":0,"7":0,"8":0,"9":0,"10":0,"11":0,"12":0,"13":0,"14":0,"15":0,"16":11},"f":{"0":11},"b":{"0":[11],"1":[0,0,0,0,0,0,0,0,0,0,0,0,11],"2":[0,0]},"_coverageSchema":"1a1c01bbd47fc00a2c39e90264f33305004495a9","hash":"f0d5582c2c30a86f2327943ccb3dd05d5e3ef997"}
}
