TN:
SF:components\UI\FloatingActionButton.js
FN:7,(anonymous_0)
FN:14,(anonymous_1)
FNF:2
FNH:1
FNDA:3,(anonymous_0)
FNDA:0,(anonymous_1)
DA:7,2
DA:9,3
DA:14,0
DA:20,2
DA:30,2
LF:5
LH:4
BRDA:15,0,0,2
BRDA:15,0,1,1
BRF:2
BRH:2
end_of_record
TN:
SF:components\forms\LoginForm.js
FN:11,(anonymous_0)
FN:15,(anonymous_1)
FN:34,(anonymous_2)
FN:45,(anonymous_3)
FN:80,(anonymous_4)
FNF:5
FNH:5
FNDA:7,(anonymous_0)
FNDA:2,(anonymous_1)
FNDA:2,(anonymous_2)
FNDA:2,(anonymous_3)
FNDA:7,(anonymous_4)
DA:11,2
DA:13,7
DA:15,7
DA:16,2
DA:19,7
DA:34,2
DA:45,2
DA:59,2
DA:68,2
DA:80,2
DA:81,7
DA:91,2
LF:12
LH:12
BRF:0
BRH:0
end_of_record
TN:
SF:components\forms\RegisterForm.js
FN:10,(anonymous_0)
FN:14,(anonymous_1)
FN:32,(anonymous_2)
FN:42,(anonymous_3)
FN:72,(anonymous_4)
FNF:5
FNH:5
FNDA:7,(anonymous_0)
FNDA:2,(anonymous_1)
FNDA:2,(anonymous_2)
FNDA:2,(anonymous_3)
FNDA:7,(anonymous_4)
DA:10,2
DA:12,7
DA:14,7
DA:15,2
DA:18,7
DA:32,2
DA:42,2
DA:56,2
DA:60,2
DA:72,2
DA:73,7
DA:82,2
LF:12
LH:12
BRF:0
BRH:0
end_of_record
TN:
SF:components\groups\Group.js
FN:12,(anonymous_0)
FN:14,(anonymous_1)
FN:29,(anonymous_2)
FN:30,(anonymous_3)
FN:41,(anonymous_4)
FN:73,(anonymous_5)
FNF:6
FNH:2
FNDA:1,(anonymous_0)
FNDA:0,(anonymous_1)
FNDA:0,(anonymous_2)
FNDA:0,(anonymous_3)
FNDA:0,(anonymous_4)
FNDA:1,(anonymous_5)
DA:12,1
DA:14,1
DA:15,0
DA:16,0
DA:19,1
DA:29,0
DA:30,0
DA:41,0
DA:46,1
DA:65,1
DA:73,1
DA:74,1
DA:79,1
LF:13
LH:8
BRF:0
BRH:0
end_of_record
TN:
SF:components\groups\GroupList.js
FN:13,(anonymous_0)
FN:17,(anonymous_1)
FN:21,(anonymous_2)
FN:37,(anonymous_3)
FN:38,(anonymous_4)
FN:41,(anonymous_5)
FN:70,(anonymous_6)
FNF:7
FNH:6
FNDA:2,(anonymous_0)
FNDA:2,(anonymous_1)
FNDA:0,(anonymous_2)
FNDA:6,(anonymous_3)
FNDA:6,(anonymous_4)
FNDA:1,(anonymous_5)
FNDA:2,(anonymous_6)
DA:13,1
DA:15,2
DA:17,2
DA:18,2
DA:21,2
DA:22,0
DA:23,0
DA:26,2
DA:27,0
DA:32,2
DA:37,6
DA:38,6
DA:42,1
DA:55,1
DA:61,1
DA:70,1
DA:71,2
DA:80,1
LF:18
LH:15
BRDA:26,0,0,0
BRDA:26,0,1,2
BRF:2
BRH:1
end_of_record
TN:
SF:components\groups\GroupListItem.js
FN:6,(anonymous_0)
FN:16,(anonymous_1)
FNF:2
FNH:1
FNDA:7,(anonymous_0)
FNDA:0,(anonymous_1)
DA:6,2
DA:7,7
DA:16,0
DA:23,2
DA:49,2
LF:5
LH:4
BRF:0
BRH:0
end_of_record
TN:
SF:components\groups\PersonListItem.js
FN:5,(anonymous_0)
FNF:1
FNH:0
FNDA:0,(anonymous_0)
DA:5,1
DA:7,0
DA:14,1
LF:3
LH:2
BRF:0
BRH:0
end_of_record
TN:
SF:components\pages\Home.js
FN:9,(anonymous_0)
FN:11,(anonymous_1)
FN:15,(anonymous_2)
FN:47,(anonymous_3)
FNF:4
FNH:4
FNDA:3,(anonymous_0)
FNDA:1,(anonymous_1)
FNDA:1,(anonymous_2)
FNDA:3,(anonymous_3)
DA:9,1
DA:11,3
DA:12,1
DA:15,3
DA:16,1
DA:19,3
DA:33,1
DA:42,1
DA:47,1
DA:48,3
DA:53,1
LF:11
LH:11
BRF:0
BRH:0
end_of_record
TN:
SF:constants\Colors.js
FNF:0
FNH:0
LF:0
LH:0
BRF:0
BRH:0
end_of_record
TN:
SF:navigation\WelcomeNavigation.js
FN:13,(anonymous_0)
FNF:1
FNH:1
FNDA:5,(anonymous_0)
DA:11,1
DA:13,1
DA:15,5
DA:55,1
LF:4
LH:4
BRDA:13,0,0,3
BRDA:20,1,0,0
BRDA:20,1,1,5
BRDA:22,2,0,0
BRDA:22,2,1,5
BRF:5
BRH:3
end_of_record
TN:
SF:screens\splash\SplashScreen.js
FN:5,(anonymous_0)
FNF:1
FNH:1
FNDA:3,(anonymous_0)
DA:5,1
DA:6,3
DA:11,1
LF:3
LH:3
BRF:0
BRH:0
end_of_record
TN:
SF:screens\user\LoginScreen.js
FN:4,(anonymous_0)
FNF:1
FNH:1
FNDA:2,(anonymous_0)
DA:4,1
DA:5,2
LF:2
LH:2
BRF:0
BRH:0
end_of_record
TN:
SF:screens\user\RegisterScreen.js
FN:4,(anonymous_0)
FNF:1
FNH:1
FNDA:2,(anonymous_0)
DA:4,1
DA:6,2
LF:2
LH:2
BRF:0
BRH:0
end_of_record
TN:
SF:services\appService.js
FN:145,(anonymous_0)
FN:168,(anonymous_1)
FN:176,(anonymous_2)
FN:177,(anonymous_3)
FN:195,(anonymous_4)
FN:210,(anonymous_5)
FN:230,(anonymous_6)
FN:250,(anonymous_7)
FNF:8
FNH:1
FNDA:0,(anonymous_0)
FNDA:0,(anonymous_1)
FNDA:0,(anonymous_2)
FNDA:0,(anonymous_3)
FNDA:2,(anonymous_4)
FNDA:0,(anonymous_5)
FNDA:0,(anonymous_6)
FNDA:0,(anonymous_7)
DA:2,3
DA:6,3
DA:37,3
DA:73,3
DA:94,3
DA:117,3
DA:132,3
DA:145,3
DA:147,0
DA:154,0
DA:159,0
DA:165,0
DA:168,3
DA:170,0
DA:172,0
DA:176,0
DA:177,0
DA:181,0
DA:186,0
DA:192,0
DA:195,3
DA:197,2
DA:201,2
DA:207,2
DA:210,3
DA:211,0
DA:215,0
DA:220,0
DA:226,0
DA:230,3
DA:231,0
DA:236,0
DA:241,0
DA:247,0
DA:250,3
DA:251,0
DA:255,0
DA:260,0
DA:266,0
LF:39
LH:16
BRF:0
BRH:0
end_of_record
TN:
SF:services\userService.js
FN:49,(anonymous_0)
FN:62,(anonymous_1)
FN:75,(anonymous_2)
FNF:3
FNH:2
FNDA:2,(anonymous_0)
FNDA:2,(anonymous_1)
FNDA:0,(anonymous_2)
DA:2,4
DA:6,4
DA:23,4
DA:40,4
DA:49,4
DA:50,2
DA:51,2
DA:59,1
DA:62,4
DA:63,2
DA:64,2
DA:72,0
DA:75,4
DA:77,0
DA:82,0
DA:84,0
LF:16
LH:12
BRF:0
BRH:0
end_of_record
TN:
SF:services\util.js
FN:2,(anonymous_0)
FN:6,(anonymous_1)
FNF:2
FNH:1
FNDA:7,(anonymous_0)
FNDA:0,(anonymous_1)
DA:3,7
DA:7,0
DA:11,7
LF:3
LH:2
BRF:0
BRH:0
end_of_record
TN:
SF:store\actions\groups.js
FN:3,(anonymous_0)
FN:4,(anonymous_1)
FN:12,(anonymous_2)
FN:13,(anonymous_3)
FN:21,(anonymous_4)
FN:22,(anonymous_5)
FN:30,(anonymous_6)
FN:31,(anonymous_7)
FN:39,(anonymous_8)
FN:40,(anonymous_9)
FN:48,(anonymous_10)
FN:49,(anonymous_11)
FN:71,(anonymous_12)
FN:72,(anonymous_13)
FN:94,(anonymous_14)
FN:95,(anonymous_15)
FN:117,(anonymous_16)
FN:118,(anonymous_17)
FN:140,(anonymous_18)
FN:141,(anonymous_19)
FN:163,(anonymous_20)
FN:164,(anonymous_21)
FN:186,(anonymous_22)
FN:187,(anonymous_23)
FNF:24
FNH:2
FNDA:0,(anonymous_0)
FNDA:0,(anonymous_1)
FNDA:0,(anonymous_2)
FNDA:0,(anonymous_3)
FNDA:0,(anonymous_4)
FNDA:0,(anonymous_5)
FNDA:0,(anonymous_6)
FNDA:0,(anonymous_7)
FNDA:0,(anonymous_8)
FNDA:0,(anonymous_9)
FNDA:0,(anonymous_10)
FNDA:0,(anonymous_11)
FNDA:0,(anonymous_12)
FNDA:0,(anonymous_13)
FNDA:2,(anonymous_14)
FNDA:2,(anonymous_15)
FNDA:0,(anonymous_16)
FNDA:0,(anonymous_17)
FNDA:0,(anonymous_18)
FNDA:0,(anonymous_19)
FNDA:0,(anonymous_20)
FNDA:0,(anonymous_21)
FNDA:0,(anonymous_22)
FNDA:0,(anonymous_23)
DA:3,3
DA:4,0
DA:5,0
DA:12,3
DA:13,0
DA:14,0
DA:21,3
DA:22,0
DA:23,0
DA:30,3
DA:31,0
DA:32,0
DA:39,3
DA:40,0
DA:41,0
DA:48,3
DA:49,0
DA:51,0
DA:55,0
DA:57,0
DA:58,0
DA:64,0
DA:71,3
DA:72,0
DA:74,0
DA:78,0
DA:80,0
DA:81,0
DA:87,0
DA:94,3
DA:95,2
DA:97,2
DA:101,2
DA:103,0
DA:104,0
DA:110,0
DA:117,3
DA:118,0
DA:120,0
DA:124,0
DA:126,0
DA:127,0
DA:133,0
DA:140,3
DA:141,0
DA:143,0
DA:147,0
DA:149,0
DA:150,0
DA:156,0
DA:163,3
DA:164,0
DA:166,0
DA:170,0
DA:172,0
DA:173,0
DA:179,0
DA:186,3
DA:187,0
DA:188,0
LF:60
LH:15
BRDA:57,0,0,0
BRDA:57,0,1,0
BRDA:57,1,0,0
BRDA:57,1,1,0
BRDA:80,2,0,0
BRDA:80,2,1,0
BRDA:80,3,0,0
BRDA:80,3,1,0
BRDA:103,4,0,0
BRDA:103,4,1,0
BRDA:103,5,0,0
BRDA:103,5,1,0
BRDA:126,6,0,0
BRDA:126,6,1,0
BRDA:126,7,0,0
BRDA:126,7,1,0
BRDA:149,8,0,0
BRDA:149,8,1,0
BRDA:149,9,0,0
BRDA:149,9,1,0
BRDA:172,10,0,0
BRDA:172,10,1,0
BRDA:172,11,0,0
BRDA:172,11,1,0
BRF:24
BRH:0
end_of_record
TN:
SF:store\actions\user.js
FN:6,(anonymous_0)
FN:7,(anonymous_1)
FN:33,(anonymous_2)
FN:35,(anonymous_3)
FN:61,(anonymous_4)
FN:62,(anonymous_5)
FN:70,(anonymous_6)
FN:71,(anonymous_7)
FN:79,(anonymous_8)
FN:80,(anonymous_9)
FN:102,(anonymous_10)
FN:103,(anonymous_11)
FNF:12
FNH:8
FNDA:2,(anonymous_0)
FNDA:2,(anonymous_1)
FNDA:2,(anonymous_2)
FNDA:2,(anonymous_3)
FNDA:4,(anonymous_4)
FNDA:4,(anonymous_5)
FNDA:4,(anonymous_6)
FNDA:4,(anonymous_7)
FNDA:0,(anonymous_8)
FNDA:0,(anonymous_9)
FNDA:0,(anonymous_10)
FNDA:0,(anonymous_11)
DA:6,4
DA:7,2
DA:9,2
DA:13,2
DA:15,1
DA:16,1
DA:23,0
DA:25,0
DA:26,0
DA:33,4
DA:35,2
DA:37,2
DA:41,2
DA:43,0
DA:44,0
DA:51,0
DA:53,0
DA:54,0
DA:61,4
DA:62,4
DA:63,4
DA:70,4
DA:71,4
DA:72,4
DA:79,4
DA:80,0
DA:82,0
DA:86,0
DA:88,0
DA:90,0
DA:91,0
DA:92,0
DA:95,0
DA:102,4
DA:103,0
DA:104,0
DA:105,0
DA:109,0
DA:111,0
LF:39
LH:18
BRDA:6,0,0,0
BRDA:15,1,0,1
BRDA:15,1,1,0
BRDA:33,2,0,0
BRDA:43,3,0,0
BRDA:43,3,1,0
BRDA:90,4,0,0
BRDA:90,4,1,0
BRF:8
BRH:1
end_of_record
TN:
SF:store\reducers\groups.js
FN:33,(anonymous_0)
FN:111,(anonymous_1)
FN:131,(anonymous_2)
FN:144,(anonymous_3)
FN:150,(anonymous_4)
FNF:5
FNH:1
FNDA:20,(anonymous_0)
FNDA:0,(anonymous_1)
FNDA:0,(anonymous_2)
FNDA:0,(anonymous_3)
FNDA:0,(anonymous_4)
DA:15,3
DA:17,3
DA:33,3
DA:34,20
DA:36,1
DA:41,1
DA:46,0
DA:51,1
DA:56,1
DA:61,1
DA:68,1
DA:77,1
DA:84,1
DA:90,1
DA:97,1
DA:104,1
DA:109,1
DA:111,0
DA:114,1
DA:119,1
DA:124,1
DA:129,1
DA:131,0
DA:137,1
DA:142,1
DA:144,0
DA:147,1
DA:150,0
DA:152,1
LF:29
LH:24
BRDA:33,0,0,1
BRDA:34,1,0,1
BRDA:34,1,1,1
BRDA:34,1,2,0
BRDA:34,1,3,1
BRDA:34,1,4,1
BRDA:34,1,5,1
BRDA:34,1,6,1
BRDA:34,1,7,1
BRDA:34,1,8,1
BRDA:34,1,9,1
BRDA:34,1,10,1
BRDA:34,1,11,1
BRDA:34,1,12,1
BRDA:34,1,13,1
BRDA:34,1,14,1
BRDA:34,1,15,1
BRDA:34,1,16,1
BRDA:34,1,17,1
BRDA:34,1,18,1
BRDA:34,1,19,1
BRDA:34,1,20,1
BRDA:38,2,0,1
BRDA:38,2,1,0
BRDA:131,3,0,0
BRDA:131,3,1,0
BRDA:150,4,0,0
BRDA:150,4,1,0
BRF:28
BRH:22
end_of_record
TN:
SF:store\reducers\user.js
FN:16,(anonymous_0)
FNF:1
FNH:1
FNDA:14,(anonymous_0)
DA:3,4
DA:5,4
DA:16,4
DA:17,14
DA:19,1
DA:24,1
DA:29,2
DA:36,1
DA:46,1
DA:53,1
DA:61,1
DA:71,1
DA:78,1
DA:83,1
DA:89,1
DA:95,1
DA:99,1
LF:17
LH:17
BRDA:16,0,0,1
BRDA:17,1,0,1
BRDA:17,1,1,1
BRDA:17,1,2,2
BRDA:17,1,3,1
BRDA:17,1,4,1
BRDA:17,1,5,1
BRDA:17,1,6,1
BRDA:17,1,7,1
BRDA:17,1,8,1
BRDA:17,1,9,1
BRDA:17,1,10,1
BRDA:17,1,11,1
BRDA:17,1,12,1
BRDA:85,2,0,1
BRDA:85,2,1,0
BRF:16
BRH:15
end_of_record
