TN:
SF:components\forms\LoginForm.js
FN:10,(anonymous_0)
FN:14,(anonymous_1)
FN:32,(anonymous_2)
FN:42,(anonymous_3)
FN:72,(anonymous_4)
FNF:5
FNH:5
FNDA:7,(anonymous_0)
FNDA:2,(anonymous_1)
FNDA:2,(anonymous_2)
FNDA:2,(anonymous_3)
FNDA:7,(anonymous_4)
DA:10,2
DA:12,7
DA:14,7
DA:15,2
DA:18,7
DA:32,2
DA:42,2
DA:56,2
DA:60,2
DA:72,2
DA:73,7
DA:83,2
LF:12
LH:12
BRF:0
BRH:0
end_of_record
TN:
SF:components\forms\RegisterForm.js
FN:8,(anonymous_0)
FN:12,(anonymous_1)
FN:30,(anonymous_2)
FN:40,(anonymous_3)
FN:70,(anonymous_4)
FNF:5
FNH:5
FNDA:7,(anonymous_0)
FNDA:2,(anonymous_1)
FNDA:2,(anonymous_2)
FNDA:2,(anonymous_3)
FNDA:7,(anonymous_4)
DA:8,2
DA:10,7
DA:12,7
DA:13,2
DA:16,7
DA:30,2
DA:40,2
DA:54,2
DA:58,2
DA:70,2
DA:71,7
DA:80,2
LF:12
LH:12
BRF:0
BRH:0
end_of_record
TN:
SF:components\groups\Group.js
FN:5,(anonymous_0)
FNF:1
FNH:1
FNDA:1,(anonymous_0)
DA:5,1
DA:6,1
DA:17,1
DA:37,1
LF:4
LH:4
BRF:0
BRH:0
end_of_record
TN:
SF:components\groups\GroupListItem.js
FN:6,(anonymous_0)
FNF:1
FNH:1
FNDA:1,(anonymous_0)
DA:6,1
DA:7,1
DA:23,1
DA:49,1
LF:4
LH:4
BRF:0
BRH:0
end_of_record
TN:
SF:components\pages\Home.js
FN:7,(anonymous_0)
FN:9,(anonymous_1)
FN:13,(anonymous_2)
FN:45,(anonymous_3)
FNF:4
FNH:4
FNDA:3,(anonymous_0)
FNDA:1,(anonymous_1)
FNDA:1,(anonymous_2)
FNDA:3,(anonymous_3)
DA:7,1
DA:9,3
DA:10,1
DA:13,3
DA:14,1
DA:17,3
DA:31,1
DA:40,1
DA:45,1
DA:46,3
DA:51,1
LF:11
LH:11
BRF:0
BRH:0
end_of_record
TN:
SF:constants\Colors.js
FNF:0
FNH:0
LF:0
LH:0
BRF:0
BRH:0
end_of_record
TN:
SF:data\dummy-data.js
FNF:0
FNH:0
DA:3,2
LF:1
LH:1
BRF:0
BRH:0
end_of_record
TN:
SF:models\group.js
FN:2,(anonymous_0)
FNF:1
FNH:1
FNDA:4,(anonymous_0)
DA:3,4
DA:4,4
DA:5,4
DA:6,4
DA:7,4
LF:5
LH:5
BRF:0
BRH:0
end_of_record
TN:
SF:navigation\WelcomeNavigation.js
FN:13,(anonymous_0)
FNF:1
FNH:1
FNDA:5,(anonymous_0)
DA:11,1
DA:13,1
DA:15,5
DA:55,1
LF:4
LH:4
BRDA:13,0,0,3
BRDA:20,1,0,0
BRDA:20,1,1,5
BRDA:22,2,0,0
BRDA:22,2,1,5
BRF:5
BRH:3
end_of_record
TN:
SF:screens\splash\SplashScreen.js
FN:5,(anonymous_0)
FNF:1
FNH:1
FNDA:3,(anonymous_0)
DA:5,1
DA:6,3
DA:11,1
LF:3
LH:3
BRF:0
BRH:0
end_of_record
TN:
SF:screens\user\LoginScreen.js
FN:4,(anonymous_0)
FNF:1
FNH:1
FNDA:2,(anonymous_0)
DA:4,1
DA:5,2
LF:2
LH:2
BRF:0
BRH:0
end_of_record
TN:
SF:screens\user\RegisterScreen.js
FN:4,(anonymous_0)
FNF:1
FNH:1
FNDA:2,(anonymous_0)
DA:4,1
DA:6,2
LF:2
LH:2
BRF:0
BRH:0
end_of_record
TN:
SF:services\appService.js
FN:6,(anonymous_0)
FN:10,(anonymous_1)
FN:15,(anonymous_2)
FN:24,(anonymous_3)
FN:33,(anonymous_4)
FNF:5
FNH:0
FNDA:0,(anonymous_0)
FNDA:0,(anonymous_1)
FNDA:0,(anonymous_2)
FNDA:0,(anonymous_3)
FNDA:0,(anonymous_4)
DA:2,5
DA:4,5
DA:6,5
DA:7,0
DA:10,5
DA:11,0
DA:12,0
DA:15,5
DA:16,0
DA:20,0
DA:21,0
DA:24,5
DA:25,0
DA:29,0
DA:30,0
DA:33,5
DA:34,0
DA:38,0
LF:18
LH:7
BRF:0
BRH:0
end_of_record
TN:
SF:services\userService.js
FN:39,(anonymous_0)
FN:52,(anonymous_1)
FNF:2
FNH:2
FNDA:2,(anonymous_0)
FNDA:2,(anonymous_1)
DA:2,5
DA:4,5
DA:21,5
DA:39,5
DA:40,2
DA:41,2
DA:49,0
DA:52,5
DA:53,2
DA:54,2
DA:62,0
LF:11
LH:9
BRF:0
BRH:0
end_of_record
TN:
SF:store\store.js
FN:12,configureStore
FNF:1
FNH:1
FNDA:2,configureStore
DA:7,2
DA:13,2
LF:2
LH:2
BRF:0
BRH:0
end_of_record
TN:
SF:store\actions\user.js
FN:4,(anonymous_0)
FN:5,(anonymous_1)
FN:28,(anonymous_2)
FN:30,(anonymous_3)
FN:53,(anonymous_4)
FN:54,(anonymous_5)
FN:62,(anonymous_6)
FN:63,(anonymous_7)
FN:71,(anonymous_8)
FN:72,(anonymous_9)
FN:92,(anonymous_10)
FN:93,(anonymous_11)
FNF:12
FNH:8
FNDA:2,(anonymous_0)
FNDA:2,(anonymous_1)
FNDA:2,(anonymous_2)
FNDA:2,(anonymous_3)
FNDA:4,(anonymous_4)
FNDA:4,(anonymous_5)
FNDA:4,(anonymous_6)
FNDA:4,(anonymous_7)
FNDA:0,(anonymous_8)
FNDA:0,(anonymous_9)
FNDA:0,(anonymous_10)
FNDA:0,(anonymous_11)
DA:4,5
DA:5,2
DA:7,2
DA:11,2
DA:13,0
DA:14,0
DA:20,0
DA:21,0
DA:28,5
DA:30,2
DA:32,2
DA:36,2
DA:38,0
DA:39,0
DA:45,0
DA:46,0
DA:53,5
DA:54,4
DA:55,4
DA:62,5
DA:63,4
DA:64,4
DA:71,5
DA:72,0
DA:74,0
DA:78,0
DA:80,0
DA:81,0
DA:82,0
DA:85,0
DA:92,5
DA:93,0
DA:94,0
DA:95,0
DA:98,0
LF:35
LH:16
BRDA:4,0,0,0
BRDA:13,1,0,0
BRDA:13,1,1,0
BRDA:28,2,0,0
BRDA:38,3,0,0
BRDA:38,3,1,0
BRDA:71,4,0,0
BRDA:80,5,0,0
BRDA:80,5,1,0
BRF:9
BRH:0
end_of_record
TN:
SF:store\reducers\groups.js
FN:7,(anonymous_0)
FNF:1
FNH:1
FNDA:6,(anonymous_0)
DA:3,2
DA:8,6
LF:2
LH:2
BRDA:7,0,0,6
BRF:1
BRH:1
end_of_record
TN:
SF:store\reducers\user.js
FN:16,(anonymous_0)
FNF:1
FNH:1
FNDA:6,(anonymous_0)
DA:3,5
DA:5,5
DA:16,5
DA:17,6
DA:19,0
DA:24,0
DA:29,0
DA:36,0
DA:46,0
DA:53,0
DA:61,0
DA:71,0
DA:78,0
DA:83,0
DA:89,0
DA:95,0
DA:99,6
LF:17
LH:5
BRDA:16,0,0,6
BRDA:17,1,0,0
BRDA:17,1,1,0
BRDA:17,1,2,0
BRDA:17,1,3,0
BRDA:17,1,4,0
BRDA:17,1,5,0
BRDA:17,1,6,0
BRDA:17,1,7,0
BRDA:17,1,8,0
BRDA:17,1,9,0
BRDA:17,1,10,0
BRDA:17,1,11,0
BRDA:17,1,12,6
BRDA:85,2,0,0
BRDA:85,2,1,0
BRF:16
BRH:2
end_of_record
